<?xml version="1.0" encoding="UTF-8" ?>
<testsuite errors="0" failures="0" name="Apex" tests="2128" time="1803.177" timestamp="2015-08-02T17:22:03">
  <properties />
  <testcase classname="AbstractUniversalObjectTest" name="testFindChildData_GrandChildMatch" time="0.082" />
  <testcase classname="AbstractUniversalObjectTest" name="testFindChildData_ChildMatch" time="0.086" />
  <testcase classname="ABasicSanityTest" name="testDefaultContactRecordTypeIsHousehold" time="0.553" />
  <testcase classname="AbstractUniversalObjectTest" name="testFindChildData_Illegal_ChildDataName" time="0.091" />
  <testcase classname="AccountDonationListControllerTest" name="testEmptyDonationList" time="0.302" />
  <testcase classname="AbstractUniversalObjectTest" name="testValidateExpectedDataName" time="0.081" />
  <testcase classname="AbstractUniversalObjectTest" name="testFindChildData_Illegal_ParentData" time="0.081" />
  <testcase classname="AbstractUniversalObjectTest" name="testFindChildData_NoMatch" time="0.08" />
  <testcase classname="AccountDonationListControllerTest" name="testGetDonationRoles" time="1.659" />
  <testcase classname="AccountTests" name="testAccountAssociateContactsControllerHHContacttoOrg" time="0.618" />
  <testcase classname="AccountTests" name="salutationNoSecondary" time="0.293" />
  <testcase classname="AccountTests" name="testAccountAssociateContactsControllerHoHtoHousehold" time="0.896" />
  <testcase classname="AccountTests" name="testAccountAssociateContactsControllerOrgContacttoOrg" time="0.833" />
  <testcase classname="AccountTests" name="testChangeHoHFromAccount" time="0.754" />
  <testcase classname="AccountTests" name="testAccountAssociateContactsControllerPage" time="0.495" />
  <testcase classname="AccountTests" name="testCheckOrgDonorProxyNotEmptyForOrgs" time="0.537" />
  <testcase classname="AccountTests" name="testChangeOrgDonorProxy" time="0.622" />
  <testcase classname="AccountTests" name="testConvertHouseholdToOrg" time="0.536" />
  <testcase classname="AccountTests" name="testDeleteAccountWithContactRelatedObjects" time="1.137" />
  <testcase classname="AccountTests" name="testDeleteContactGift" time="1.169" />
  <testcase classname="AccountTests" name="testDeleteRelatedObjects" time="1.037" />
  <testcase classname="AccountTests" name="testGetSalutations" time="0.341" />
  <testcase classname="AccountTests" name="testHeadOfHouseholdValidation" time="1.048" />
  <testcase classname="AccountTests" name="testHouseholdGiftUpdate_1" time="1.691" />
  <testcase classname="AccountTests" name="testHouseholdGiftUpdate_2" time="1.983" />
  <testcase classname="AccountTests" name="testHouseholdGiftUpdate_3" time="2.111" />
  <testcase classname="AccountTests" name="testLargestDateHouseholdGift" time="0.946" />
  <testcase classname="AccountTests" name="testNewHouseholdGift_1" time="2.23" />
  <testcase classname="AccountTests" name="testNewHouseholdGift_2" time="2.232" />
  <testcase classname="AccountTests" name="testNewHouseholdGift_3" time="2.134" />
  <testcase classname="AccountTests" name="testOrgDonorContact" time="0.628" />
  <testcase classname="AccountTests" name="testOrgGiftCreate_1" time="1.638" />
  <testcase classname="AccountTests" name="testOrgGiftCreate_2" time="1.87" />
  <testcase classname="AccountTests" name="testOrgGiftCreate_3" time="1.96" />
  <testcase classname="AccountTests" name="testPreventDelete" time="1.178" />
  <testcase classname="AccountTests" name="testSameLargestHouseholdGift" time="0.95" />
  <testcase classname="AccountTests" name="testSetPrimaryContact" time="0.604" />
  <testcase classname="AccountUtilsTest" name="testCheckHeadOfHousehold_HOHSetToNull" time="1.054" />
  <testcase classname="AccountUtilsTest" name="testRecalcDonationSummaryIncludingSoftCredits_FirstHouseholdGift_HardAndSoftCredit" time="2.521" />
  <testcase classname="AccountUtilsTest" name="testRecalcDonationSummaryIncludingSoftCredits_FirstHouseholdGift_HardCredit_HouseholdAcct" time="1.987" />
  <testcase classname="AccountUtilsTest" name="testRecalcDonationSummaryIncludingSoftCredits_FirstHouseholdGift_HardCredit_OrgAcct" time="1.944" />
  <testcase classname="AccountUtilsTest" name="testRecalcDonationSummaryIncludingSoftCredits_FirstHouseholdGift_NoCredit_HouseholdAcct" time="1.177" />
  <testcase classname="AccountUtilsTest" name="testRecalcDonationSummaryIncludingSoftCredits_FirstHouseholdGift_NoCredit_OrganizationdAcct" time="1.105" />
  <testcase classname="AccountUtilsTest" name="testRecalcDonationSummaryIncludingSoftCredits_FirstHouseholdGift_SoftCredit_HouseholdAcct" time="2.067" />
  <testcase classname="AccountUtilsTest" name="testRecalcDonationSummaryIncludingSoftCredits_FirstHouseholdGift_SoftCredit_OrgAcct" time="1.94" />
  <testcase classname="AccountUtilsTest" name="testRecalcDonationSummaryIncludingSoftCredits_LargestHouseholdGift_HardAndSoftCredit" time="2.505" />
  <testcase classname="AccountUtilsTest" name="testRecalcDonationSummaryIncludingSoftCredits_LargestHouseholdGift_HardCredit_HouseholdAcct" time="1.905" />
  <testcase classname="AccountUtilsTest" name="testRecalcDonationSummaryIncludingSoftCredits_LargestHouseholdGift_HardCredit_OrgAcct" time="1.866" />
  <testcase classname="AccountUtilsTest" name="testRecalcDonationSummaryIncludingSoftCredits_LargestHouseholdGift_NoCredit_HouseholdAcct" time="1.146" />
  <testcase classname="AccountUtilsTest" name="testRecalcDonationSummaryIncludingSoftCredits_LargestHouseholdGift_NoCredit_OrganizationdAcct" time="1.072" />
  <testcase classname="AccountUtilsTest" name="testRecalcDonationSummaryIncludingSoftCredits_LargestHouseholdGift_SoftCredit_HouseholdAcct" time="1.934" />
  <testcase classname="AccountUtilsTest" name="testRecalcDonationSummaryIncludingSoftCredits_LargestHouseholdGift_SoftCredit_OrgAcct" time="1.837" />
  <testcase classname="AccountUtilsTest" name="testRecalcDonationSummaryIncludingSoftCredits_LastYearTransactionAmountAndCount_HardAndSoftCredit" time="2.434" />
  <testcase classname="AccountUtilsTest" name="testRecalcDonationSummaryIncludingSoftCredits_LastYearTransactionAmountAndCount_HardCredit_HouseholdAcct" time="1.896" />
  <testcase classname="AccountUtilsTest" name="testRecalcDonationSummaryIncludingSoftCredits_LastYearTransactionAmountAndCount_HardCredit_OrgAcct" time="1.851" />
  <testcase classname="AccountUtilsTest" name="testRecalcDonationSummaryIncludingSoftCredits_LastYearTransactionAmountAndCount_NoCredit_HouseholdAcct" time="1.146" />
  <testcase classname="AccountUtilsTest" name="testRecalcDonationSummaryIncludingSoftCredits_LastYearTransactionAmountAndCount_NoCredit_OrganizationAcct" time="1.07" />
  <testcase classname="AccountUtilsTest" name="testRecalcDonationSummaryIncludingSoftCredits_LastYearTransactionAmountAndCount_SoftCredit_HouseholdAcct" time="1.964" />
  <testcase classname="AccountUtilsTest" name="testRecalcDonationSummaryIncludingSoftCredits_LastYearTransactionAmountAndCount_SoftCredit_OrgAcct" time="1.871" />
  <testcase classname="AccountUtilsTest" name="testRecalcDonationSummaryIncludingSoftCredits_LatestHouseholdGift_HardAndSoftCredits" time="2.427" />
  <testcase classname="AccountUtilsTest" name="testRecalcDonationSummaryIncludingSoftCredits_LatestHouseholdGift_HardCredit_HouseholdAcct" time="1.965" />
  <testcase classname="AccountUtilsTest" name="testRecalcDonationSummaryIncludingSoftCredits_LatestHouseholdGift_HardCredit_OrgAcct" time="1.851" />
  <testcase classname="AccountUtilsTest" name="testRecalcDonationSummaryIncludingSoftCredits_LatestHouseholdGift_NoCredit_HouseholdAcct" time="1.168" />
  <testcase classname="AccountUtilsTest" name="testRecalcDonationSummaryIncludingSoftCredits_LatestHouseholdGift_NoCredit_OrganizationAcct" time="1.063" />
  <testcase classname="AccountUtilsTest" name="testRecalcDonationSummaryIncludingSoftCredits_LatestHouseholdGift_SoftCredit_HouseholdAcct" time="1.913" />
  <testcase classname="AccountUtilsTest" name="testRecalcDonationSummaryIncludingSoftCredits_LatestHouseholdGift_SoftCredit_OrgAcct" time="2.183" />
  <testcase classname="AccountUtilsTest" name="testRecalcDonationSummaryIncludingSoftCredits_NoDoubleCounting" time="2.079" />
  <testcase classname="AccountUtilsTest" name="testRecalcDonationSummaryIncludingSoftCredits_OpenMajorGift_HardCredit_HouseholdAcct" time="2.009" />
  <testcase classname="AccountUtilsTest" name="testRecalcDonationSummaryIncludingSoftCredits_OpenMajorGift_HardCredit_OrgAcct" time="1.828" />
  <testcase classname="AccountUtilsTest" name="testRecalcDonationSummaryIncludingSoftCredits_OpenMajorGift_NoCredit_HouseholdAcct" time="1.16" />
  <testcase classname="AccountUtilsTest" name="testRecalcDonationSummaryIncludingSoftCredits_OpenMajorGift_NoCredit_OrganizationAcct" time="1.087" />
  <testcase classname="AccountUtilsTest" name="testRecalcDonationSummaryIncludingSoftCredits_OpenMajorGift_SoftCredit_HouseholdAcct" time="1.952" />
  <testcase classname="AccountUtilsTest" name="testRecalcDonationSummaryIncludingSoftCredits_OpenMajorGift_SoftCredit_OrgAcct" time="1.884" />
  <testcase classname="AccountUtilsTest" name="testRecalcDonationSummaryIncludingSoftCredits_ReturnValue_HardCredit_HouseholdAcct" time="1.995" />
  <testcase classname="AccountUtilsTest" name="testRecalcDonationSummaryIncludingSoftCredits_ReturnValue_HardCredit_OrganizationAcct" time="2.069" />
  <testcase classname="AccountUtilsTest" name="testRecalcDonationSummaryIncludingSoftCredits_ReturnValue_NoCredit_HouseholdAcct" time="1.367" />
  <testcase classname="AccountUtilsTest" name="testRecalcDonationSummaryIncludingSoftCredits_ReturnValue_NoCredit_OrganizationdAcct" time="1.215" />
  <testcase classname="AccountUtilsTest" name="testRecalcDonationSummaryIncludingSoftCredits_ReturnValue_SoftCredit_HouseholdAcct" time="1.918" />
  <testcase classname="AccountUtilsTest" name="testRecalcDonationSummaryIncludingSoftCredits_ReturnValue_SoftCredit_OrganizationAcct" time="1.835" />
  <testcase classname="AccountUtilsTest" name="testRecalcDonationSummaryIncludingSoftCredits_YTDTransactionAmountAndCount_HardAndSoftCredit" time="2.431" />
  <testcase classname="AccountUtilsTest" name="testRecalcDonationSummaryIncludingSoftCredits_YTDTransactionAmountAndCount_HardCredit_HouseholdAcct" time="1.879" />
  <testcase classname="AccountUtilsTest" name="testRecalcDonationSummaryIncludingSoftCredits_YTDTransactionAmountAndCount_HardCredit_OrgAcct" time="1.817" />
  <testcase classname="AccountUtilsTest" name="testRecalcDonationSummaryIncludingSoftCredits_YTDTransactionAmountAndCount_NoCredit_HouseholdAcct" time="1.162" />
  <testcase classname="AccountUtilsTest" name="testRecalcDonationSummaryIncludingSoftCredits_YTDTransactionAmountAndCount_NoCredit_OrganizationAcct" time="1.115" />
  <testcase classname="AccountUtilsTest" name="testRecalcDonationSummaryIncludingSoftCredits_YTDTransactionAmountAndCount_SoftCredit_HouseholdAcct" time="1.915" />
  <testcase classname="AccountUtilsTest" name="testRecalcDonationSummaryIncludingSoftCredits_YTDTransactionAmountAndCount_SoftCredit_OrgAcct" time="1.911" />
  <testcase classname="AddressCorrectionTests" name="testAccountAddrStandardizationBatch" time="0.518" />
  <testcase classname="AddressCorrectionTests" name="testContactAddrDistrictizationBatch" time="0.774" />
  <testcase classname="AddressCorrectionTests" name="testAccountAddresses" time="0.685" />
  <testcase classname="AddressCorrectionTests" name="testContactAddrStandardizationBatch" time="0.547" />
  <testcase classname="AddressCorrectionTests" name="testContactAddresses" time="1.028" />
  <testcase classname="AddressCorrectionTests" name="testContactRelatedAddressesNotCreated" time="0.614" />
  <testcase classname="AddressCorrectionTests" name="testContactDistrictingOnly" time="0.598" />
  <testcase classname="AddressCorrectionTests" name="testContactRelatedAddressesUpdated" time="0.744" />
  <testcase classname="AlphaNumericSerialNumberTests" name="testAlphaNumbericSerialNumberCorrectlyIncrements" time="0.322" />
  <testcase classname="AlphaNumericSerialNumberTests" name="testAlphaNumbericSerialNumberTestDigitBoundary" time="0.318" />
  <testcase classname="AlphaNumericSerialNumberTests" name="testAlphaNumbericSerialNumberCorrectlyInitializes" time="0.316" />
  <testcase classname="AlphaNumericSerialNumberTests" name="testAlphaNumbericSerialNumberCorrectlyIncrementsToNextPlaceValue" time="0.322" />
  <testcase classname="AncillarySystemUniversalVersionValidTest" name="testCalculateUniversalVersionStatus_Ignore_CgCopyOfRemoteVersionEqualToRemoteVersion" time="0.26" />
  <testcase classname="AncillarySystemUniversalVersionValidTest" name="testCalculateUniversalVersionStatus_Ignore_CgCopyOfRemoteVersionGreaterThanRemoteVersion" time="0.255" />
  <testcase classname="AncillarySystemUniversalVersionValidTest" name="testCalculateFieldGroupingVersionStatus" time="0.284" />
  <testcase classname="AlphaNumericSerialNumberTests" name="testThrowsExceptionWhenMaximumIsExceded" time="0.308" />
  <testcase classname="AncillarySystemUniversalVersionValidTest" name="testCalculateUniversalVersionStatus_Reject_CgeLocalVersionLessThanRemoteCopyOfCgVersion" time="0.266" />
  <testcase classname="AncillarySystemUniversalVersionValidTest" name="testCalculateUniversalVersionStatus_Valid_AllVersionsNull" time="0.264" />
  <testcase classname="AncillarySystemUniversalVersionValidTest" name="testCalculateUniversalVersionStatus_Valid_CgeLocalVersionGreaterThanRemoteCopyOfCgVersion" time="0.303" />
  <testcase classname="AncillarySystemUniversalVersionValidTest" name="testCalculateUniversalVersionStatus_Valid_OneNullCgValue_remote" time="0.313" />
  <testcase classname="AncillarySystemUniversalVersionValidTest" name="testCalculateUniversalVersionStatus_Valid_OneNullCgValue_local" time="0.348" />
  <testcase classname="AncillarySystemUniversalVersionValidTest" name="testCalculateUniversalVersionStatus_Valid_NonNull" time="0.266" />
  <testcase classname="AncillarySystemUniversalVersionValidTest" name="testCalculateUniversalVersionStatus_Valid_OneNullComValue_a" time="0.28" />
  <testcase classname="AncillarySystemUniversalVersionValidTest" name="testCalculateUniversalVersionStatus_Valid_TwoNullCgValues" time="0.276" />
  <testcase classname="AncillarySystemUniversalVersionValidTest" name="testCalculateUniversalVersionStatus_Valid_OneNullComValue_b" time="0.274" />
  <testcase classname="AncillarySystemUniversalVersionValidTest" name="testCalculateUniversalVersionStatus_Valid_TwoNullComValues" time="0.27" />
  <testcase classname="ApiGatedDeleteControllerTest" name="testSave_DmlFailure_ExternalApiSuccess" time="0.847" />
  <testcase classname="ApiGatedDeleteControllerTest" name="testSave_DmlSuccess_ExternalApiFailure" time="0.56" />
  <testcase classname="ApiGatedDeleteControllerTest" name="testSave_DmlSuccess_ExternalApiSuccess" time="0.718" />
  <testcase classname="ApiGatedEditControllerTest" name="testSave_DmlFailure_ExternalApiSuccess" time="0.69" />
  <testcase classname="ApiGatedEditControllerTest" name="testSave_DmlSuccess_ExternalApiSuccess" time="0.63" />
  <testcase classname="ApiGatedEditControllerTest" name="testSave_DmlSuccess_ExternalApiFailure" time="0.55" />
  <testcase classname="ApiGatedNewControllerTest" name="testSave_DmlFailure_ExternalApiSuccess" time="0.47" />
  <testcase classname="ApiGatedNewControllerTest" name="testSave_DmlSuccess_ExternalApiFailure" time="0.297" />
  <testcase classname="ApiGatedNewControllerTest" name="testSave_DmlSuccess_ExternalApiSuccess" time="0.555" />
  <testcase classname="AssertTest" name="testAssertEquals" time="0.276" />
  <testcase classname="AssertTest" name="testAssertContainsById" time="0.723" />
  <testcase classname="AssertTest" name="testAssertFalse" time="0.265" />
  <testcase classname="AssertTest" name="testAssertEquals_Array" time="0.267" />
  <testcase classname="AssertTest" name="testAssertInsertDoesNotThrowException" time="0.467" />
  <testcase classname="AssertTest" name="testAssertInsertThrowsException" time="0.373" />
  <testcase classname="AssertTest" name="testAssertNotBlank" time="0.268" />
  <testcase classname="AssertTest" name="testAssertNotThrowsException" time="0.264" />
  <testcase classname="AssertTest" name="testAssertNotEquals" time="0.273" />
  <testcase classname="AssertTest" name="testAssertNotNull" time="0.27" />
  <testcase classname="AssertTest" name="testAssertNull" time="0.268" />
  <testcase classname="AssertTest" name="testAssertTrue" time="0.259" />
  <testcase classname="AssertTest" name="testAssertThrowsException" time="0.266" />
  <testcase classname="AssertTest" name="testAssertUpdateDoesNotThrowException" time="0.538" />
  <testcase classname="AssertTest" name="testAssertUpdateThrowsException" time="0.558" />
  <testcase classname="BatchCloneTest" name="cancelTemplateClone" time="0.304" />
  <testcase classname="BatchCloneTest" name="cancelClone" time="0.59" />
  <testcase classname="BatchCloneTest" name="simpleTemplateClone" time="0.317" />
  <testcase classname="BatchCloneTest" name="simpleClone" time="0.508" />
  <testcase classname="BatchCommitActionTests" name="testExplicitSoftCredit" time="1.55" />
  <testcase classname="BatchCommitActionTests" name="testFireCaptureJob" time="1.139" />
  <testcase classname="BatchCommitActionTests" name="testMultipleCommits" time="1.899" />
  <testcase classname="BatchCommitActionTests" name="testOpenDonation" time="3.528" />
  <testcase classname="BatchCommitActionTests" name="testPledgeAmount" time="1.855" />
  <testcase classname="BatchCommitActionTests" name="testPledgeCommit" time="2.204" />
  <testcase classname="BatchCommitActionTests" name="testPledgeDesignation" time="1.693" />
  <testcase classname="BatchCommitActionTests" name="testPledgeDesignationWithAmpersand" time="1.9" />
  <testcase classname="BatchCommitActionTests" name="testPledgeIncludeFirstPayment" time="2.273" />
  <testcase classname="BatchCommitActionTests" name="testPledgeInvalidDesignation" time="1.05" />
  <testcase classname="BatchCommitActionTests" name="testPledgeYearly" time="1.836" />
  <testcase classname="BatchCommitActionTests" name="testPledgeYearlyNth" time="1.804" />
  <testcase classname="BatchCommitActionTests" name="testRecurringGiftCommit" time="1.676" />
  <testcase classname="BatchCommitActionTests" name="testRecurringGiftIncludeFirstPayment" time="1.704" />
  <testcase classname="BatchCommitTests" name="testBatchCommit" time="2.267" />
  <testcase classname="BatchCommitTests" name="testBatchCommitContactRoles" time="1.877" />
  <testcase classname="BatchCommitTests" name="testBatchCommitFailure" time="1.691" />
  <testcase classname="BatchCommitTests" name="testOpenDonation" time="1.69" />
  <testcase classname="BatchCommitTests" name="testOpenDonation_GiftAssetCRUD" time="2.304" />
  <testcase classname="BatchCommitTests" name="testOpenDonation_giftAssetErrors" time="2.038" />
  <testcase classname="BatchCommitUtilsTests" name="testAllPaymentsHaveBeenCaptured" time="1.029" />
  <testcase classname="BatchCommitUtilsTests" name="testParseDesignation" time="0.263" />
  <testcase classname="BatchCommitUtilsTests" name="testGetCapturedTransactionMap" time="0.356" />
  <testcase classname="BatchCommitUtilsTests" name="testDonationNameInBatch" time="0.33" />
  <testcase classname="BatchCommitUtilsTests" name="testShouldCapturePaymentForBatchEntry" time="1.033" />
  <testcase classname="BatchControllerEffortSegmentTests" name="testCheckEntriesDuplicateCampaignNamesWithSourceCode" time="1.807" />
  <testcase classname="BatchControllerEffortSegmentTests" name="testInvalidSourceCode" time="1.558" />
  <testcase classname="BatchControllerEffortSegmentTests" name="testMatchSourceCode" time="1.441" />
  <testcase classname="BatchControllerEffortSegmentTests" name="testValidSourceCodeValidCampaign" time="1.617" />
  <testcase classname="BatchControllerEffortSegmentTests" name="testWrongCampaignForSourceCode" time="1.781" />
  <testcase classname="BatchControllerTest" name="checkEntries_Bulk_TR_Failure" time="2.228" />
  <testcase classname="BatchControllerTest" name="checkEntries_Multiple_Failures" time="1.76" />
  <testcase classname="BatchControllerTest" name="checkEntries_Participant_Mismatch" time="1.771" />
  <testcase classname="BatchControllerTest" name="checkEntries_Team_Mismatch" time="1.469" />
  <testcase classname="BatchControllerTest" name="checkEntries_Tr_Trxn_Type" time="1.6" />
  <testcase classname="BatchControllerTest" name="executeSaveFirstSave" time="0.538" />
  <testcase classname="BatchControllerTest" name="executeSaveUpdateRow" time="0.548" />
  <testcase classname="BatchControllerTest" name="executeSave_Multiple_Failures" time="1.567" />
  <testcase classname="BatchControllerTest" name="executeSave_Participant_Mismatch" time="1.54" />
  <testcase classname="BatchControllerTest" name="executeSave_Team_Mismatch" time="1.264" />
  <testcase classname="BatchControllerTest" name="executeSave_Tr_Trxn_Type" time="1.408" />
  <testcase classname="BatchControllerTest" name="executeSave_no_TR_Campaign_Multiple_Errors" time="1.509" />
  <testcase classname="BatchControllerTest" name="executeSave_no_TR_Campaign_TR_Transaction" time="0.831" />
  <testcase classname="BatchControllerTest" name="executeSave_no_TR_Campaign_TR_reg" time="1.475" />
  <testcase classname="BatchControllerTest" name="executeSave_no_TR_Campaign_TR_team" time="1.227" />
  <testcase classname="BatchControllerTest" name="getDonationFormUrl_Pledge_Good" time="0.926" />
  <testcase classname="BatchControllerTest" name="getDonationFormUrl_Pledge_bad_amount" time="0.896" />
  <testcase classname="BatchControllerTest" name="getDonationFormUrl_Pledge_bad_payments" time="0.901" />
  <testcase classname="BatchControllerTest" name="getDonationFormUrl_Pledge_invalid_amount" time="0.932" />
  <testcase classname="BatchControllerTest" name="getDonationFormUrl_Pledge_invalid_payments" time="0.935" />
  <testcase classname="BatchControllerTest" name="getDonationFormUrl_Pledge_no_amount" time="1.097" />
  <testcase classname="BatchControllerTest" name="getDonationFormUrl_Pledge_no_payments" time="0.948" />
  <testcase classname="BatchControllerTest" name="getDonationFormUrl_Pledge_no_schedule" time="0.966" />
  <testcase classname="BatchControllerTest" name="getDonationFormUrl_RG_no_schedule" time="0.934" />
  <testcase classname="BatchControllerTest" name="getDonationFormUrl_RG_schedule" time="0.93" />
  <testcase classname="BatchControllerTest" name="getDonationFormUrl_cc" time="0.934" />
  <testcase classname="BatchControllerTest" name="getDonationFormUrl_null" time="0.32" />
  <testcase classname="BatchControllerTest" name="getDonationFormUrl_processedOffline" time="0.904" />
  <testcase classname="BatchControllerTest" name="testApplySelected" time="0.951" />
  <testcase classname="BatchControllerTest" name="testCheckEntriesContact" time="1.053" />
  <testcase classname="BatchControllerTest" name="testCheckEntriesContactsRolesInvalidContact" time="1.425" />
  <testcase classname="BatchControllerTest" name="testCheckEntriesContactsRolesValidData" time="1.251" />
  <testcase classname="BatchControllerTest" name="testCheckEntriesDesignationNotEqual" time="1.061" />
  <testcase classname="BatchControllerTest" name="testCheckEntriesDuplicateCampaignNames" time="1.271" />
  <testcase classname="BatchControllerTest" name="testCheckEntriesFromSetup" time="1.007" />
  <testcase classname="BatchControllerTest" name="testCheckEntriesInvalidDesignation" time="1.401" />
  <testcase classname="BatchControllerTest" name="testCheckEntriesMissingRequiredField" time="1.053" />
  <testcase classname="BatchControllerTest" name="testCheckEntriesMissingRequiredPledgeField" time="1.035" />
  <testcase classname="BatchControllerTest" name="testCheckEntriesMissingRequiredRecurringGiftField" time="1.043" />
  <testcase classname="BatchControllerTest" name="testCheckEntriesPartialCommit" time="1.072" />
  <testcase classname="BatchControllerTest" name="testCheckEntriesSegmentCode" time="1.44" />
  <testcase classname="BatchControllerTest" name="testCommitBatch" time="1.279" />
  <testcase classname="BatchControllerTest" name="testConstructor" time="1.085" />
  <testcase classname="BatchControllerTest" name="testConvertLead2" time="0.82" />
  <testcase classname="BatchControllerTest" name="testCreatePledge" time="0.921" />
  <testcase classname="BatchControllerTest" name="testCreatePledgeRequiredFields" time="0.802" />
  <testcase classname="BatchControllerTest" name="testDeletePledge" time="0.979" />
  <testcase classname="BatchControllerTest" name="testExecuteExternalDonorIdSearchAccount" time="0.623" />
  <testcase classname="BatchControllerTest" name="testExecuteExternalDonorIdSearchContact" time="0.571" />
  <testcase classname="BatchControllerTest" name="testExecuteExternalDonorIdSearchLead" time="0.383" />
  <testcase classname="BatchControllerTest" name="testExecuteExternalDonorIdSearchMultiple" time="0.656" />
  <testcase classname="BatchControllerTest" name="testExecuteSave" time="1.101" />
  <testcase classname="BatchControllerTest" name="testGetAddressTypesJson" time="0.84" />
  <testcase classname="BatchControllerTest" name="testGetBatchEntries" time="0.892" />
  <testcase classname="BatchControllerTest" name="testGetBatchEntryByRow" time="0.88" />
  <testcase classname="BatchControllerTest" name="testGetBatchEntryByRowNull" time="0.817" />
  <testcase classname="BatchControllerTest" name="testGetBatchFields" time="0.989" />
  <testcase classname="BatchControllerTest" name="testGetDesignationNamesJson" time="0.805" />
  <testcase classname="BatchControllerTest" name="testGetOpenDonationInfo" time="1.529" />
  <testcase classname="BatchControllerTest" name="testGetOpenDonations" time="1.844" />
  <testcase classname="BatchControllerTest" name="testGetOpenDonationsList_RecurringGifts_OneOpen_OneClosed" time="1.167" />
  <testcase classname="BatchControllerTest" name="testGetOpenDonations_onlyOpenRecurringGifts" time="1.087" />
  <testcase classname="BatchControllerTest" name="testGetPledgeFieldsInfo" time="0.805" />
  <testcase classname="BatchControllerTest" name="testGetPrimaryClassificationsJson" time="0.81" />
  <testcase classname="BatchControllerTest" name="testLoadBatchEntries" time="0.857" />
  <testcase classname="BatchControllerTest" name="testMatchSegmentCode" time="0.859" />
  <testcase classname="BatchControllerTest" name="testSaveAuthorizationId" time="0.883" />
  <testcase classname="BatchControllerTest" name="testSaveCreatePledgePayments" time="1.377" />
  <testcase classname="BatchControllerTest" name="testSaveOfflineProcessedEntry" time="0.892" />
  <testcase classname="BatchControllerTest" name="testSearchContacts" time="0.882" />
  <testcase classname="BatchControllerTest" name="testShouldEncodeAsReference" time="0.309" />
  <testcase classname="BatchControllerTest" name="testUpdateApplyAll" time="0.923" />
  <testcase classname="BatchControllerUtilsTest" name="getBatchSize" time="0.26" />
  <testcase classname="BatchControllerUtilsTest" name="getDesignationsByName" time="0.402" />
  <testcase classname="BatchControllerUtilsTest" name="getPicklistOptionList" time="0.39" />
  <testcase classname="BatchControllerUtilsTest" name="testCheckContactRolesHaveContact" time="0.308" />
  <testcase classname="BatchControllerUtilsTest" name="testCheckEntriesDesignation" time="0.318" />
  <testcase classname="BatchControllerUtilsTest" name="testCheckGiftAssetsAmountEqual" time="0.316" />
  <testcase classname="BatchControllerUtilsTest" name="testGetBatchEntryValue" time="0.269" />
  <testcase classname="BatchControllerUtilsTest" name="testEscapeSoqlReservedCharacters" time="0.265" />
  <testcase classname="BatchControllerUtilsTest" name="testGetCampaigns" time="0.453" />
  <testcase classname="BatchControllerUtilsTest" name="testGetBatchSize" time="0.259" />
  <testcase classname="BatchControllerUtilsTest" name="testGetContactRoleContactIds" time="0.256" />
  <testcase classname="BatchControllerUtilsTest" name="testGetDesignations" time="0.368" />
  <testcase classname="BatchControllerUtilsTest" name="testGetContactRoleContactIdsAsIds" time="0.263" />
  <testcase classname="BatchControllerUtilsTest" name="testGetDesignationsList" time="0.268" />
  <testcase classname="BatchControllerUtilsTest" name="testGetEffortSegments" time="0.992" />
  <testcase classname="BatchControllerUtilsTest" name="testGetLabelForField" time="0.341" />
  <testcase classname="BatchControllerUtilsTest" name="testGetLookupData" time="0.362" />
  <testcase classname="BatchControllerUtilsTest" name="testGetRecordTypeIdMap" time="0.266" />
  <testcase classname="BatchControllerUtilsTest" name="testGetRequiredFields" time="0.331" />
  <testcase classname="BatchControllerUtilsTest" name="testGetSegments" time="0.571" />
  <testcase classname="BatchControllerUtilsTest" name="testIsFieldPicklist" time="0.307" />
  <testcase classname="BatchControllerUtilsTest" name="testUpdateApplyField" time="0.27" />
  <testcase classname="BatchControllerUtilsTest" name="testMakeSafe" time="0.258" />
  <testcase classname="BatchControllerUtilsTest" name="testIsRichTextField" time="0.306" />
  <testcase classname="BatchConvertTests" name="cancelConvert" time="0.488" />
  <testcase classname="BatchConvertTests" name="convertSummaryToTemplate" time="0.514" />
  <testcase classname="BatchConvertTests" name="convertTemplateToSummary" time="0.509" />
  <testcase classname="BatchCreateFromTemplateControllerTest" name="testNewBatchHasTemplateId" time="0.39" />
  <testcase classname="BatchDebugControllerTest" name="testConstructor" time="0.534" />
  <testcase classname="BatchDonationEntryHandlerTest" name="testGetRecordTypeForOpenGift" time="0.328" />
  <testcase classname="BatchEntryUtilsTests" name="constructor_Convert_bad_campaign" time="0.948" />
  <testcase classname="BatchEntryUtilsTests" name="constructor_basic" time="0.564" />
  <testcase classname="BatchEntryUtilsTests" name="constructor_conversion" time="1.409" />
  <testcase classname="BatchEntryUtilsTests" name="getSobjectType_NoNamespaced" time="0.272" />
  <testcase classname="BatchEntryUtilsTests" name="getSobjectType_noCustom" time="0.272" />
  <testcase classname="BatchEntryUtilsTests" name="noArgConstructor" time="0.264" />
  <testcase classname="BatchEntryUtilsTests" name="getSobjectType_Namespaced" time="0.277" />
  <testcase classname="BatchFieldPickerControllerTest" name="testGetDonationFields" time="0.733" />
  <testcase classname="BatchFieldPickerControllerTest" name="testGetPledgeFields" time="0.732" />
  <testcase classname="BatchFieldPickerControllerTest" name="testGetReadOnly" time="0.784" />
  <testcase classname="BatchFieldPickerControllerTest" name="testGetRecurringGiftFields" time="0.723" />
  <testcase classname="BatchFieldPickerControllerTest" name="testSaveSelectedFields" time="0.676" />
  <testcase classname="BatchStatusTest" name="testCapturePaymentScheduled" time="1.555" />
  <testcase classname="BatchStatusTest" name="testCommittedAfterCapturePaymentError" time="1.575" />
  <testcase classname="BatchStatusTest" name="testCommittedAfterPartiallyCommitted" time="1.535" />
  <testcase classname="BatchStatusTest" name="testCommittedWithoutCreditCards" time="1.526" />
  <testcase classname="BatchStatusTest" name="testConfiguredFromFieldSave" time="0.65" />
  <testcase classname="BatchStatusTest" name="testConfiguredFromTemplate" time="0.427" />
  <testcase classname="BatchStatusTest" name="testGiftEntryComplete" time="0.559" />
  <testcase classname="BatchStatusTest" name="testGiftEntryInProgressAfterChange" time="0.536" />
  <testcase classname="BatchStatusTest" name="testGiftEntryInProgressAfterSave" time="0.53" />
  <testcase classname="BatchSummaryUtilsTests" name="testGetBatchWithFields" time="0.447" />
  <testcase classname="BatchStatusTest" name="testNew" time="0.452" />
  <testcase classname="BatchSummaryUtilsTests" name="testGetFieldsFromString" time="0.414" />
  <testcase classname="BatchSummaryUtilsTests" name="testGetStringFromFields" time="0.272" />
  <testcase classname="BatchSummaryUtilsTests" name="testSubmitBatchFields" time="0.418" />
  <testcase classname="BatchTemplateCreateFrmBtchCntrllrTest" name="testCancelConversion" time="0.409" />
  <testcase classname="BatchTemplateCreateFrmBtchCntrllrTest" name="testSaveConvertFailure" time="0.434" />
  <testcase classname="BatchTemplateCreateFrmBtchCntrllrTest" name="testSaveConvertSuccess" time="0.416" />
  <testcase classname="BatchTemplateCreateFrmBtchCntrllrTest" name="testTemplateStatus" time="0.462" />
  <testcase classname="BatchUtilsTests" name="testAccountSearchService" time="0.751" />
  <testcase classname="BatchUtilsTests" name="testAddNameSpace" time="0.317" />
  <testcase classname="BatchUtilsTests" name="testBatchEntryValidation" time="0.639" />
  <testcase classname="BatchUtilsTests" name="testBatchHeaderValidation" time="0.493" />
  <testcase classname="BatchUtilsTests" name="testBatchTotalItems" time="0.516" />
  <testcase classname="BatchUtilsTests" name="testBatchTotalItemsSync" time="0.629" />
  <testcase classname="BatchUtilsTests" name="testBatchTotalItemsTrigger" time="0.856" />
  <testcase classname="BatchUtilsTests" name="testChangeBatchAmountSizeUpdate" time="0.556" />
  <testcase classname="BatchUtilsTests" name="testContactSearchProgressive" time="0.869" />
  <testcase classname="BatchUtilsTests" name="testDefaultValue" time="0.534" />
  <testcase classname="BatchUtilsTests" name="testEntryDeleteManySizeUpdate" time="1.571" />
  <testcase classname="BatchUtilsTests" name="testEntryDeleteSizeUpdate" time="0.675" />
  <testcase classname="BatchUtilsTests" name="testEntryDeleteTooManySizeUpdate" time="1.426" />
  <testcase classname="BatchUtilsTests" name="testHouseholdSearchService" time="0.414" />
  <testcase classname="BatchUtilsTests" name="testPreventBatchDelete" time="0.799" />
  <testcase classname="BatchUtilsTests" name="testPreventBatchUpdate" time="0.566" />
  <testcase classname="BatchUtilsTests" name="testWSCheckDesignationsAfterCommit" time="1.983" />
  <testcase classname="BatchUtilsTests" name="testWSTest" time="0.319" />
  <testcase classname="BatchUtilsTests" name="validateBatch_templateName" time="0.572" />
  <testcase classname="BatchUtilsTests" name="validateBatch_templateNameAlreadySet_Update" time="0.489" />
  <testcase classname="BatchValidationReportTests" name="testBatchEntriesVersion9" time="0.539" />
  <testcase classname="BatchValidationReportTests" name="testBatchEntriesVersion3" time="0.542" />
  <testcase classname="BatchValidationReportTests" name="testBatchFieldsVersion3" time="0.433" />
  <testcase classname="BatchValidationReportTests" name="testBatchFieldsVersion9" time="0.44" />
  <testcase classname="BatchValidationReportTests" name="testEmptyBatchFieldsVersion3" time="0.494" />
  <testcase classname="BatchValidationReportTests" name="testEmptyBatchFieldsVersion9" time="0.489" />
  <testcase classname="Bug_61614_Tests" name="testDescribe" time="0.582" />
  <testcase classname="Bug_61614_Tests" name="testDoObjectReassociate" time="1.717" />
  <testcase classname="Bug_61614_Tests" name="testReflection_ReadableWrites" time="0.953" />
  <testcase classname="Bug_61614_Tests" name="testReflection_SandboxedWrites" time="1.26" />
  <testcase classname="Bug_61614_Tests" name="testReplaceValueInField" time="1.116" />
  <testcase classname="BulletChartControllerTest" name="testAestheticRound" time="0.267" />
  <testcase classname="BulletChartControllerTest" name="testChartMaximum" time="0.261" />
  <testcase classname="BulletChartControllerTest" name="testRoundUpToTheNearestMultipleOfFive" time="0.26" />
  <testcase classname="BusContactProcessorTest" name="testBadUniversalId" time="0.304" />
  <testcase classname="BusContactProcessorTest" name="testBasics" time="1.065" />
  <testcase classname="BusContactProcessorTest" name="testDoubleMessage" time="0.643" />
  <testcase classname="BusContactProcessorTest" name="testInvalidActions" time="0.757" />
  <testcase classname="BusContactProcessorTest" name="testEmployer" time="0.622" />
  <testcase classname="BusContactProcessorTest" name="testLongPostalCode" time="0.61" />
  <testcase classname="BusContactProcessorTest" name="testMessageFromObject_LargeConvioId_Bug58201" time="0.651" />
  <testcase classname="BusContactProcessorTest" name="testNullValues" time="0.701" />
  <testcase classname="BusContactProcessorTest" name="testProcessRecords_AllFieldGroupsIgnored" time="0.644" />
  <testcase classname="BusContactProcessorTest" name="testProcessRecords_MixedBatch" time="0.79" />
  <testcase classname="BusContactProcessorTest" name="testProcessRecords_MultipleFieldGroups_AcceptAndIgnore" time="0.764" />
  <testcase classname="BusContactProcessorTest" name="testProcessRecords_MultipleFieldGroups_AcceptAndReject" time="0.74" />
  <testcase classname="BusContactProcessorTest" name="testProcessRecords_MultipleFieldGroups_RejectAndIgnore" time="0.643" />
  <testcase classname="BusContactProcessorTest" name="testProcessRecords_NewContact" time="0.638" />
  <testcase classname="BusContactProcessorTest" name="testProcessRecords_OneFieldGroup_Accept" time="0.749" />
  <testcase classname="BusContactProcessorTest" name="testProcessRecords_OneFieldGroup_Reject" time="0.682" />
  <testcase classname="BusContactProcessorTest" name="testWrongHandlerForObjectType" time="0.421" />
  <testcase classname="BusContactProcessorTest" name="testProcessRecords_SalesforceError" time="0.509" />
  <testcase classname="BusContactQueryProcessorTest" name="testBuildContactQuery" time="0.287" />
  <testcase classname="BusContactQueryProcessorTest" name="testBuildMessages" time="0.658" />
  <testcase classname="BusEventAttendeesProcessorTest" name="testBasicRsvp" time="0.898" />
  <testcase classname="BusEventAttendeesProcessorTest" name="testBasicTicketCreate" time="1.193" />
  <testcase classname="BusEventAttendeesProcessorTest" name="testBasicTicketUpsert" time="1.168" />
  <testcase classname="BusEventAttendeesProcessorTest" name="testDoubleMessage" time="1.164" />
  <testcase classname="BusEventAttendeesProcessorTest" name="testMissingContact" time="0.528" />
  <testcase classname="BusEventAttendeesProcessorTest" name="testMissingTransaction" time="0.733" />
  <testcase classname="BusOpportunityProcessorPledgeTest" name="testPledgeDesignation" time="1.406" />
  <testcase classname="BusOpportunityProcessorPledgeTest" name="testPledgeDesignationMultiples" time="1.429" />
  <testcase classname="BusOpportunityProcessorPledgeTest" name="testPledgePayments" time="1.497" />
  <testcase classname="BusOpportunityProcessorPledgeTest" name="testPledgeResolution" time="1.477" />
  <testcase classname="BusOpportunityProcessorPledgeTest" name="testPledgeUpdate" time="1.711" />
  <testcase classname="BusOpportunityProcessorRecurringTest" name="testOldSustainers_NPDAdvancesCorrectly" time="1.24" />
  <testcase classname="BusOpportunityProcessorRecurringTest" name="testRGWithSkeletonOpportunityGetsDesignation" time="1.701" />
  <testcase classname="BusOpportunityProcessorRecurringTest" name="testRecurringDesignation" time="1.367" />
  <testcase classname="BusOpportunityProcessorRecurringTest" name="testRecurringGiftPayments" time="1.829" />
  <testcase classname="BusOpportunityProcessorRecurringTest" name="testRecurringGiftResolution" time="1.772" />
  <testcase classname="BusOpportunityProcessorRecurringTest" name="testRecurringGiftUpdate" time="1.824" />
  <testcase classname="BusOpportunityProcessorRecurringTest" name="testRecurringGiftUpdateUsingUID" time="1.812" />
  <testcase classname="BusOpportunityProcessorTest" name="testContactResolution" time="1.557" />
  <testcase classname="BusOpportunityProcessorTest" name="testDeleteNonexistentOpportunity" time="0.73" />
  <testcase classname="BusOpportunityProcessorTest" name="testDonationBasic" time="0.972" />
  <testcase classname="BusOpportunityProcessorTest" name="testDonationCustomBadField" time="0.778" />
  <testcase classname="BusOpportunityProcessorTest" name="testDonationCustom" time="1.045" />
  <testcase classname="BusOpportunityProcessorTest" name="testDonationDate" time="0.988" />
  <testcase classname="BusOpportunityProcessorTest" name="testDonationDesignation" time="1.039" />
  <testcase classname="BusOpportunityProcessorTest" name="testDonationDesignationMultiples" time="1.118" />
  <testcase classname="BusOpportunityProcessorTest" name="testDoubleMessage" time="0.98" />
  <testcase classname="BusOpportunityProcessorTest" name="testInvalidCampaignReference" time="0.63" />
  <testcase classname="BusOpportunityProcessorTest" name="testMatchingGift" time="0.964" />
  <testcase classname="BusOpportunityProcessorTest" name="testNullValues" time="0.951" />
  <testcase classname="BusOpportunityProcessorTest" name="testOpportunityResolution" time="1.688" />
  <testcase classname="BusOpportunityProcessorTest" name="testOpportunityRevisionSelection" time="1.161" />
  <testcase classname="BusOpportunityProcessorTest2" name="testCreditCardExpiriationCreate" time="0.999" />
  <testcase classname="BusOpportunityProcessorTest2" name="testCreditCardExpiriationUpsert" time="1.007" />
  <testcase classname="BusOpportunityProcessorTest2" name="testMerchantReceiptFormAndBilling" time="0.984" />
  <testcase classname="BusOpportunityProcessorTest3" name="testUpsertUpdateLogic" time="2.647" />
  <testcase classname="BusOpportunityProcessorTest4" name="testMessagesForThisTestAreValid" time="1.628" />
  <testcase classname="BusOpportunityProcessorTest4" name="testMissingCrossReferencedCampaign" time="1.518" />
  <testcase classname="BusOpportunityProcessorTest4" name="testMissingCrossReferencedContact_ByLocalId" time="0.907" />
  <testcase classname="BusOpportunityProcessorTest4" name="testMissingCrossReferencedContact_ByUniversalId" time="0.909" />
  <testcase classname="BusOpportunityProcessorTrTest" name="testTrGiftContactRolesUpdate" time="1.749" />
  <testcase classname="BusOpportunityProcessorTrTest" name="testTrRegResolution" time="1.238" />
  <testcase classname="BusOpportunityProcessorTrTest" name="testTrRelationships" time="1.308" />
  <testcase classname="BusOpportunityProcessorTrTest" name="testTrTeamResolution" time="1.158" />
  <testcase classname="BusOpportunityProcessorTrTest" name="testTributeBasic" time="1.085" />
  <testcase classname="BusOpportunityProcessorTrTest" name="testTributeResolution" time="1.135" />
  <testcase classname="BusOpportunityQueryProcessorTest" name="testIgnored_CampaignNotLinkedToEvent" time="0.922" />
  <testcase classname="BusOpportunityQueryProcessorTest" name="testIgnored_OpportunityIsaTRRegistration" time="1.35" />
  <testcase classname="BusOpportunityQueryProcessorTest" name="testIgnored_PaymentTypeNotSupported" time="1.127" />
  <testcase classname="BusOpportunityQueryProcessorTest" name="testValid_CompositeLIDHandling" time="0.973" />
  <testcase classname="BusOpportunityQueryProcessorTest" name="testValid_TREventGift" time="1.133" />
  <testcase classname="BusOpportunityQueryProcessorTest" name="testValid_TRParticipantGift" time="1.493" />
  <testcase classname="BusOpportunityQueryProcessorTest" name="testValid_TRTeamGift" time="1.601" />
  <testcase classname="BusPfFundProcessorTest" name="testBasicFundCreate" time="0.631" />
  <testcase classname="BusPfFundProcessorTest" name="testCreateFundWithXRefData" time="0.649" />
  <testcase classname="BusPfFundProcessorTest" name="testDoubleMessage" time="0.614" />
  <testcase classname="BusPfFundProcessorTest" name="testFundFromMessage_WithAndWithoutConvioId" time="0.652" />
  <testcase classname="BusProcessorTest" name="testInvalidClientId" time="0.278" />
  <testcase classname="BusProcessorTest" name="testEquivalentCreateAndUpsertMessages" time="0.291" />
  <testcase classname="BusPfFundProcessorTest" name="testNullValues" time="0.606" />
  <testcase classname="BusProcessorTest" name="testMessagePriority" time="0.331" />
  <testcase classname="BusProcessorTest" name="testTestImplementation" time="0.265" />
  <testcase classname="BusRecurringGiftQueryProcessorTest" name="testBuildMessages" time="0.923" />
  <testcase classname="BusRecurringPledgeProcessorTest" name="testAmountProcessedOnlineHasIncreased" time="0.773" />
  <testcase classname="BusRecurringPledgeProcessorTest" name="testAmountProcessedOnlineHasIncreased_nullRG" time="0.273" />
  <testcase classname="BusRecurringPledgeProcessorTest" name="testAmountProcessedOnlineHasIncreased_stubDonations" time="1.295" />
  <testcase classname="BusRecurringPledgeProcessorTest" name="testAmountProcessedOnlineHasIncreased_withDeclined" time="1.356" />
  <testcase classname="BusRecurringPledgeProcessorTest" name="testAmountProcessedOnlineHasIncreased_withOffline" time="1.174" />
  <testcase classname="BusRecurringPledgeProcessorTest" name="testAmountProcessedOnlineHasIncreased_withRefunded" time="1.334" />
  <testcase classname="BusRecurringPledgeProcessorTest" name="testAtomicCommits_createRecurringGiftAndRollback" time="0.463" />
  <testcase classname="BusRecurringPledgeProcessorTest" name="testAtomicCommits_transientErrorMessage" time="0.966" />
  <testcase classname="BusRecurringPledgeProcessorTest" name="testBuildObjects_inactiveGiftAmountProcessedDifferent" time="1.101" />
  <testcase classname="BusRecurringPledgeProcessorTest" name="testBuildObjects_lastSuccessfulPaymentIsBlank" time="0.965" />
  <testcase classname="BusRecurringPledgeProcessorTest" name="testBuildObjects_lastSuccessfulPaymentIsInvalid" time="0.985" />
  <testcase classname="BusRecurringPledgeProcessorTest" name="testBuildObjects_lastSuccessfulPaymentIsNull" time="0.976" />
  <testcase classname="BusRecurringPledgeProcessorTest" name="testBuildObjects_lastSuccessfulPaymentIsWhitespace" time="0.983" />
  <testcase classname="BusRecurringPledgeProcessorTest" name="testBuildObjects_lastSuccessfulPaymentPointsToPreviousPayment" time="1.095" />
  <testcase classname="BusRecurringPledgeProcessorTest" name="testChangeSuccessResponsesToTransient_responsesToSuccess" time="0.267" />
  <testcase classname="BusRecurringPledgeProcessorTest" name="testChangeSuccessResponsesToTransient_responsesToTransient" time="0.265" />
  <testcase classname="BusRecurringPledgeProcessorTest" name="testChangeSuccessResponsesToTransient_responsesToFatal" time="0.272" />
  <testcase classname="BusRecurringPledgeProcessorTest" name="testChangeSuccessResponsesToTransient" time="0.315" />
  <testcase classname="BusRecurringPledgeProcessorTest" name="testCommitmentOnRGCreates_DueDateNotToday" time="1.395" />
  <testcase classname="BusRecurringPledgeProcessorTest" name="testCommitmentOnRGCreates_SeedAndRecurringAmountAreDifferent" time="1.393" />
  <testcase classname="BusRecurringPledgeProcessorTest" name="testCommitmentOnRGCreates_SeedAndRecurringAmountAreEqual" time="1.246" />
  <testcase classname="BusRecurringPledgeProcessorTest" name="testDeclinedPaymentsInLODoesNotCreateForgiveness" time="1.094" />
  <testcase classname="BusRecurringPledgeProcessorTest" name="testDoubleMessage" time="1.145" />
  <testcase classname="BusRecurringPledgeProcessorTest" name="testForgivenessCreation" time="1.623" />
  <testcase classname="BusRecurringPledgeProcessorTest" name="testGetIndexOfFailureOrTransientResponse" time="0.266" />
  <testcase classname="BusRecurringPledgeProcessorTest" name="testInvalidCampaignReference" time="0.885" />
  <testcase classname="BusRecurringPledgeProcessorTest" name="testLCRMcreatedGift_NoForgivenessOnSync" time="1.168" />
  <testcase classname="BusRecurringPledgeProcessorTest" name="testLODateChangeWithLargeExistingCommitment" time="1.405" />
  <testcase classname="BusRecurringPledgeProcessorTest" name="testNoLastSuccessfulPayment" time="1.215" />
  <testcase classname="BusRecurringPledgeProcessorTest" name="testOpportunityBeforeRecurringOnSecondPayment" time="1.831" />
  <testcase classname="BusRecurringPledgeProcessorTest" name="testPaypalPaymentsFromLO" time="1.561" />
  <testcase classname="BusRecurringPledgeProcessorTest" name="testPledgeAdjustment" time="1.119" />
  <testcase classname="BusRecurringPledgeProcessorTest" name="testPledgeResolution" time="1.105" />
  <testcase classname="BusRecurringPledgeProcessorTest" name="testProcessSeedInLCRM_NotWhenDue_NoScheduleChanges" time="1.082" />
  <testcase classname="BusRecurringPledgeProcessorTest" name="testRapidMessage" time="1.49" />
  <testcase classname="BusRecurringPledgeProcessorTest" name="testRecurringBeforeOpportunity" time="1.925" />
  <testcase classname="BusRecurringPledgeProcessorTest" name="testRecurringGiftCreateWithDifferentSeedAmount" time="1.34" />
  <testcase classname="BusRecurringPledgeProcessorTest" name="testRecurringGiftCreate_DefaultBatchSize" time="4.901" />
  <testcase classname="BusRecurringPledgeProcessorTest" name="testRecurringGiftFieldsSetCorrectly" time="1.128" />
  <testcase classname="BusRecurringPledgeProcessorTest" name="testRecurringGiftResolution" time="1.688" />
  <testcase classname="BusRecurringPledgeProcessorTest" name="testRecurringOpportunityFlow" time="1.477" />
  <testcase classname="BusRecurringPledgeProcessorTest" name="testUpdateRecurringGift_differentPaymentDate" time="1.322" />
  <testcase classname="BusRecurringPledgeProcessorTest" name="testUpsertCreation" time="0.869" />
  <testcase classname="BusSyncUtilsTest" name="testFieldsIncrementCorrectRevisionId" time="0.622" />
  <testcase classname="BusSyncUtilsTest" name="testIncrementMultipleRevisionIds" time="0.606" />
  <testcase classname="BusSyncUtilsTest" name="testIncrementOverallRevisionIdNoSubdomains" time="0.579" />
  <testcase classname="BusSyncUtilsTest" name="testIncrementRecurringGiftRevision_notSendableGift" time="0.997" />
  <testcase classname="BusSyncUtilsTest" name="testIncrementRecurringGiftRevision_nullRevision" time="0.963" />
  <testcase classname="BusSyncUtilsTest" name="testIncrementRecurringGiftRevision_sendableGiftChangedSchedule" time="1.062" />
  <testcase classname="BusSyncUtilsTest" name="testIncrementRecurringGiftRevision_sendableGiftPaymentMade" time="1.358" />
  <testcase classname="BusSyncUtilsTest" name="testIncrementRevisionIDsForCustomMappings" time="0.631" />
  <testcase classname="BusSyncUtilsTest" name="testIncrementRecurringGiftRevision_sendableSetSchedule" time="0.974" />
  <testcase classname="BusSyncUtilsTest" name="testIncrementSingleRevisionId" time="0.607" />
  <testcase classname="BusSyncUtilsTest" name="testInitializeRevisionIDsForNewContact" time="0.323" />
  <testcase classname="BusSyncUtilsTest" name="testInitializeSubdomainRevisionIdForExistingContact" time="0.666" />
  <testcase classname="BusTrRegProcessorTest" name="testBasicRegistration" time="1.258" />
  <testcase classname="BusTrRegProcessorTest" name="testBatchWithMixOfOperations" time="1.965" />
  <testcase classname="BusTrRegProcessorTest" name="testBug63715" time="1.308" />
  <testcase classname="BusTrRegProcessorTest" name="testDoubleMessage" time="1.259" />
  <testcase classname="BusTrRegProcessorTest" name="testEquivalentCreateAndUpsertMessages" time="1.312" />
  <testcase classname="BusTrRegProcessorTest" name="testLongBillingZipCode" time="1.293" />
  <testcase classname="BusTrRegProcessorTest" name="testManyMessages" time="1.65" />
  <testcase classname="BusTrRegProcessorTest" name="testMissingCrossReferencedCampaign" time="0.92" />
  <testcase classname="BusTrRegProcessorTest" name="testNewTrRegSameDesignation" time="1.237" />
  <testcase classname="BusTrRegProcessorTest" name="testPrimaryAndSecondaryRegistration" time="1.372" />
  <testcase classname="BusTrRegProcessorTest" name="testRegistrationCreateCaptainlessTeam" time="1.277" />
  <testcase classname="BusTrRegProcessorTest" name="testRegistrationCreateTeam" time="1.282" />
  <testcase classname="BusTrRegProcessorTest" name="testRegistrationDates" time="1.317" />
  <testcase classname="BusTrRegProcessorTest" name="testRegistrationNoUniversal" time="1.276" />
  <testcase classname="BusTrRegProcessorTest" name="testSecondaryRegistrationTransientError" time="0.911" />
  <testcase classname="BusTrRegProcessorTest" name="testSettlementDateUpdated" time="1.5" />
  <testcase classname="BusTrRegProcessorTest" name="testTrRegDifferentDesignation" time="1.301" />
  <testcase classname="BusTrRegProcessorTest" name="testUpdateExistingRegWithoutConvioId" time="1.537" />
  <testcase classname="BusTrRegProcessorTest" name="testUpdateRegistration" time="1.543" />
  <testcase classname="BusTrRegProcessorTest" name="testUpdateRegistrationTrxn" time="1.415" />
  <testcase classname="BusTrRegProcessorTest" name="testUpdateTrRegDifferentDesignation" time="1.629" />
  <testcase classname="BusTrRegProcessorTest" name="testUpdateTrRegSameDesignation" time="1.533" />
  <testcase classname="BusTrTeamProcessorTest" name="testBasicTeam" time="0.775" />
  <testcase classname="BusTrTeamProcessorTest" name="testCreateCaptainlessTeam" time="0.564" />
  <testcase classname="BusTrTeamProcessorTest" name="testCreateNoContact" time="0.477" />
  <testcase classname="BusTrTeamProcessorTest" name="testGetPriorTeamIdsDoesNotAddNulls" time="0.263" />
  <testcase classname="BusTrTeamProcessorTest" name="testFindPriorTeam" time="0.261" />
  <testcase classname="BusTrTeamProcessorTest" name="testDoubleMessage" time="0.697" />
  <testcase classname="BusTrTeamProcessorTest" name="testProcessMessagesWithPriorTeams" time="0.566" />
  <testcase classname="BusTrTeamProcessorTest" name="testSetPriorTeam_firstTimeTeam" time="0.518" />
  <testcase classname="BusTrTeamProcessorTest" name="testProcessMessagesWithPriorTeams_Upsert" time="0.608" />
  <testcase classname="BusTrTeamProcessorTest" name="testSetPriorTeam_returningTeam" time="0.491" />
  <testcase classname="BusTrTeamProcessorTest" name="testUpdateFromConvioId" time="0.945" />
  <testcase classname="BusTrTeamProcessorTest" name="testUpdateFromSFID" time="0.965" />
  <testcase classname="BusTrTeamProcessorTest" name="testUpdateFromSFID_NoConvioId" time="0.957" />
  <testcase classname="BusTrTeamProcessorTest" name="testUpsertFromConvioId" time="0.951" />
  <testcase classname="BusTrTeamQueryProcessorTest" name="testGetMessages_MultipleIds" time="0.971" />
  <testcase classname="BusTrTeamQueryProcessorTest" name="testGetMessages_MultipleIds_usingProcessIDs" time="0.979" />
  <testcase classname="BusTrTeamQueryProcessorTest" name="testGetMessages_NoIds_usingProcessIDs" time="0.315" />
  <testcase classname="BusTrTeamQueryProcessorTest" name="testGetMessages_NoIds" time="0.308" />
  <testcase classname="BusTrTeamQueryProcessorTest" name="testGetMessages_SingleId" time="0.86" />
  <testcase classname="BusTrTeamQueryProcessorTest" name="testGetMessages_SingleId_usingProcessIDs" time="0.853" />
  <testcase classname="BusTrTeamQueryProcessorTest" name="testNewInstance" time="0.27" />
  <testcase classname="CampaignFormProgressControllerTests" name="testCreateSteps" time="0.71" />
  <testcase classname="CampaignFormProgressControllerTests" name="testCreatePlanningSteps" time="0.407" />
  <testcase classname="CampaignFormProgressControllerTests" name="testGetBreadCrumb" time="0.326" />
  <testcase classname="CampaignFormProgressControllerTests" name="testGardenPath" time="0.362" />
  <testcase classname="CampaignFundsWidgetControllerTest" name="testCurrentTotal" time="0.941" />
  <testcase classname="CampaignFundsWidgetControllerTest" name="testPercentToGoal" time="1.047" />
  <testcase classname="CampaignFundsWidgetControllerTest" name="testPreviousTotal" time="1.108" />
  <testcase classname="CampaignFundsWidgetControllerTest" name="testPreviousTotal_NoPreviousCampaign" time="0.452" />
  <testcase classname="CampaignHierarchyControllerTests" name="testDecreaseSegmentPriority" time="0.627" />
  <testcase classname="CampaignHierarchyControllerTests" name="testIncreaseSegmentPriority" time="0.622" />
  <testcase classname="CampaignHierarchyControllerTests" name="testSetSegmentToLowestPriority" time="0.617" />
  <testcase classname="CampaignHierarchyControllerTests" name="testSetSegmentToHighestPriority" time="0.62" />
  <testcase classname="CampaignHierarchyControllerTests" name="testStructure" time="0.567" />
  <testcase classname="CampaignHierarchyControllerTests" name="testUpdatePriority" time="0.61" />
  <testcase classname="CampaignTests" name="can_change_category_if_no_efforts" time="0.472" />
  <testcase classname="CampaignStatisticsTests" name="testLargestGift" time="0.957" />
  <testcase classname="CampaignTests" name="can_change_type_if_no_efforts" time="0.568" />
  <testcase classname="CampaignTests" name="cannot_change_category_if_efforts" time="0.873" />
  <testcase classname="CampaignTests" name="testCampaignDefaultSetting" time="0.737" />
  <testcase classname="CampaignTests" name="cannot_change_type_if_efforts" time="0.889" />
  <testcase classname="CampaignTests" name="testCampaignDelete" time="2.753" />
  <testcase classname="CampaignTests" name="testCampaignLockSegmentsNoSegments" time="0.471" />
  <testcase classname="CampaignTests" name="testCampaignLockSegmentsOneSegments" time="0.692" />
  <testcase classname="CampaignTests" name="testDirectResponseFieldsNotRequiredWhenDirectResponseNotEnabled" time="0.494" />
  <testcase classname="CampaignTests" name="testEnforceRequiredFieldsForDirectResponseCannotBeDeleted" time="0.707" />
  <testcase classname="CampaignTests" name="testEnforceRequiredFieldsForDirectResponseOnInsert" time="0.481" />
  <testcase classname="CampaignUtilsTest" name="testIsLinkedToComTeamRaiserEvent_LinkStatusUncertain" time="0.438" />
  <testcase classname="CaptureDonationApiTest" name="testCaptureApiXML" time="0.269" />
  <testcase classname="CampaignUtilsTest" name="testIsLinkedToComTeamRaiserEvent_Linked" time="0.313" />
  <testcase classname="CampaignUtilsTest" name="testIsLinkedToComTeamRaiserEvent_NotLinked" time="0.322" />
  <testcase classname="CaptureDonationApiTest" name="testParseResults" time="0.279" />
  <testcase classname="CardExpirationCorrectionBatchTest" name="testBringCreditCardExpirationDatesForward" time="1.081" />
  <testcase classname="CardExpirationCorrectionBatchTest" name="testBringCreditCardExpirationDatesForward_ignoredDueToFormat" time="1.61" />
  <testcase classname="CardExpirationCorrectionBatchTest" name="testGetQueryForCardExpirationMigration" time="1.59" />
  <testcase classname="CardExpirationCorrectionBatchTest" name="testGetQueryForCardExpirationMigration_notOnFirstDay" time="1.621" />
  <testcase classname="CardExpirationCorrectionBatchTest" name="testGetQueryForCardExpirationMigration_onlyFromLuminateOnline" time="1.603" />
  <testcase classname="CardExpirationCorrectionBatchTest" name="testGetQueryForCardExpirationMigration_wrongFormat" time="1.718" />
  <testcase classname="CGServiceEndpointTest" name="testGetConstituentDeleted_usingProcessIDs" time="1.148" />
  <testcase classname="CGServiceEndpointTest" name="testGetConstituentMessages" time="0.927" />
  <testcase classname="CGServiceEndpointTest" name="testGetConstituentMessages_usingProcessIDs" time="0.92" />
  <testcase classname="CGServiceEndpointTest" name="testGetPledgeMessages" time="1.28" />
  <testcase classname="CGServiceEndpointTest" name="testGetRecurringGiftMessages" time="1.706" />
  <testcase classname="CGServiceEndpointTest" name="testGetTeamRaiserTeamMessage" time="0.944" />
  <testcase classname="CGServiceEndpointTest" name="testGetTeamRaiserTeamMessage_usingProcessIDs" time="0.91" />
  <testcase classname="CGServiceEndpointTest" name="testGetTeamRaiserTeamMessages" time="1.129" />
  <testcase classname="CGServiceEndpointTest" name="testGetTeamRaiserTeamMessages_usingProcessIDs" time="0.973" />
  <testcase classname="ComLinkedObjectCacheTest" name="testGetCampaignNameById" time="0.559" />
  <testcase classname="ComLinkedObjectCacheTest" name="testGetCampaignNameById_NoSuchCampaign" time="0.624" />
  <testcase classname="ComLinkedObjectCacheTest" name="testGetCampaignNameById_NullCampaignId" time="0.268" />
  <testcase classname="ComLinkedObjectCacheTest" name="testGetComIdForTeamRaiserGift" time="1.455" />
  <testcase classname="ComLinkedObjectCacheTest" name="testGetComIdForTeamRaiserGift_Illegal_NotATeamRaiserGift" time="0.324" />
  <testcase classname="ComLinkedObjectCacheTest" name="testGetComIdForTeamRaiserRegistration" time="1.875" />
  <testcase classname="ComLinkedObjectCacheTest" name="testGetComIdForTeamRaiserRegistrationUpsell" time="1.837" />
  <testcase classname="ComLinkedObjectCacheTest" name="testGetComIdForTeamRaiserRegistration_NoSuchCampaign" time="0.947" />
  <testcase classname="ComLinkedObjectCacheTest" name="testGetComIdForTeamRaiserTeam" time="1.373" />
  <testcase classname="ComValidatorTest" name="newValidationError_SObject" time="0.274" />
  <testcase classname="ComValidatorTest" name="testValidateForCom_Invalid" time="0.27" />
  <testcase classname="ComValidatorTest" name="testValidateForCom_Valid" time="0.274" />
  <testcase classname="ConfigurationControllerTest" name="testControllerNotJs" time="0.388" />
  <testcase classname="ComValidatorTest" name="testValidateForCom_NotLinked" time="0.269" />
  <testcase classname="ConfigurationControllerTest" name="testControllerUseJs" time="0.384" />
  <testcase classname="ContactArbitraryMatchControllerExtTest" name="testCompleteQuery" time="0.64" />
  <testcase classname="ContactArbitraryMatchControllerExtTest" name="testMergeWithMixtureOfMatchedContacts" time="1.159" />
  <testcase classname="ContactArbitraryMatchControllerExtTest" name="testMergeWithMultipleMatchGroups" time="1.448" />
  <testcase classname="ContactArbitraryMatchControllerExtTest" name="testMergeWithTwoUnmatchedContacts" time="0.802" />
  <testcase classname="ContactArbitraryMatchControllerExtTest" name="testQuery" time="0.541" />
  <testcase classname="ContactCopyAddressControllerExtTest" name="testUpdateAccountAndContacts_1_cons" time="0.598" />
  <testcase classname="ContactCopyAddressControllerExtTest" name="testUpdateAccountAndContacts_2_cons" time="0.752" />
  <testcase classname="ContactDeleteControllerTest" name="testConfirmDelete" time="0.569" />
  <testcase classname="ContactDeleteControllerTest" name="testDoOnlineDelete_failure" time="0.574" />
  <testcase classname="ContactDeleteControllerTest" name="testDoOnlineDelete_success" time="0.566" />
  <testcase classname="ContactDeleteControllerTest" name="testFakeDelete" time="0.841" />
  <testcase classname="ContactDeleteControllerTest" name="testForceDelete" time="0.728" />
  <testcase classname="ContactDeleteControllerTest" name="testWhole" time="1.054" />
  <testcase classname="ContactEnsureDistinctTests" name="testNewContact" time="0.954" />
  <testcase classname="ContactEntryFormSpecTest" name="testControllerGetContactFields" time="0.96" />
  <testcase classname="ContactEntryFormSpecTest" name="testGetFields" time="0.497" />
  <testcase classname="ContactHistoricalAddressTests" name="bug60162FixTest" time="0.627" />
  <testcase classname="ContactHistoricalAddressTests" name="testAddHistoricalAddress" time="0.57" />
  <testcase classname="ContactHistoricalAddressTests" name="testAddSameHistoricalAddress" time="0.508" />
  <testcase classname="ContactHistoricalAddressTests" name="testOtherAddressForHistoricalAddress" time="0.521" />
  <testcase classname="ContactHistoricalAddressTests" name="testRestoreAddress" time="0.601" />
  <testcase classname="ContactHistoricalAddressTests" name="testRestoreAddress2" time="0.839" />
  <testcase classname="ContactHistoricalAddressTests" name="testUpdatePrimaryOnAddress" time="0.621" />
  <testcase classname="ContactHistoricalAddressTests" name="testUpdatePrimaryRelatedAddress" time="0.635" />
  <testcase classname="ContactHistoricalAddressTests" name="testUpdateRelatedAddress" time="0.49" />
  <testcase classname="ContactInteractionsControllerTest" name="testAllBasics" time="0.549" />
  <testcase classname="ContactInteractionsControllerTest" name="testException" time="0.568" />
  <testcase classname="ContactInteractionsControllerTest" name="testNotLinked" time="0.533" />
  <testcase classname="ContactInterestControllerTest" name="testAPIError" time="0.571" />
  <testcase classname="ContactInterestControllerTest" name="testHalfFilledSecondPage" time="0.55" />
  <testcase classname="ContactInterestControllerTest" name="testOneFullPage" time="0.526" />
  <testcase classname="ContactMatchingTests" name="testDedupeMatchGroupsList" time="1.545" />
  <testcase classname="ContactMatchingTests" name="testExactMatching_NameAddress" time="0.705" />
  <testcase classname="ContactMatchingTests" name="testExactMatching_NameEmail" time="0.691" />
  <testcase classname="ContactMatchingTests" name="testExactMatching_NamePhone" time="0.661" />
  <testcase classname="ContactMatchingTests" name="testMatchGroupUpdate" time="0.781" />
  <testcase classname="ContactMatchingTests" name="testMatching" time="1.788" />
  <testcase classname="ContactMatchingTests" name="testMissingRequiredCriteriaForMatching" time="0.769" />
  <testcase classname="ContactMatchingTests" name="testMissingRequiredCriteriaForRelatedAddrMatching" time="0.555" />
  <testcase classname="ContactMatchingTests" name="testMissingRequiredCriteriaForRelatedEmailMatching" time="0.573" />
  <testcase classname="ContactMatchingTests" name="testNewMatching" time="1.842" />
  <testcase classname="ContactMatchingTests" name="testPhoneMatch1" time="0.74" />
  <testcase classname="ContactMatchingTests" name="testPhoneMatch10" time="0.68" />
  <testcase classname="ContactMatchingTests" name="testPhoneMatch11" time="0.698" />
  <testcase classname="ContactMatchingTests" name="testPhoneMatch12" time="0.683" />
  <testcase classname="ContactMatchingTests" name="testPhoneMatch13" time="0.687" />
  <testcase classname="ContactMatchingTests" name="testPhoneMatch14" time="0.662" />
  <testcase classname="ContactMatchingTests" name="testPhoneMatch2" time="0.726" />
  <testcase classname="ContactMatchingTests" name="testPhoneMatch3" time="0.78" />
  <testcase classname="ContactMatchingTests" name="testPhoneMatch4" time="0.733" />
  <testcase classname="ContactMatchingTests" name="testPhoneMatch5" time="0.715" />
  <testcase classname="ContactMatchingTests" name="testPhoneMatch6" time="0.693" />
  <testcase classname="ContactMatchingTests" name="testPhoneMatch7" time="0.742" />
  <testcase classname="ContactMatchingTests" name="testPhoneMatch8" time="0.686" />
  <testcase classname="ContactMatchingTests" name="testRelatedAddressMatching" time="0.835" />
  <testcase classname="ContactMatchingTests" name="testPhoneMatch9" time="0.681" />
  <testcase classname="ContactMatchingTests" name="testRelatedEmailAddressMatching" time="1.274" />
  <testcase classname="ContactMatchingTests" name="testfindPotentialDuplicatesForBatchLastNameOnly" time="0.554" />
  <testcase classname="ContactMatchingTests" name="testfindPotentialDuplicatesForBatchViaRelatedAddress" time="0.727" />
  <testcase classname="ContactMatchingTests" name="testfindPotentialDuplicatesForBatchViaRelatedEmail" time="0.639" />
  <testcase classname="ContactMatchingTests" name="testfindPotentialDuplicatesForBatchViaRelatedAddress_LimitedInfo" time="0.761" />
  <testcase classname="ContactMatchingTests" name="testfindPotentialDuplicatesForBatchWithLimit" time="0.604" />
  <testcase classname="ContactMatchingTests" name="testfindPotentialDuplicatesForBatchWithPhone" time="0.56" />
  <testcase classname="ContactSummaryControllerTest" name="testGetFormattedLastAmount" time="0.287" />
  <testcase classname="ContactSegmentMembershipControllerTest" name="testLoadSegmentMembers" time="1.244" />
  <testcase classname="ContactSummaryControllerTest" name="knownBadBehaviour" time="0.337" />
  <testcase classname="ContactSummaryControllerTest" name="testGetFormattedLifetimeCount" time="0.327" />
  <testcase classname="ContactSummaryControllerTest" name="testGetFormattedLastDate" time="0.277" />
  <testcase classname="ContactSummaryControllerTest" name="testGetFormattedLifetimeAmount" time="0.284" />
  <testcase classname="ContactSummaryControllerTest" name="testGetNameAndLinkDisplayValue" time="0.278" />
  <testcase classname="ContactTests" name="testAssignHeadOfHouseholdCreateBoth" time="0.421" />
  <testcase classname="ContactTests" name="testAssignHeadOfHouseholdExistingAcct" time="0.565" />
  <testcase classname="ContactTests" name="testAutoCreateHousehold" time="0.551" />
  <testcase classname="ContactTests" name="testAutoAssignHeadOfHouseholdExistingAcct" time="0.649" />
  <testcase classname="ContactTests" name="testAutoCreateHouseholdSettingHead" time="0.547" />
  <testcase classname="ContactTests" name="testAutoCreateHouseholds" time="0.615" />
  <testcase classname="ContactTests" name="testClearHeadOfHousehold" time="1.024" />
  <testcase classname="ContactTests" name="testClearHeadOfHouseholdOrgContacts" time="0.7" />
  <testcase classname="ContactTests" name="testClearHeadOfHouseholdOrgDonorProxy" time="0.579" />
  <testcase classname="ContactTests" name="testContactAccountRecordTypeDelete" time="0.551" />
  <testcase classname="ContactTests" name="testContactAccountRecordTypeInsert" time="1.073" />
  <testcase classname="ContactTests" name="testContactAccountRecordTypeUpdate" time="1.328" />
  <testcase classname="ContactTests" name="testContactAccountUpdateReassignDonations" time="1.931" />
  <testcase classname="ContactTests" name="testContactDeleteAccountRelatedObjects" time="1.574" />
  <testcase classname="ContactTests" name="testContactDeleteJobShiftRollup" time="1.088" />
  <testcase classname="ContactTests" name="testContactDeleteMultiple" time="0.626" />
  <testcase classname="ContactTests" name="testContactDeleteRelatedObjects" time="1.53" />
  <testcase classname="ContactTests" name="testContactGiftUpdate" time="1.799" />
  <testcase classname="ContactTests" name="testContactGiftUpdateMassDonationsDateChange" time="1.124" />
  <testcase classname="ContactTests" name="testContactNameUpdate" time="0.621" />
  <testcase classname="ContactTests" name="testContactPreventDelete" time="2.512" />
  <testcase classname="ContactTests" name="testContactRecordTypeUpdate" time="1.113" />
  <testcase classname="ContactTests" name="testDeleteAccountFromContact" time="0.925" />
  <testcase classname="ContactTests" name="testDeleteContactGift" time="1.294" />
  <testcase classname="ContactTests" name="testDeleteHeadOfHousehold" time="1.065" />
  <testcase classname="ContactTests" name="testLargestDateContactGift" time="1.124" />
  <testcase classname="ContactTests" name="testMissingField" time="0.422" />
  <testcase classname="ContactTests" name="testMoveHeadOfHousehold" time="1.166" />
  <testcase classname="ContactTests" name="testMoveHouseholds" time="0.777" />
  <testcase classname="ContactTests" name="testNewContactGift" time="2.154" />
  <testcase classname="ContactTests" name="testReassignHeadOfHousehold" time="0.746" />
  <testcase classname="ContactTests" name="testSameLargestContactGift" time="1.166" />
  <testcase classname="ContactTests2" name="testAutoCreateComHouseholds" time="0.851" />
  <testcase classname="ContactTests2" name="testCheckDeceasedStatus" time="1.934" />
  <testcase classname="ContactTests2" name="testCheckHouseholdStatus" time="0.843" />
  <testcase classname="ContactTests2" name="testContactDeleteMultiple" time="0.817" />
  <testcase classname="ContactTests2" name="testContactDeleteSingleHoH" time="0.742" />
  <testcase classname="ContactTests2" name="testContactPromotionGetRelationships" time="0.777" />
  <testcase classname="ContactTests2" name="testContactRecalcDonationSummaryIncludingSoftCredits" time="1.362" />
  <testcase classname="ContactTests2" name="testContactRecalcDonationSummaryIncludingSoftCreditsSyncStatus_NoSyncWithoutChange" time="1.666" />
  <testcase classname="ContactTests2" name="testContactRecalcDonationSummaryIncludingSoftCreditsSyncStatus_SyncOnChange" time="1.928" />
  <testcase classname="ContactTests2" name="testContactRecalcDonationSummaryPartialSoftCredits_1" time="1.591" />
  <testcase classname="ContactTests2" name="testContactRecalcDonationSummaryPartialSoftCredits_2" time="1.642" />
  <testcase classname="ContactTests2" name="testContactRecalcDonationSummaryPartialSoftCredits_3" time="1.655" />
  <testcase classname="ContactTests2" name="testFieldGroupRevisionIds" time="0.826" />
  <testcase classname="ContactTests2" name="testInterestLogging" time="0.791" />
  <testcase classname="ContactTests2" name="testInterestWebService" time="0.765" />
  <testcase classname="ContactTests2" name="testNullRevision" time="0.8" />
  <testcase classname="ContactTests2" name="testPromoteContactNewHouseholdOnly" time="0.747" />
  <testcase classname="ContactTests2" name="testPromoteContactNewHouseholdandEmployer" time="0.904" />
  <testcase classname="ContactTests2" name="testPromoteContactNewHouseholdandRelationshipEmployer" time="0.995" />
  <testcase classname="ContactTests2" name="testVolunteerFieldValidation" time="3.003" />
  <testcase classname="ConvioAPITest" name="testCall_Error" time="0.336" />
  <testcase classname="ContactVolunteerJobFinderControllerTest" name="basicTest" time="0.792" />
  <testcase classname="ConvioAPITest" name="testCall_Success" time="0.331" />
  <testcase classname="ConvioAPITest" name="testGetRequestPostBody_BlankParam" time="0.262" />
  <testcase classname="ConvioAPITest" name="testExternalComIdToApiParam" time="0.263" />
  <testcase classname="ConvioAPITest" name="testCurrencyToApiParam" time="0.268" />
  <testcase classname="ConvioAPITest" name="testGetRequestPostBody_MultipleParams" time="0.265" />
  <testcase classname="ConvioAPITest" name="testGetRequestPostBody_NoParams" time="0.264" />
  <testcase classname="ConvioAPITest" name="testGetRequestPostBody_NullParam" time="0.265" />
  <testcase classname="ConvioAPITest" name="testGetRequestPostBody_ParamWithNonAlphaCharacter" time="0.263" />
  <testcase classname="ConvioAPITest" name="testGetRequestPostBody_SingleParam" time="0.266" />
  <testcase classname="ConvioConsAPITest" name="getUser" time="0.327" />
  <testcase classname="ConvioAPITest" name="testIsApiEnabled" time="0.314" />
  <testcase classname="ConvioConsAPITest" name="getUserInterestsErrorResponse" time="0.331" />
  <testcase classname="ConvioConsAPITest" name="getUserInterests" time="0.326" />
  <testcase classname="ConvioConsAPITest" name="getUserInterestsJSon" time="0.325" />
  <testcase classname="ConvioCrudApiResponseDetailTest" name="testCrudApiResponseDetailFromDomNode" time="0.266" />
  <testcase classname="ConvioCrudApiResponseTest" name="testCrudApiResponseFromXmlString_FailResponse" time="0.262" />
  <testcase classname="ConvioCrudApiResponseTest" name="testCrudApiResponseFromXmlString_Illegal_DuplicateDetailForType" time="0.267" />
  <testcase classname="ConvioCrudApiResponseTest" name="testCrudApiResponseFromXmlString_Illegal_EmptyStatusValue" time="0.267" />
  <testcase classname="ConvioCrudApiResponseTest" name="testCrudApiResponseFromXmlString_Illegal_MessageRequiredOnFail" time="0.31" />
  <testcase classname="ConvioCrudApiResponseTest" name="testCrudApiResponseFromXmlString_Illegal_UnknownStatusValue" time="0.267" />
  <testcase classname="ConvioCrudApiResponseTest" name="testCrudApiResponseFromXmlString_MixedCase" time="0.269" />
  <testcase classname="ConvioCrudApiResponseTest" name="testCrudApiResponseFromXmlString_SuccessResponse" time="0.261" />
  <testcase classname="ConvioCrudApiResponseTest" name="testGetDetailByType" time="0.264" />
  <testcase classname="ConvioCrudApiTest" name="testApplyRemoteComIds" time="0.267" />
  <testcase classname="ConvioCrudApiTest" name="testapplyRemoteRevisionNumbers" time="0.266" />
  <testcase classname="ConvioForceApiTest" name="setupDonationDataDonation" time="0.261" />
  <testcase classname="ConvioForceApiTest" name="setupDonationDataForBatchEntry" time="0.348" />
  <testcase classname="ConvioForceApiTest" name="setupDonationDataForBatchEntryForACHPayment" time="0.334" />
  <testcase classname="ConvioForceApiTest" name="setupDonationDataForBatchEntryUsingContactAddress" time="0.33" />
  <testcase classname="ConvioForceApiTest" name="setupDonationDataPledge" time="0.324" />
  <testcase classname="ConvioForceApiTest" name="setupDonationDataRecuringGift" time="0.332" />
  <testcase classname="ConvioForceApiTest" name="testBillingAddressInParams" time="0.321" />
  <testcase classname="ConvioForceApiTest" name="testGetParamsForRecurringGift_NDDIsToday" time="1.038" />
  <testcase classname="ConvioForceApiTest" name="testGetParamsForRecurringGift_NDDIsTomorrow" time="0.92" />
  <testcase classname="ConvioForceApiTest" name="testGetParamsForRecurringGift_NDDWasYesterday" time="0.961" />
  <testcase classname="ConvioMergeConsInfoApiTest" name="testCallGetMergeConsFieldsRequest" time="0.344" />
  <testcase classname="ConvioMergeConstituentsApiTest" name="testGetConstituentOpeningTag" time="0.605" />
  <testcase classname="ConvioMergeConstituentsApiTest" name="testMergeErrorParsing" time="0.278" />
  <testcase classname="ConvioNormalizationApiTest" name="testAbnormalAddresses_emptyAddress" time="0.574" />
  <testcase classname="ConvioNormalizationApiTest" name="testAbnormalAddresses_invalidAddressChars" time="0.622" />
  <testcase classname="ConvioNormalizationApiTest" name="testAbnormalAddresses_invalidErrorMessageTag" time="0.572" />
  <testcase classname="ConvioNormalizationApiTest" name="testAbnormalAddresses_invalidStatus" time="0.564" />
  <testcase classname="ConvioNormalizationApiTest" name="testAbnormalAddresses_unexpectedTag" time="0.628" />
  <testcase classname="ConvioNormalizationApiTest" name="testAbnormalAddresses_xmlError" time="0.633" />
  <testcase classname="ConvioNormalizationApiTest" name="testAbnormalFirstNameVariations_emptyName" time="0.516" />
  <testcase classname="ConvioNormalizationApiTest" name="testAbnormalFirstNameVariations_nameWithComma" time="0.615" />
  <testcase classname="ConvioNormalizationApiTest" name="testAbnormalFirstNameVariations_nameWithQuote" time="0.608" />
  <testcase classname="ConvioNormalizationApiTest" name="testConvertTextToStandardAsciiChars" time="0.314" />
  <testcase classname="ConvioNormalizationApiTest" name="testConvertTextToStandardAsciiChars_IOB" time="0.299" />
  <testcase classname="ConvioNormalizationApiTest" name="testGetServiceURI" time="0.29" />
  <testcase classname="ConvioNormalizationApiTest" name="testNameVariantsAboveSoqlLimit" time="0.794" />
  <testcase classname="ConvioNormalizationApiTest" name="testNameVariations" time="0.608" />
  <testcase classname="ConvioNormalizationApiTest" name="testNameVariations2" time="0.59" />
  <testcase classname="ConvioNormalizationApiTest" name="testNameVariations3" time="0.617" />
  <testcase classname="ConvioNormalizationApiTest" name="testNormalizeContactDataAbnormalContact1" time="0.55" />
  <testcase classname="ConvioNormalizationApiTest" name="testNormalizeContactDataAbnormalContact2" time="0.55" />
  <testcase classname="ConvioNormalizationApiTest" name="testNormalizeContactDataAbnormalContact3" time="0.56" />
  <testcase classname="ConvioNormalizationApiTest" name="testNormalizeContactDataAbnormalContact4" time="0.55" />
  <testcase classname="ConvioNormalizationApiTest" name="testNormalizeContactDataEdgeParams" time="0.276" />
  <testcase classname="ConvioNormalizationApiTest" name="testNormalizeContactDataMultiContact" time="0.768" />
  <testcase classname="ConvioNormalizationApiTest" name="testNormalizeContactDataOneContact" time="0.589" />
  <testcase classname="ConvioNormalizationApiTest" name="testNormalizeContactDataOneContactAddress" time="0.6" />
  <testcase classname="ConvioNormalizationApiTest" name="testNormalizeContactWithSpecialChars" time="0.586" />
  <testcase classname="ConvioNormalizationApiTest" name="testNormalizeOneContactAddressWithCountry" time="0.603" />
  <testcase classname="ConvioTeamraiserCampaignApiResponseTest" name="testBadXml" time="0.277" />
  <testcase classname="ConvioTeamraiserCampaignApiResponseTest" name="testBlankCall" time="0.335" />
  <testcase classname="ConvioTeamraiserCampaignApiResponseTest" name="testBlankName" time="0.328" />
  <testcase classname="ConvioTeamraiserCampaignApiResponseTest" name="testEmptyParticipationTypes" time="0.275" />
  <testcase classname="ConvioTeamraiserCampaignApiResponseTest" name="testEmptyPotentialUpsells" time="0.279" />
  <testcase classname="ConvioTeamraiserCampaignApiResponseTest" name="testFailure" time="0.279" />
  <testcase classname="ConvioTeamraiserCampaignApiResponseTest" name="testIsTeamRaiserCampaignNull" time="0.284" />
  <testcase classname="ConvioTeamraiserCampaignApiResponseTest" name="testIsTeamRaiserCampaignTrue" time="0.28" />
  <testcase classname="ConvioTeamraiserCampaignApiResponseTest" name="testMissingParticipationTypes" time="0.273" />
  <testcase classname="ConvioTeamraiserCampaignApiResponseTest" name="testMissingPotentialUpsells" time="0.277" />
  <testcase classname="ConvioTeamraiserCampaignApiResponseTest" name="testNoResults" time="0.319" />
  <testcase classname="ConvioTeamraiserCampaignApiResponseTest" name="testNullCall" time="0.327" />
  <testcase classname="ConvioTeamraiserCampaignApiResponseTest" name="testStandardCall" time="0.276" />
  <testcase classname="ConvioTeamraiserCampaignApiResponseTest" name="testUnknownResponse" time="0.318" />
  <testcase classname="ConvioTeamraiserCampaignApiResponseTest" name="testUnreadableId" time="0.319" />
  <testcase classname="CriteriaBuilderTests" name="testBootstrapHaveCriteria" time="0.272" />
  <testcase classname="CriteriaBuilderTests" name="testGetCampaignMemberStatusSelectList" time="0.275" />
  <testcase classname="CriteriaBuilderTests" name="testGetDonationRolesSelectList" time="0.275" />
  <testcase classname="CriteriaBuilderTests" name="testGetOpportunityTypesSelectList" time="0.283" />
  <testcase classname="CriteriaBuilderTests" name="testGetPaymentTypesSelectList" time="0.274" />
  <testcase classname="CriteriaBuilderTests" name="testGetTransactionTypesSelectList" time="0.275" />
  <testcase classname="CriteriaTests" name="testCriteriaDelete" time="0.555" />
  <testcase classname="CriteriaTests" name="testCriteriaIndex" time="0.485" />
  <testcase classname="CurrencyFormatterTests" name="testAddCurrencySymbol" time="0.27" />
  <testcase classname="CurrencyFormatterTests" name="testAddPlusSign" time="0.271" />
  <testcase classname="CurrencyFormatterTests" name="testAddWholeNumberSeparator" time="0.271" />
  <testcase classname="CurrencyFormatterTests" name="testFormatCurrencyUSD" time="0.273" />
  <testcase classname="CurrencyFormatterTests" name="testGetCurrencySymbol" time="0.275" />
  <testcase classname="CurrencyFormatterTests" name="testGetDecimalSeparator" time="0.276" />
  <testcase classname="CurrencyFormatterTests" name="testGetDivisor" time="0.273" />
  <testcase classname="CurrencyFormatterTests" name="testGetMobileDecimalString" time="0.269" />
  <testcase classname="CurrencyFormatterTests" name="testGetMobileOptimizedFormat" time="0.271" />
  <testcase classname="CurrencyFormatterTests" name="testGetMoneyPrefix" time="0.27" />
  <testcase classname="CurrencyFormatterTests" name="testGetSymbolPlacement" time="0.266" />
  <testcase classname="CurrencyFormatterTests" name="testGetWholeNumberSeparator" time="0.268" />
  <testcase classname="CurrencyFormatterTests" name="testHasFractionalDenomination" time="0.264" />
  <testcase classname="CurrencyFormatterTests" name="testStripZeroFractionalCurrency" time="0.273" />
  <testcase classname="CurrencyFormatterTests" name="testSymbolSpacing" time="0.267" />
  <testcase classname="CurrencyFormatterTests" name="testformat" time="0.283" />
  <testcase classname="DatabaseUtilsTests" name="insertWithErrorReporting_failure" time="0.363" />
  <testcase classname="DatabaseUtilsTests" name="insertWithErrorReporting_failureOnErrorObjects" time="0.364" />
  <testcase classname="DatabaseUtilsTests" name="insertWithErrorReporting_quickies" time="0.268" />
  <testcase classname="DatabaseUtilsTests" name="insertWithErrorReporting_success" time="0.364" />
  <testcase classname="DatabaseUtilsTests" name="updateParents_failure" time="0.735" />
  <testcase classname="DatabaseUtilsTests" name="updateParents_failureOnErrorObjects" time="0.737" />
  <testcase classname="DatabaseUtilsTests" name="updateParents_quickies" time="0.269" />
  <testcase classname="DatabaseUtilsTests" name="updateParents_success" time="0.661" />
  <testcase classname="DatabaseUtilsTests" name="updateWithErrorLoggingTest" time="0.594" />
  <testcase classname="DatabaseUtilsTests" name="updateWithErrorReporting_failure" time="0.46" />
  <testcase classname="DatabaseUtilsTests" name="updateWithErrorReporting_failureOnErrorObjects" time="0.454" />
  <testcase classname="DatabaseUtilsTests" name="updateWithErrorReporting_quickies" time="0.276" />
  <testcase classname="DatabaseUtilsTests" name="updateWithErrorReporting_success" time="0.409" />
  <testcase classname="DesignationTests" name="testDefaultDesignationCreate" time="0.443" />
  <testcase classname="DesignationTests" name="testDefaultDesignationUpdate" time="0.485" />
  <testcase classname="DesignationTests" name="testDefaultDesignationDelete" time="0.487" />
  <testcase classname="DesignationTests" name="testDuplicateNameInsert" time="0.573" />
  <testcase classname="DesignationTests" name="testTiedDesignationDelete" time="1.644" />
  <testcase classname="DesignationTests" name="testUpdateDesignationDefault" time="0.473" />
  <testcase classname="DesignationTests" name="testWriteInDesignation" time="1.255" />
  <testcase classname="DirectResponseRollupProcessorTests" name="bug_61973_delete_opp_linked_to_deleted_segment" time="2.208" />
  <testcase classname="DirectResponseRollupProcessorTests" name="processOpportunityDelete" time="2.24" />
  <testcase classname="DirectResponseRollupProcessorTests" name="processOpportunityDelete_fastReturns" time="0.274" />
  <testcase classname="DirectResponseRollupProcessorTests" name="processOpportunityDelete_online_gift_bug_62532" time="1.857" />
  <testcase classname="DirectResponseRollupProcessorTests" name="processOpportunityDelete_sourceCodeless" time="1.843" />
  <testcase classname="DirectResponseRollupProcessorTests" name="processOpportunityDeletes" time="2.234" />
  <testcase classname="DirectResponseRollupProcessorTests" name="processOpportunityDeletes_FirstDateRecalc" time="2.223" />
  <testcase classname="DirectResponseRollupProcessorTests" name="processOpportunityInsert" time="1.91" />
  <testcase classname="DirectResponseRollupProcessorTests" name="processOpportunityInsert_fastReturns" time="0.258" />
  <testcase classname="DirectResponseRollupProcessorTests" name="processOpportunityInsert_invalidSourceCode" time="1.806" />
  <testcase classname="DirectResponseRollupProcessorTests" name="processOpportunityInsert_online_gift_bug_62532" time="1.828" />
  <testcase classname="DirectResponseRollupProcessorTests" name="processOpportunityInsert_opp_unwon" time="1.846" />
  <testcase classname="DirectResponseRollupProcessorTests" name="processOpportunityInserts" time="1.939" />
  <testcase classname="DirectResponseRollupProcessorTests" name="processOpportunityUpdate_fastReturns" time="1.834" />
  <testcase classname="DirectResponseRollupProcessorTests" name="processOpportunityUpdate_multipleSourceCodes" time="2.942" />
  <testcase classname="DirectResponseRollupProcessorTests" name="processOpportunityUpdate_online_gift_bug_62532" time="1.958" />
  <testcase classname="DirectResponseRollupProcessorTests" name="processOpportunityUpdate_single1" time="2.82" />
  <testcase classname="DirectResponseRollupProcessorTests" name="processOpportunityUpdate_single2" time="2.051" />
  <testcase classname="DirectResponseTests" name="bug_61973_update_linked_to_deleted_effort_segment" time="1.708" />
  <testcase classname="DirectResponseTests" name="bug_61973_update_to_delink_from_Campaign" time="1.804" />
  <testcase classname="DirectResponseTests" name="cannotChangeCodeField_CampaignCategory" time="0.447" />
  <testcase classname="DirectResponseTests" name="cannotChangeCodeField_CampaignType" time="0.431" />
  <testcase classname="DirectResponseTests" name="cannotChangeCodeField_EffortCategory" time="0.437" />
  <testcase classname="DirectResponseTests" name="cannotChangeCodeField_Channel" time="0.431" />
  <testcase classname="DirectResponseTests" name="cannotChangeCodeField_Package" time="0.437" />
  <testcase classname="DirectResponseTests" name="cannotChangeCodeField_EffortType" time="0.43" />
  <testcase classname="DirectResponseTests" name="cannotChangePackageField" time="1.066" />
  <testcase classname="DirectResponseTests" name="cannotDeletePopulatedCampaign" time="1.345" />
  <testcase classname="DirectResponseTests" name="cannotDeletePopulatedEffort" time="1.375" />
  <testcase classname="DirectResponseTests" name="cannotDeletePopulatedSegment" time="1.358" />
  <testcase classname="DirectResponseTests" name="cannot_delete_code_objects_in_use" time="1.166" />
  <testcase classname="DirectResponseTests" name="insert_with_invalid_source" time="1.298" />
  <testcase classname="DirectResponseUtilsDisabledTests" name="enableDirectResponse" time="0.33" />
  <testcase classname="DirectResponseUtilsDisabledTests" name="isDirectResponseEnabled_false" time="0.261" />
  <testcase classname="DirectResponseUtilsDisabledTests" name="isSourceCodeDefined" time="0.448" />
  <testcase classname="DirectResponseUtilsDisabledTests" name="preventIfEnabled_notEnabled" time="0.515" />
  <testcase classname="DirectResponseUtilsTests" name="cannotChangedLockedPackageFields_addbackEndPremium" time="0.719" />
  <testcase classname="DirectResponseUtilsTests" name="cannotChangedLockedPackageFields_addfrontEndPremium" time="0.762" />
  <testcase classname="DirectResponseUtilsTests" name="cannotChangedLockedPackageFields_deleteBackEndPremium" time="0.752" />
  <testcase classname="DirectResponseUtilsTests" name="cannotChangedLockedPackageFields_deleteFrontEndPremium" time="0.822" />
  <testcase classname="DirectResponseUtilsTests" name="cannotChangedLockedPackageFields_outbound" time="1.067" />
  <testcase classname="DirectResponseUtilsTests" name="cannotChangedLockedPackageFields_packageContent" time="0.901" />
  <testcase classname="DirectResponseUtilsTests" name="check_governor_limits_efforts" time="1.52" />
  <testcase classname="DirectResponseUtilsTests" name="disableDirectResponse" time="0.482" />
  <testcase classname="DirectResponseUtilsTests" name="enforceUniqueSegmentCode_insert" time="0.908" />
  <testcase classname="DirectResponseUtilsTests" name="enforceUniqueSegmentCode_insertSuccess" time="1.032" />
  <testcase classname="DirectResponseUtilsTests" name="enforceUniqueSegmentCode_insertSuccess2" time="0.89" />
  <testcase classname="DirectResponseUtilsTests" name="enforceUniqueSegmentCode_insertWithPrevious" time="1.047" />
  <testcase classname="DirectResponseUtilsTests" name="enforceUniqueSegmentCode_update" time="1.109" />
  <testcase classname="DirectResponseUtilsTests" name="isDirectResponseEnabled_true" time="0.479" />
  <testcase classname="DirectResponseUtilsTests" name="preventIfEnabled_enabled" time="0.813" />
  <testcase classname="DirectResponseUtilsTests" name="setEffortSegmentOrSource" time="1.368" />
  <testcase classname="DirectResponseUtilsTests" name="setEffortSegmentOrSource_Bad_Source" time="1.294" />
  <testcase classname="DirectResponseUtilsTests" name="setEffortSegmentOrSource_none" time="0.805" />
  <testcase classname="DirectResponseUtilsTests" name="setSegmentCode" time="0.856" />
  <testcase classname="DirectResponseUtilsTests" name="testEnforceCannotChangeLockField" time="0.541" />
  <testcase classname="DirectResponseUtilsTests" name="testGetAnalyticsServerUrl" time="0.635" />
  <testcase classname="DirectResponseUtilsTests" name="testEnforceCannotChangeLockField_allowed" time="0.542" />
  <testcase classname="DO_NOT_PACKAGE_Deleted_Field_Check_Tests" name="check_for_deleted_fields" time="0.279" />
  <testcase classname="DirectResponseUtilsTests" name="testLockPackage" time="0.9" />
  <testcase classname="DO_NOT_PACKAGE_DynamicApexTest" name="testContactQuery" time="0.594" />
  <testcase classname="DO_NOT_PACKAGE_DescribeSchema" name="testDescribe" time="0.392" />
  <testcase classname="DO_NOT_PACKAGE_DynamicApexTest" name="testDynamicQuery" time="0.56" />
  <testcase classname="DonationCreationButtonControllerTests" name="testDonationCanBeMatchedMethod" time="1.186" />
  <testcase classname="DonationCreationButtonControllerTests" name="testURLForInvitation" time="0.822" />
  <testcase classname="DonationCreationButtonControllerTests" name="testUrlForExpense" time="0.525" />
  <testcase classname="DonationCreationButtonControllerTests" name="testUrlForMatchingGift" time="1.094" />
  <testcase classname="DonationCreationFromAcctConsTest" name="testUrlForNewPledge" time="0.646" />
  <testcase classname="DonationCreationButtonFromRGTest" name="testGetNewPaymentForRecurringGift" time="0.702" />
  <testcase classname="DonationCreationFromAcctConsTest" name="testUrlForNewRecurringGift" time="0.608" />
  <testcase classname="DonationDocumentTests" name="testAckDefaultDocCreate" time="0.341" />
  <testcase classname="DonationDocumentTests" name="testAckDefaultDocDelete" time="0.518" />
  <testcase classname="DonationDocumentTests" name="testAllDocDefaultCreate" time="0.424" />
  <testcase classname="DonationDocumentTests" name="testDefaultDocUpdate" time="0.472" />
  <testcase classname="DonationDocumentTests" name="testLabelDefaultDocCreate" time="0.41" />
  <testcase classname="DonationDocumentTests" name="testReceiptDefaultDocCreate" time="0.413" />
  <testcase classname="DonationDocumentTests" name="testReceiptDefaultDocDelete" time="0.47" />
  <testcase classname="DonationDocumentTests" name="testSameNameCreate" time="0.406" />
  <testcase classname="DonationDocumentTests" name="testSameNameUpdate" time="0.439" />
  <testcase classname="DonationDocumentTests" name="testTiedDocDelete" time="1.392" />
  <testcase classname="DonationDocumentTests" name="testUpdateAllDocDefault" time="0.593" />
  <testcase classname="DonationDocumentTests" name="testUpdateDocAcknowledgmentDefault" time="0.505" />
  <testcase classname="DonationDocumentTests" name="testUpdateDocLabelDefault" time="0.488" />
  <testcase classname="DonationDocumentTests" name="testUpdateDocReceiptDefault" time="0.483" />
  <testcase classname="DonationIframe2ControllerTest" name="DonationIframe2ControllerCheck" time="0.296" />
  <testcase classname="DonationIframe2ControllerTest" name="DonationIframe2ControllerCreditCard" time="0.286" />
  <testcase classname="DonationIframe2ControllerTest" name="DonationIframe2ControllerCreditCardAmex" time="0.289" />
  <testcase classname="DonationIframeControllerTest" name="testDonationGetIframe" time="0.877" />
  <testcase classname="DonationIframeControllerTest" name="testDonationIframeController" time="0.97" />
  <testcase classname="DonationIframeControllerTest" name="testDonationIframeControllerCancel" time="1.035" />
  <testcase classname="DonationIframeControllerTest" name="testPageUrl" time="0.96" />
  <testcase classname="DonationIframeControllerTest" name="testTeamRaiserGiftParameters" time="0.95" />
  <testcase classname="DonationIframeControllerTest" name="testTeamRaiserRegistrationGiftParameters" time="1.747" />
  <testcase classname="DonationIframeControllerTest" name="testTeamRaiserTeamGiftParameters" time="1.342" />
  <testcase classname="DonationRefundAPITest" name="processRefundTest" time="0.794" />
  <testcase classname="DonationRefundAPITest" name="recordRefundTest" time="0.885" />
  <testcase classname="DonationRefundControllerTest" name="testRefundFailureForSingleDonation" time="0.886" />
  <testcase classname="DonationRefundControllerTest" name="testRefundForPledgeDonation" time="1.294" />
  <testcase classname="DonationRefundControllerTest" name="testRefundForRecurringGiftDonation" time="1.522" />
  <testcase classname="DonationRefundControllerTest" name="testRefundForSingleDonation" time="1.129" />
  <testcase classname="DonationRefundControllerTest" name="testValidationFailure" time="1.0" />
  <testcase classname="DonationTests" name="testCreateDonAutoSetName" time="0.941" />
  <testcase classname="DonationViewExtensionTest" name="testDonationViewExtensionAttemptPageRedirect" time="0.825" />
  <testcase classname="DonationViewExtensionTest" name="testDonationViewExtensionAttemptPageRedirectFalse" time="0.93" />
  <testcase classname="DonationViewExtensionTest" name="testGetShowAchButton" time="0.922" />
  <testcase classname="DonationViewExtensionTest" name="testGetShowCreditCardButton" time="0.914" />
  <testcase classname="DonorProfileReportControllerTest" name="testController" time="0.268" />
  <testcase classname="DonorProfileReportControllerTest" name="testGetDirectDonations" time="0.267" />
  <testcase classname="DonorProfileReportControllerTest" name="testGetActivityHistory" time="0.279" />
  <testcase classname="DonorProfileReportControllerTest" name="testGetIndirectDonations" time="0.276" />
  <testcase classname="DonorProfileReportControllerTest" name="testGetNotes" time="0.309" />
  <testcase classname="DonorProfileReportControllerTest" name="testGetOtherContacts" time="0.291" />
  <testcase classname="DonorProfileReportControllerTest" name="testGetPledges" time="0.271" />
  <testcase classname="DonorProfileReportControllerTest" name="testGetRelatedAddresses" time="0.272" />
  <testcase classname="DonorProfileReportControllerTest" name="testGetRecurringGifts" time="0.27" />
  <testcase classname="DRFirstResponseBatchTest" name="testDRFirstResponseBatch" time="1.644" />
  <testcase classname="DRFirstResponseBatchTest" name="testDRFirstResponseBatch_AbortTask" time="1.954" />
  <testcase classname="DRFirstResponseBatchTest" name="testDRFirstResponseBatch_requeueTask" time="2.06" />
  <testcase classname="DuplicateContactOperationTest" name="testMasterDoNotSynchronize" time="0.656" />
  <testcase classname="DRFirstResponseBatchTest" name="testGetters" time="0.283" />
  <testcase classname="DuplicateManagementTests" name="testContactDelete" time="1.1" />
  <testcase classname="DuplicateManagementTests" name="testContactsDelete" time="1.041" />
  <testcase classname="DuplicateManagementTests" name="testDuplicateMatchCheckStatus" time="0.666" />
  <testcase classname="DuplicateManagementTests" name="testNormalizationCheckStatus" time="0.643" />
  <testcase classname="DuplicateMergeAccountsControllerTest" name="testBasicMerge" time="1.207" />
  <testcase classname="DuplicateMergeFieldsControllerTest" name="testAllShouldSyncRules1" time="0.941" />
  <testcase classname="DuplicateMergeAccountsControllerTest" name="testMerge_NotEnoughAccounts" time="0.596" />
  <testcase classname="DuplicateMergeFieldsControllerTest" name="testAllShouldSyncRules2" time="0.952" />
  <testcase classname="DuplicateMergeFieldsControllerTest" name="testBasicMerge" time="2.061" />
  <testcase classname="DuplicateMergeFieldsControllerTest" name="testBasicMergeWithRelatedEmails" time="1.891" />
  <testcase classname="DuplicateMergeFieldsControllerTest" name="testCancel" time="0.88" />
  <testcase classname="DuplicateMergeFieldsControllerTest" name="testMasterAndNothingElse" time="1.749" />
  <testcase classname="DuplicateMergeFieldsControllerTest" name="testMixedSyncRules1" time="0.818" />
  <testcase classname="DuplicateMergeFieldsControllerTest" name="testMixedSyncRules2" time="0.913" />
  <testcase classname="DuplicateMergeFieldsControllerTest" name="testMixedSyncsRulesMissing" time="0.94" />
  <testcase classname="DuplicateMergeFieldsControllerTest" name="testNoMasterSelected" time="0.849" />
  <testcase classname="DuplicateMergeFieldsControllerTest" name="testRevisionMatrix1" time="0.75" />
  <testcase classname="DuplicateMergeFieldsControllerTest" name="testRevisionMatrix2" time="0.754" />
  <testcase classname="DuplicateMergeFieldsControllerTest" name="testRevisionMatrix4" time="0.754" />
  <testcase classname="DuplicateMergeFieldsControllerTest" name="testRevisionMatrix5" time="0.755" />
  <testcase classname="DuplicateMergeFieldsControllerTest" name="testRulesMissing" time="0.915" />
  <testcase classname="DuplicateMergeFieldsControllerTest" name="testShouldNotSyncRules1" time="0.929" />
  <testcase classname="DuplicateMergeFieldsControllerTest" name="testWarningIfSyncAndDoNotSync" time="0.767" />
  <testcase classname="DuplicateMergeFieldsControllerTest" name="testShouldNotSyncRules2" time="0.932" />
  <testcase classname="DuplicateMergeUtilsTests" name="testContactMergeKeepingRelatedAddresses" time="0.878" />
  <testcase classname="DuplicateMergeUtilsTests" name="testContactMergeWithDupeAddressInRelatedAddress" time="1.058" />
  <testcase classname="DuplicateMergeUtilsTests" name="testExternalIdsInAuditTrail" time="1.343" />
  <testcase classname="DuplicateMergeUtilsTests" name="testMergeOf2HHContacts" time="2.535" />
  <testcase classname="DuplicateMergeUtilsTests" name="testMergeOf2HHContactsExternalId" time="2.116" />
  <testcase classname="DuplicateMergeUtilsTests" name="testMergeOfaHHandOrgContactWGoodRelationships" time="2.331" />
  <testcase classname="DuplicateMergeUtilsTests" name="testMergeOfaHHandOrgContactWRecGifts" time="2.766" />
  <testcase classname="DuplicateMergeUtilsTests" name="testMergeOfaHHandOrgContactWRelatedAddresses" time="2.769" />
  <testcase classname="DuplicateMergeUtilsTests" name="testMergeOfaHHandOrgContactWRelatedEmailAddresses" time="1.218" />
  <testcase classname="DuplicateMergeUtilsTests" name="testMergeOfaHHandOrgContactWTributes" time="1.251" />
  <testcase classname="DuplicateMergeUtilsTests" name="testMergeWithLongExternalIds" time="1.187" />
  <testcase classname="DuplicateMergeUtilsTests" name="testMergeof2ContactsClassificationTypes" time="1.663" />
  <testcase classname="DuplicateMergeUtilsTests" name="testMergeof2ContactsPrimaryContact" time="1.032" />
  <testcase classname="DuplicateMergeUtilsTests" name="testOneExtraExternalIdInAuditTrail" time="1.194" />
  <testcase classname="DuplicateMergeUtilsTests" name="testTwoExtraExternalIdsInAuditTrail" time="1.233" />
  <testcase classname="DuplicateMergeUtilsTests" name="testValidateObjSchemaForMerge_DetectsSoftDuplicate" time="0.338" />
  <testcase classname="DuplicateMergeUtilsTests" name="testValidateObjSchemaForMerge_NoFalsePositives" time="0.344" />
  <testcase classname="DuplicateMergeUtilsTests" name="testValidateObjSchemaForMerge_DetectsHardDuplicate" time="0.352" />
  <testcase classname="EcrmIntegration2Test" name="testGetJasperServerURL" time="0.452" />
  <testcase classname="EcrmIntegration2Test" name="testGetCLAServerURL" time="0.442" />
  <testcase classname="EcrmIntegration2Test" name="testSaveCustomFieldMap" time="0.525" />
  <testcase classname="EcrmIntegration2Test" name="testIsCLACustomSettingsInstalled" time="0.458" />
  <testcase classname="EffortAllNoSourceCodeTests" name="cannot_create_effort_without_source_code_defined_enabled" time="0.689" />
  <testcase classname="EffortAllNoSourceCodeTests" name="cannot_create_effort_without_source_code_defined_not_enabled" time="0.671" />
  <testcase classname="EffortAllTests" name="can_change_non_required_fields" time="1.056" />
  <testcase classname="EffortAllTests" name="can_create_effort_once_source_code_is_defined_enabled" time="0.851" />
  <testcase classname="EffortAllTests" name="can_create_effort_once_source_code_is_defined_not_enabled" time="0.83" />
  <testcase classname="EffortAllTests" name="no_segments_can_change_channel" time="1.03" />
  <testcase classname="EffortAllTests" name="no_segments_can_change_effort_category" time="0.927" />
  <testcase classname="EffortAllTests" name="no_segments_can_change_effort_id" time="0.904" />
  <testcase classname="EffortAllTests" name="no_segments_can_change_effort_type" time="0.918" />
  <testcase classname="EffortAllTests" name="no_segments_can_change_fiscal_month" time="0.867" />
  <testcase classname="EffortAllTests" name="no_segments_can_change_fiscal_year" time="0.85" />
  <testcase classname="EffortAllTests" name="require_Channel_on_insert" time="0.738" />
  <testcase classname="EffortAllTests" name="require_Channel_on_update" time="0.878" />
  <testcase classname="EffortAllTests" name="require_EffortCategory_on_insert" time="0.755" />
  <testcase classname="EffortAllTests" name="require_EffortCategory_on_update" time="0.868" />
  <testcase classname="EffortAllTests" name="require_EffortType_on_insert" time="0.749" />
  <testcase classname="EffortAllTests" name="require_EffortType_on_update" time="0.892" />
  <testcase classname="EffortAllTests" name="segments_can_not_change_channel" time="1.089" />
  <testcase classname="EffortAllTests" name="segments_can_not_change_effort_category" time="1.111" />
  <testcase classname="EffortAllTests" name="segments_can_not_change_effort_id" time="1.066" />
  <testcase classname="EffortAllTests" name="segments_can_not_change_effort_type" time="1.098" />
  <testcase classname="EffortAllTests" name="segments_can_not_change_fiscal_month" time="1.085" />
  <testcase classname="EffortAllTests" name="segments_can_not_change_fiscal_year" time="1.097" />
  <testcase classname="EffortAllTests" name="update_multiple_efforts_allow_partial" time="2.45" />
  <testcase classname="EffortSegmentLocatorTests" name="effortSegmentLocator_emptySet" time="0.264" />
  <testcase classname="EffortSegmentLocatorTests" name="effortSegmentLocator_findByCode" time="1.149" />
  <testcase classname="EffortSegmentLocatorTests" name="effortSegmentLocator_nullList" time="0.27" />
  <testcase classname="EffortSegmentTestUtils" name="testCreateEffortSegments" time="1.059" />
  <testcase classname="EffortSegmentTriggerTests" name="can_import_source_codes" time="1.022" />
  <testcase classname="EffortSegmentTriggerTests" name="prevent_changing_reporting_source_code" time="1.058" />
  <testcase classname="EffortSegmentTriggerTests" name="reporting_source_code_set" time="1.0" />
  <testcase classname="EffortSegmentTriggerTests" name="testEnforceCannotChangePackage" time="1.065" />
  <testcase classname="EffortSegmentTriggerTests" name="testEnforceCannotChangeSegmentId" time="1.063" />
  <testcase classname="EffortSegmentTriggerTests" name="testEnforceRequiredFieldsOnCannotBeRemoved" time="1.057" />
  <testcase classname="EffortSegmentTriggerTests" name="testEnforceRequiredFieldsOnInsert" time="0.947" />
  <testcase classname="EffortSegmentTriggerTests" name="testPreventChangingSourceCode" time="1.134" />
  <testcase classname="EffortSegmentTriggerTests" name="testSourceCodeAutomaticallyCreatedOnInsert" time="1.201" />
  <testcase classname="EngagementChannelTests" name="deleteInUseByConsEngChannel" time="0.827" />
  <testcase classname="EngagementChannelTests" name="deleteInUseByCriteria" time="0.661" />
  <testcase classname="EngagementChannelTests" name="deleteInUseByOpportunity" time="1.413" />
  <testcase classname="EngagementChannelTests" name="deleteInUseByPledge" time="1.076" />
  <testcase classname="EngagementChannelTests" name="deleteInUseByRecurringGift" time="1.249" />
  <testcase classname="EngagementChannelTests" name="testBatchChannelCreation" time="0.876" />
  <testcase classname="EngagementChannelTests" name="testChangeOfPrimaryChannel" time="0.72" />
  <testcase classname="EngagementChannelTests" name="testChannelCreation" time="1.006" />
  <testcase classname="EngagementChannelTests" name="testChannelDeletion" time="1.56" />
  <testcase classname="EngagementChannelTests" name="testChannelUpdates" time="0.724" />
  <testcase classname="EngagementChannelTests" name="testDonationChangeChannel" time="1.195" />
  <testcase classname="EngagementChannelTests" name="testDupeBatchChannelCreation" time="0.862" />
  <testcase classname="EngagementChannelTests" name="testDuplicateNameInsert" time="0.41" />
  <testcase classname="EngagementChannelTests" name="testMergeContactChannels" time="1.516" />
  <testcase classname="EngagementChannelTests" name="testMergePrimaryClassification" time="1.329" />
  <testcase classname="EngagementChannelTests" name="testNameCaseChange" time="0.318" />
  <testcase classname="EngagementChannelTests" name="testSetPrimaryOnContact" time="1.242" />
  <testcase classname="EventCheckInManagerControllerTests" name="testEventRegistrationManager" time="1.389" />
  <testcase classname="EventInvitationCreationButtonTest" name="testUrlForAccountDetail" time="0.544" />
  <testcase classname="EventInvitationCreationButtonTest" name="testUrlForContactDetail" time="0.604" />
  <testcase classname="EventInvitationCreationButtonTest" name="testUrlForEventDetail" time="0.504" />
  <testcase classname="EventInvitationManagerControllerTests" name="autoIncludeContacts" time="1.049" />
  <testcase classname="EventInvitationManagerControllerTests" name="doNotAutoIncludeDeadContacts" time="1.024" />
  <testcase classname="EventInvitationManagerControllerTests" name="testCreateOrgAttendees" time="1.261" />
  <testcase classname="EventInvitationManagerControllerTests" name="testLoadBlankInvite" time="1.979" />
  <testcase classname="EventInvitationManagerControllerTests" name="testLoadConfiguredRegistration" time="1.355" />
  <testcase classname="EventLevelTest" name="testCrudEventLevel" time="2.922" />
  <testcase classname="EventTeamMangerTests" name="testTeamMgr" time="0.799" />
  <testcase classname="EventTeamMemberManagerTests" name="testLoadAllAttendeesForEvent" time="1.412" />
  <testcase classname="EventTeamMemberManagerTests" name="testLoadAllAttendeesForRegistration" time="1.417" />
  <testcase classname="EventTests" name="testAttendeeRollups" time="0.996" />
  <testcase classname="EventTests" name="testAttendeeSetEvent" time="0.899" />
  <testcase classname="EventTests" name="testEventDelete" time="1.096" />
  <testcase classname="EventTests" name="testInviteCreateWebService" time="1.348" />
  <testcase classname="EventTests" name="testInvitePreventDelete" time="1.363" />
  <testcase classname="EventTests" name="testInviteTooManyLevels" time="1.145" />
  <testcase classname="EventTests" name="testLevelDelete" time="1.125" />
  <testcase classname="EventTests" name="testLevelQuantityCalc" time="0.995" />
  <testcase classname="EventTests" name="testLocalTimeZone" time="0.611" />
  <testcase classname="EventTests" name="testRegLevelMapper" time="0.722" />
  <testcase classname="EventTests" name="testRegistrationAmountRollups" time="0.955" />
  <testcase classname="EventTests" name="testSetInviteName" time="1.78" />
  <testcase classname="EventTests" name="testTeamAttendeeRollups" time="1.126" />
  <testcase classname="fflib_ApexMocksTest" name="stubAndVerifyMethodCallsWithNoArguments" time="0.273" />
  <testcase classname="fflib_ApexMocksTest" name="verifyMethodCallWhenNoCallsBeenMadeForType" time="0.265" />
  <testcase classname="fflib_ApexMocksTest" name="verifyMultipleMethodCallsWithDifferentSingleArgument" time="0.269" />
  <testcase classname="fflib_ApexMocksTest" name="verifyMethodNotCalled" time="0.276" />
  <testcase classname="fflib_ApexMocksTest" name="verifyMultipleMethodCallsWithSameSingleArgument" time="0.271" />
  <testcase classname="fflib_ApexMocksTest" name="verifySingleMethodCallWithMultipleArguments" time="0.27" />
  <testcase classname="fflib_ApexMocksTest" name="verifySingleMethodCallWithNoArguments" time="0.265" />
  <testcase classname="fflib_ApexMocksTest" name="verifySingleMethodCallWithSingleArgument" time="0.269" />
  <testcase classname="fflib_ApexMocksTest" name="whenStubCallWithNoArgumentsShouldReturnStubbedValue" time="0.267" />
  <testcase classname="fflib_ApexMocksTest" name="whenStubExceptionTheExceptionShouldBeThrown" time="0.278" />
  <testcase classname="fflib_ApexMocksTest" name="whenStubMultipleCallsWithMultipleArgumentShouldReturnStubbedValues" time="0.275" />
  <testcase classname="fflib_ApexMocksTest" name="whenStubMultipleCallsWithSingleArgumentShouldReturnStubbedValues" time="0.271" />
  <testcase classname="fflib_ApexMocksTest" name="whenStubSameCallWithDifferentArgumentValueShouldReturnLastStubbedValue" time="0.264" />
  <testcase classname="fflib_ApexMocksTest" name="whenStubMultipleVoidMethodsWithExceptionsThenExceptionsShouldBeThrown" time="0.267" />
  <testcase classname="fflib_ApexMocksTest" name="whenStubSingleCallWithSingleArgumentShouldReturnStubbedValue" time="0.269" />
  <testcase classname="fflib_ApexMocksTest" name="whenStubVoidMethodWithExceptionAndCallMethodTwiceThenExceptionShouldBeThrownTwice" time="0.269" />
  <testcase classname="fflib_ApexMocksTest" name="whenStubVoidMethodWithExceptionThenExceptionShouldBeThrown" time="0.261" />
  <testcase classname="fflib_IDGeneratorTest" name="itShouldGenerateValidIDs" time="0.274" />
  <testcase classname="GiftAssetTests" name="testGetGiftAssetRecordType" time="0.252" />
  <testcase classname="GiftAssetTests" name="testGetGiftAssetUrlForDonation" time="0.926" />
  <testcase classname="GiftAssetTests" name="testOppValueReCalculation" time="1.829" />
  <testcase classname="GiftAssetTests" name="testStockValueCalculation" time="1.398" />
  <testcase classname="HouseholdCopyAddressControllerExtTest" name="testUpdateAccountContacts_noAccountContacts" time="0.455" />
  <testcase classname="HouseholdCopyAddressControllerExtTest" name="testUpdateAccountContacts_pass" time="0.76" />
  <testcase classname="IncomingRedirectControllerTest" name="testActionUrlFragmentResolution" time="0.282" />
  <testcase classname="IncomingRedirectControllerTest" name="testLcrmObjectUrlFragmentResolution" time="0.284" />
  <testcase classname="IncomingRedirectControllerTest" name="testRedirect" time="0.28" />
  <testcase classname="IncomingRedirectControllerTest" name="testRedirectInvalidParameters" time="0.333" />
  <testcase classname="IncomingRedirectControllerTest" name="testRedirectMissingParameters" time="0.328" />
  <testcase classname="IntegrationSettingsUtilsTests" name="getMulticenterPackageNamespaceReturnsBlankWhenGivenBlank" time="0.271" />
  <testcase classname="IntegrationSettingsUtilsTests" name="getMulticenterPackageNamespaceReturnsBlankWhenGivenNull" time="0.278" />
  <testcase classname="IntegrationSettingsUtilsTests" name="integrationSettingsGetters" time="0.274" />
  <testcase classname="IntegrationSettingsUtilsTests" name="getMulticenterPackageNamespaceReturnsExpectedValues" time="0.284" />
  <testcase classname="MailMergeTests" name="testAcknowledgementStatusUpdate" time="3.446" />
  <testcase classname="MailMergeTests" name="testBoth" time="3.225" />
  <testcase classname="MailMergeTests" name="testReceiptStatusUpdate" time="3.484" />
  <testcase classname="MailMergeTests" name="testTaskCreateOnly" time="1.061" />
  <testcase classname="MergeAPITest" name="testGetOnlineValues" time="0.483" />
  <testcase classname="MergeAPITest" name="testMergeAccounts_ConvertedLead" time="0.989" />
  <testcase classname="MergeAPITest" name="testMergeAccounts_Simple" time="0.869" />
  <testcase classname="MergeAPITest" name="testMergeOf2Accounts" time="0.607" />
  <testcase classname="MergeAPITest" name="testMergeOfAccountRelationships" time="1.029" />
  <testcase classname="MergeAPITest" name="testSetRevisionIDs" time="0.681" />
  <testcase classname="MergeAPITest" name="testValidateMerge" time="1.584" />
  <testcase classname="MergeAPITest" name="testValidateSetRevisionIDs" time="0.674" />
  <testcase classname="MetadataServiceTest" name="coverGeneratedCodeCRUDOperations" time="0.264" />
  <testcase classname="MetadataUtilsTest" name="testAddFieldsBelowExistingField" time="0.277" />
  <testcase classname="MetadataUtilsTest" name="testAddFieldsToLayout" time="0.276" />
  <testcase classname="MetadataUtilsTest" name="testAddItemsBelowExistingItemInColumn" time="0.277" />
  <testcase classname="MetadataServiceTest" name="coverGeneratedCodeTypes" time="0.42" />
  <testcase classname="MetadataUtilsTest" name="testAddPagesToLayout" time="0.276" />
  <testcase classname="MetadataUtilsTest" name="testAddRelatedListsToLayout_LayoutHasAnExistingRelatedList" time="0.264" />
  <testcase classname="MetadataUtilsTest" name="testAddRelatedListsToLayout_LayoutHasNoRelatedLists" time="0.26" />
  <testcase classname="MetadataUtilsTest" name="testBuildFieldList_orderPreserved" time="0.271" />
  <testcase classname="MetadataUtilsTest" name="testBuildPageList" time="0.278" />
  <testcase classname="MetadataUtilsTest" name="testCreateNewRelatedLists_emptyInput" time="0.267" />
  <testcase classname="MetadataUtilsTest" name="testCreateNewRelatedLists_TwoNewRelatedLists" time="0.272" />
  <testcase classname="MetadataUtilsTest" name="testGetColumnContainingField" time="0.281" />
  <testcase classname="MetadataUtilsTest" name="testCreateService" time="0.278" />
  <testcase classname="MetadataUtilsTest" name="testGetColumnContainingSControl" time="0.277" />
  <testcase classname="MetadataUtilsTest" name="testGetColumnFieldIndex" time="0.265" />
  <testcase classname="MetadataUtilsTest" name="testGetPagesNotOnLayout" time="0.277" />
  <testcase classname="MetadataUtilsTest" name="testGetListViewFieldIndex" time="0.274" />
  <testcase classname="MetadataUtilsTest" name="testGetFieldsNotOnLayout" time="0.278" />
  <testcase classname="MetadataUtilsTest" name="testGetRelatedListFieldIndex" time="0.271" />
  <testcase classname="MetadataUtilsTest" name="testGetRelatedListFromLayout" time="0.267" />
  <testcase classname="MetadataUtilsTest" name="testGetRelatedListFromLayout_LayoutHasNoRelatedLists" time="0.269" />
  <testcase classname="MetadataUtilsTest" name="testHandleSaveResult_Error" time="0.276" />
  <testcase classname="MetadataUtilsTest" name="testGetSectionFromLayout" time="0.274" />
  <testcase classname="MetadataUtilsTest" name="testGetRelatedListFromLayout_NotInLayout" time="0.264" />
  <testcase classname="MetadataUtilsTest" name="testHandleSaveResult_Success" time="0.269" />
  <testcase classname="MetadataUtilsTest" name="testMakeFieldLayoutItem" time="0.382" />
  <testcase classname="MetadataUtilsTest" name="testIsFieldInLayout_InLayout" time="0.299" />
  <testcase classname="MetadataUtilsTest" name="testIsFieldInLayout_NotInLayout" time="0.328" />
  <testcase classname="MetadataUtilsTest" name="testProcessSaveResults" time="0.301" />
  <testcase classname="MetadataUtilsTest" name="testSetCustomHelpLink" time="0.288" />
  <testcase classname="MetadataUtilsTest" name="testRemoveField" time="0.289" />
  <testcase classname="MetadataUtilsTest" name="testUpdateListView_FieldDoesNotExist" time="0.278" />
  <testcase classname="MetadataUtilsTest" name="testUpdateRelatedListsOnLayout_LayoutHasNoRelatedLists" time="0.261" />
  <testcase classname="MetadataUtilsTest" name="testUpdateRelatedListsOnLayout_FieldIsReplaced" time="0.269" />
  <testcase classname="MetadataUtilsTest" name="testUpdateListView_FieldIsReplaced" time="0.29" />
  <testcase classname="MetadataUtilsTest" name="testUpdateRelatedListsOnLayout_LayoutMissingThisRelatedList" time="0.264" />
  <testcase classname="MetadataUtilsTest" name="testaddPagesBelowExistingScontrol" time="0.27" />
  <testcase classname="MetadataUtilsTest" name="testUpdateRelatedListsOnLayout_RelatedListMissingFieldToRemove" time="0.262" />
  <testcase classname="NearbyDonorsControllerTests" name="testExactAndPartialMatches" time="0.328" />
  <testcase classname="NearbyDonorsControllerTests" name="testValidateZipCode" time="0.271" />
  <testcase classname="NearbyDonorsControllerTests" name="testIsCanadianZipCode" time="0.27" />
  <testcase classname="NearbyDonorsControllerTests" name="testIsAmericanZipCode" time="0.275" />
  <testcase classname="NumberUtilsTest" name="testParseLong_AllValidNumberCharacters" time="0.264" />
  <testcase classname="NumberUtilsTest" name="testParseLong_Illegal_NumberSymbolNotAppropriateForRadix" time="0.261" />
  <testcase classname="NumberUtilsTest" name="testParseLong_Illegal_NonNumberSymbol" time="0.263" />
  <testcase classname="NumberUtilsTest" name="testParseLong_Illegal_RadixTooLarge" time="0.262" />
  <testcase classname="NumberUtilsTest" name="testParseLong_PositiveValue" time="0.264" />
  <testcase classname="NumberUtilsTest" name="testParseLong_NegativeValue" time="0.272" />
  <testcase classname="NumberUtilsTest" name="testParseLong_Illegal_RadixTooSmall" time="0.265" />
  <testcase classname="NumberUtilsTest" name="testParseLong_ZeroValue" time="0.263" />
  <testcase classname="OpenDonationSortHelperTest" name="testSort" time="0.289" />
  <testcase classname="OnInstallVerificationTests" name="installTest_CheckForCustomContactField_ConvioIdDistinct" time="0.324" />
  <testcase classname="OpportunityTests" name="testDescriptionEventParsing" time="0.341" />
  <testcase classname="OpportunityTests" name="testCampaignMemberStatusUpdates" time="1.095" />
  <testcase classname="OpportunityTests" name="testDonationNameWorkflow" time="0.754" />
  <testcase classname="OpportunityTests" name="testDonationName" time="0.328" />
  <testcase classname="OpportunityTests" name="testDonationPaymentIncrementsGiftAmountOnUpdate" time="1.012" />
  <testcase classname="OpportunityTests" name="testDonationZeroAmount" time="1.529" />
  <testcase classname="OpportunityTests" name="testDonationZeroAmountMultipleDesignations" time="1.303" />
  <testcase classname="OpportunityTests" name="testEventExpenseDonation" time="1.574" />
  <testcase classname="OpportunityTests" name="testEventRegPayment" time="1.75" />
  <testcase classname="OpportunityTests" name="testGiftAssetRecalculation" time="1.229" />
  <testcase classname="OpportunityTests" name="testGiftReversal" time="1.16" />
  <testcase classname="OpportunityTests" name="testGrantClose" time="0.687" />
  <testcase classname="OpportunityTests" name="testGrantPledgeClose" time="0.864" />
  <testcase classname="OpportunityTests" name="testLinkedAccountWithCodes" time="1.142" />
  <testcase classname="OpportunityTests" name="testMajorGiftPledgeClose" time="0.871" />
  <testcase classname="OpportunityTests" name="testMajorGiftClose" time="0.756" />
  <testcase classname="OpportunityTests" name="testMatchingGift" time="1.797" />
  <testcase classname="OpportunityTests" name="testMatchingGiftFromRelationships" time="1.252" />
  <testcase classname="OpportunityTests" name="testMatchingGiftLink" time="1.844" />
  <testcase classname="OpportunityTests" name="testOpportunityAmountUpdate" time="1.243" />
  <testcase classname="OpportunityTests" name="testOpportunityAmountUpdateRounding" time="1.193" />
  <testcase classname="OpportunityTests" name="testOpportunityContactRoleCreate" time="0.675" />
  <testcase classname="OpportunityTests" name="testOpportunityContactRoleSoftCreditCreate" time="1.692" />
  <testcase classname="OpportunityTests" name="testOpportunityContactRoleSoftCreditCreateNoDups" time="1.131" />
  <testcase classname="OpportunityTests" name="testOpportunityDefaultDesignationCreate" time="0.667" />
  <testcase classname="OpportunityTests" name="testOpportunityContactUpdateOCR" time="1.243" />
  <testcase classname="OpportunityTests" name="testOpportunityPledgeTypeUpdate" time="0.894" />
  <testcase classname="OpportunityTests" name="testOpportunityRecordTypeDefault" time="0.582" />
  <testcase classname="OpportunityTests" name="testPostOpportunity" time="1.11" />
  <testcase classname="OpportunityTests" name="testPostReversedDesignation" time="1.197" />
  <testcase classname="OpportunityTests" name="testQueryLimitNewDonation" time="2.203" />
  <testcase classname="OpportunityTests" name="testSetAcknowledgeDate" time="1.109" />
  <testcase classname="OpportunityTests" name="testSetGrantMilestoneDatesFilled" time="1.698" />
  <testcase classname="OpportunityTests" name="testSetGrantMilstoneDates" time="1.69" />
  <testcase classname="OpportunityTests" name="testSetReceiptedDate" time="1.13" />
  <testcase classname="OpportunityTests2" name="testChangeRecordTypeFromRecurringToSingleUpdatesLastPaymentAmount" time="1.656" />
  <testcase classname="OpportunityTests2" name="testDonationContactRolesControllerEdit" time="1.491" />
  <testcase classname="OpportunityTests2" name="testDonationContactRolesControllerEditPartialCredits" time="2.617" />
  <testcase classname="OpportunityTests2" name="testDonationContactRolesControllerView" time="0.958" />
  <testcase classname="OpportunityTests2" name="testMaskCCNumber" time="1.131" />
  <testcase classname="OpportunityTests2" name="testOpportunityDefaultDesignationForCampaign" time="0.839" />
  <testcase classname="OpportunityTests2" name="testOpportunityAmountUpdateAfterReversal" time="1.442" />
  <testcase classname="OpportunityTests2" name="testOpportunityDefaultDesignationForGrantAsPledge" time="1.165" />
  <testcase classname="OpportunityTests2" name="testOpportunityDefaultDesignationForMajorGiftAsPledge" time="1.198" />
  <testcase classname="OpportunityTests2" name="testOpportunityLinkChangesGiftPayments_giftWithPayments" time="1.745" />
  <testcase classname="OpportunityTests2" name="testOpportunityLinkChangesGiftPayments_giftWithPaymentsOldPaymentLinked" time="1.642" />
  <testcase classname="OpportunityTests2" name="testOpportunityLinkChangesGiftPayments_giftWithoutPayments" time="1.356" />
  <testcase classname="OpportunityTests2" name="testOpportunityNotReceivedToReceived_LPAShouldBeUpdated" time="1.702" />
  <testcase classname="OpportunityTests2" name="testOpportunityNotReceivedToReceived_LPAShouldNotBeUpdated" time="1.723" />
  <testcase classname="OpportunityTests2" name="testOpportunityPreventPostedDelete" time="1.935" />
  <testcase classname="OpportunityTests2" name="testOpportunityPreventUnpostedReversalDelete" time="1.432" />
  <testcase classname="OpportunityTests2" name="testOpportunityPreventUnpostingWithoutReversal" time="1.222" />
  <testcase classname="OpportunityTests2" name="testPostReversedDesignation" time="1.177" />
  <testcase classname="OpportunityTests2" name="testPostedOpportunityAmountUpdate" time="1.266" />
  <testcase classname="OpportunityTests2" name="testPreventPostedCreate" time="0.715" />
  <testcase classname="OpportunityTests2" name="testPreventReversedCreate" time="0.722" />
  <testcase classname="OpportunityTests2" name="testPreventReversedUpdate" time="0.969" />
  <testcase classname="OpportunityTests2" name="testSegments" time="1.293" />
  <testcase classname="OpportunityTests2" name="testUpdateOpportunityPostedDate" time="1.255" />
  <testcase classname="OpportunityUtilsTest" name="testIsBusSupportedPaymentType" time="0.331" />
  <testcase classname="OppRecalcUtilsTest" name="testAutoAllocateOverpay" time="2.059" />
  <testcase classname="OppRecalcUtilsTest" name="testAutoAllocateUnderpay" time="1.629" />
  <testcase classname="OppRecalcUtilsTest" name="testAutoAllocateUnderpayWithBenefit" time="1.629" />
  <testcase classname="OppRecalcUtilsTest" name="testOverPayRemovePaymentSubsequentDecreaseBenefit" time="1.593" />
  <testcase classname="OppRecalcUtilsTest" name="testOverPayRemovePaymentSubsequentDecreaseBenefit2" time="1.69" />
  <testcase classname="OppRecalcUtilsTest" name="testOverPayRemoveSinglePaymentFinal" time="1.764" />
  <testcase classname="OppRecalcUtilsTest" name="testOverPayRemoveSinglePaymentSubsequent" time="1.748" />
  <testcase classname="OppRecalcUtilsTest" name="testOverPayRemoveSinglePaymentSubsequentFuture" time="1.757" />
  <testcase classname="OppRecalcUtilsTest" name="testOverPayRemoveSubsequentExactWithBenefit" time="1.763" />
  <testcase classname="OppRecalcUtilsTest" name="testOverPayRemoveSubsequentExactWithBenefit2" time="2.298" />
  <testcase classname="OppRecalcUtilsTest" name="testOverPayRemoveTwoPaymentsSubsequent" time="1.742" />
  <testcase classname="OppRecalcUtilsTest" name="testOverPayRemoveTwoPaymentsSubsequentRemoveBenefit" time="1.737" />
  <testcase classname="OppRecalcUtilsTest" name="testUnderPayAddNewSubsequentPayment" time="1.674" />
  <testcase classname="OppRecalcUtilsTest" name="testUnderPayAddPayment" time="1.695" />
  <testcase classname="OppRecalcUtilsTest" name="testUnderPayAddPaymentWithBenefit" time="1.652" />
  <testcase classname="OppRecalcUtilsTest" name="testUnderPayAddToSubsequentPayment" time="1.54" />
  <testcase classname="OppRecalcUtilsTest" name="testUnderPayAddToSubsequentPaymentWithBenefit" time="1.609" />
  <testcase classname="PledgeExtensionTest" name="testProcessCancel" time="0.675" />
  <testcase classname="PledgeExtensionTest" name="testServiceCenterEnabled" time="0.803" />
  <testcase classname="PledgeExtensionTest" name="testServiceCenterUrl" time="0.806" />
  <testcase classname="PledgeIFrame2ControllerTest" name="testPledgeIFrame2ControllerCheck" time="0.267" />
  <testcase classname="PledgeIFrame2ControllerTest" name="testPledgeIFrame2ControllerCreditCardAmex" time="0.272" />
  <testcase classname="PledgeIFrame2ControllerTest" name="testPledgeIFrame2ControllerNoPledgeId" time="0.274" />
  <testcase classname="PledgeIFrame2ControllerTest" name="testPledgeIFrame2ControllerTest" time="0.271" />
  <testcase classname="PledgeIFrameControllerTest" name="testPledgeIframeControllerInitialize" time="0.919" />
  <testcase classname="PledgeIFrameControllerTest" name="testPledgeSave" time="1.199" />
  <testcase classname="PledgeRecalculationControllerTest" name="testController" time="1.181" />
  <testcase classname="PledgeRecalculationControllerTest" name="testSavePledgeInfo" time="2.044" />
  <testcase classname="PledgeRecalculationControllerTest" name="testSavePledgeInfoUpdateAmount" time="2.052" />
  <testcase classname="PledgeRecalculationDefaultControllerTest" name="testConstructorAndSave" time="0.343" />
  <testcase classname="PledgeServiceCenterControllerTest" name="testCancel" time="0.721" />
  <testcase classname="PledgeServiceCenterControllerTest" name="testPledgeAmountValidation" time="0.773" />
  <testcase classname="PledgeServiceCenterControllerTest" name="testPledgeNextPaymentDateValidation" time="0.765" />
  <testcase classname="PledgeUtilsTests" name="testCreatePledgePaymentsPreview" time="0.457" />
  <testcase classname="PledgeUtilsTests" name="testCreatePledgePaymentDesignations" time="0.881" />
  <testcase classname="PledgeUtilsTests" name="testCreatePledgePaymentsRounding" time="0.885" />
  <testcase classname="PledgeUtilsTests" name="testCreatePledgePaymentsRounding2" time="1.051" />
  <testcase classname="PledgeUtilsTests" name="testCreatePledgePaymentsService" time="0.749" />
  <testcase classname="PledgeUtilsTests" name="testDeletePledge" time="1.677" />
  <testcase classname="PledgeUtilsTests" name="testPledgeDefaultDesignationCreate" time="0.492" />
  <testcase classname="PledgeUtilsTests" name="testNewPledge" time="1.235" />
  <testcase classname="PledgeUtilsTests" name="testPledgeDesignationUpdate" time="1.094" />
  <testcase classname="PledgeUtilsTests" name="testPledgeLastPaymentAmountUpdate_changedAmount" time="1.185" />
  <testcase classname="PledgeUtilsTests" name="testPledgeLastPaymentAmountUpdate_paymentsNotInOrder" time="1.294" />
  <testcase classname="PledgeUtilsTests" name="testPledgeName" time="0.327" />
  <testcase classname="PledgeUtilsTests" name="testPledgeNameWorkflow" time="0.806" />
  <testcase classname="PledgeUtilsTests" name="testPledgePaymentNumbersUpdate" time="1.265" />
  <testcase classname="PledgeUtilsTests" name="testPledgeWriteInDesignationCreate" time="0.484" />
  <testcase classname="PledgeUtilsTests" name="testPledgePaymentNumbersUpdateHonoreeInfoPreserved" time="1.423" />
  <testcase classname="PledgeUtilsTests" name="testPledgesWithNullAcctId" time="0.579" />
  <testcase classname="PledgeUtilsTests" name="testPreciseFields" time="0.718" />
  <testcase classname="PledgeUtilsTests" name="testReCreatePaymentCalculation" time="1.941" />
  <testcase classname="PledgeUtilsTests" name="testSetOriginalPledgeAmount" time="0.813" />
  <testcase classname="PledgeUtilsTests" name="testUpdatePledge" time="0.954" />
  <testcase classname="PledgeUtilsTests" name="testUpdatePledgeAmount" time="1.511" />
  <testcase classname="PledgeUtilsTests" name="testUpdatePledgeAmountAfterReversal" time="1.788" />
  <testcase classname="PledgeUtilsTests" name="testUpdatePledgeMemorialInfo" time="1.642" />
  <testcase classname="PledgeUtilsTests" name="testUpdatePledgePaymentCreateAdjustBeforeCreation" time="0.7" />
  <testcase classname="PledgeUtilsTests" name="testUpdatePledgePaymentCreateDecreaseNumPayments" time="0.899" />
  <testcase classname="PledgeUtilsTests" name="testUpdatePledgePaymentCreateEcrmGiftOrigin" time="0.998" />
  <testcase classname="PledgeUtilsTests" name="testUpdatePledgePaymentCreateIncreaseNumPayments" time="1.593" />
  <testcase classname="PledgeUtilsTests" name="testUpdatePledgePaymentCreatePostPayment" time="2.613" />
  <testcase classname="PledgeUtilsTests" name="testUpdatePledgePaymentsRoundingIncreaseNumPayments" time="2.333" />
  <testcase classname="PledgeUtilsTests2" name="testCommitPledgeFromBatch" time="1.492" />
  <testcase classname="PledgeUtilsTests2" name="testEcrmIntegrationDesignationsComplete" time="0.825" />
  <testcase classname="PledgeUtilsTests2" name="testOppUtilsSetLastPaymentAmount_CC" time="1.434" />
  <testcase classname="PledgeUtilsTests2" name="testOppUtilsSetLastPaymentAmount_Cash" time="1.42" />
  <testcase classname="PledgeUtilsTests2" name="testOppUtilsSetLastPaymentAmount_Refund_Cash" time="1.344" />
  <testcase classname="PledgeUtilsTests2" name="testOppUtilsSetLastPaymentAmount_updatesPayment" time="2.465" />
  <testcase classname="PledgeUtilsTests2" name="testOppUtilsUpdateNextAmountWithChange" time="1.231" />
  <testcase classname="PledgeUtilsTests2" name="testOppUtilsUpdateNextPaymentDateAndAmount" time="1.406" />
  <testcase classname="PledgeUtilsTests2" name="testPledgeReversal" time="0.995" />
  <testcase classname="PledgeUtilsTests2" name="testPostPledge" time="0.94" />
  <testcase classname="PledgeUtilsTests2" name="testPostedDateUpdate" time="0.983" />
  <testcase classname="PledgeUtilsTests2" name="testPreventPostedCreate" time="0.637" />
  <testcase classname="PledgeUtilsTests2" name="testPreventPostedDelete" time="1.223" />
  <testcase classname="PledgeUtilsTests2" name="testPreventReversedCreate" time="0.645" />
  <testcase classname="PledgeUtilsTests2" name="testPreventReversedUpdate" time="0.938" />
  <testcase classname="PledgeUtilsTests2" name="testPreventUnpostedReversalDelete" time="1.251" />
  <testcase classname="PledgeUtilsTests2" name="testPreventUnpostingWithoutReversal" time="1.063" />
  <testcase classname="PledgeUtilsTests2" name="testSetAccountOnPledge" time="1.003" />
  <testcase classname="PostUpgradeNewRecurringGiftModelTest" name="testAddCustomObjectsToMap" time="0.28" />
  <testcase classname="PostUpgradeNewRecurringGiftModelTest" name="testAddLayoutsToMap" time="0.273" />
  <testcase classname="PostUpgradeNewRecurringGiftModelTest" name="testAddListViewToMap" time="0.268" />
  <testcase classname="PostUpgradeNewRecurringGiftModelTest" name="testAddRelatedListsToRecurringGiftLayout" time="0.27" />
  <testcase classname="PotentialDuplicateUtilTest" name="testUpdateAndDeletePD" time="0.725" />
  <testcase classname="RecurrenceObjTest" name="monthlyOnFirstOnSchedule" time="0.248" />
  <testcase classname="RecurrenceObjTest" name="monthlyRGAheadOfSchedule" time="0.266" />
  <testcase classname="RecurrenceObjTest" name="monthlyRGBehindSchedule" time="0.271" />
  <testcase classname="RecurrenceObjTest" name="monthlyRGIsOnSchedule" time="0.268" />
  <testcase classname="RecurrenceObjTest" name="monthlyRGDayAfterDue" time="0.272" />
  <testcase classname="RecurrenceObjTest" name="monthlyRGOnDayDue" time="0.268" />
  <testcase classname="RecurrenceObjTest" name="quarterlyAheadOfSchedule" time="0.265" />
  <testcase classname="RecurrenceObjTest" name="quarterlyBehindSchedule" time="0.265" />
  <testcase classname="RecurrenceObjTest" name="quarterlyDayBeforeDue" time="0.274" />
  <testcase classname="RecurrenceObjTest" name="quarterlyOnDueDate" time="0.267" />
  <testcase classname="RecurrenceObjTest" name="quarterlyOnSchedule" time="0.267" />
  <testcase classname="RecurrenceObjTest" name="testNextDueDateIfMissedPayment" time="0.743" />
  <testcase classname="RecurrenceObjTest" name="testNextDueDateIfPaidAhead" time="0.789" />
  <testcase classname="RecurrenceObjTest" name="testNthDayOfMonthOrLastDayLeapYears" time="0.332" />
  <testcase classname="RecurrenceObjTest" name="testNthDayOfMonthOrLastDayThrowsWhenDateIsInvalid" time="0.268" />
  <testcase classname="RecurrenceObjTest" name="testNthDayOfMonthOrLastDayThrowsWhenDayIsInvalid" time="0.268" />
  <testcase classname="RecurrenceObjTest" name="testNthDayOfMonthOrLastDayTypicalYear" time="0.27" />
  <testcase classname="RecurrenceObjTest" name="testOccursOnMonthThrowsWhenMonthIsInvalid" time="0.261" />
  <testcase classname="RecurrenceObjTest" name="testOccursOnMonthThrowsWhenRecurrenceIsUninstantiated" time="0.265" />
  <testcase classname="RecurrenceObjTest" name="testOccursOnMonthWithMonthlyRecurrence" time="0.272" />
  <testcase classname="RecurrenceObjTest" name="testOccursOnMonthWithQuarterlyRecurrence" time="0.272" />
  <testcase classname="RecurrenceObjTest" name="testOccursOnMonthWithYearlyRecurrence" time="0.264" />
  <testcase classname="RecurrenceObjTest" name="testPaidThroughIfMissedPayment" time="0.73" />
  <testcase classname="RecurrenceObjTest" name="testPaidThroughIfPaidAhead" time="0.784" />
  <testcase classname="RecurrenceObjTest" name="testPaidThroughThrowsWhenGiftIsInvalid" time="0.741" />
  <testcase classname="RecurrenceObjTest" name="testRecurringGiftAllTriggerUpdatesDateFields" time="0.794" />
  <testcase classname="RecurrenceObjTest" name="yearlyAheadOfSchedule" time="0.282" />
  <testcase classname="RecurrenceObjTest" name="yearlyBehindSchedule" time="0.279" />
  <testcase classname="RecurrenceObjTest" name="yearlyDayAfterDueDate" time="0.271" />
  <testcase classname="RecurrenceObjTest" name="yearlyOnDueDate" time="0.271" />
  <testcase classname="RecurrenceObjTest" name="yearlyOnSchedule" time="0.268" />
  <testcase classname="RecurringDateUtilsTest" name="calculateNextDueDateAfterPaymentIfNotScheduledToday" time="0.692" />
  <testcase classname="RecurringDateUtilsTest" name="calculateNextDueDateAfterPaymentIfScheduledTodayWithCommitment" time="0.854" />
  <testcase classname="RecurringDateUtilsTest" name="calculateNextDueDateAfterPaymentIfScheduledTodayWithNoCommitment" time="0.792" />
  <testcase classname="RecurringDateUtilsTest" name="getNextDateThrowsWhenNoRecurrenceScheduleOrLastPaymentDateSet" time="0.319" />
  <testcase classname="RecurringDateUtilsTest" name="handleLuminateOnlineDateChangeThrowsWhenDateIsNull" time="0.268" />
  <testcase classname="RecurringDateUtilsTest" name="testGetDatesInterval_endDateBeforeFromDate" time="0.256" />
  <testcase classname="RecurringDateUtilsTest" name="handleLuminateOnlineDateChangeThrowsWhenRGIsNull" time="0.261" />
  <testcase classname="RecurringDateUtilsTest" name="testGetDatesInterval_lastRunDaysBefore" time="0.258" />
  <testcase classname="RecurringDateUtilsTest" name="testGetDatesInterval_lastRunYesterday" time="0.254" />
  <testcase classname="RecurringDateUtilsTest" name="testGetRecurrenceDescriptionDayThirtyOne" time="0.315" />
  <testcase classname="RecurringDateUtilsTest" name="testGetRecurrenceDescription_RG_Monthly_New" time="0.32" />
  <testcase classname="RecurringDateUtilsTest" name="testGetRecurrenceDescription_RG_Quarterly_New" time="0.318" />
  <testcase classname="RecurringDateUtilsTest" name="testGetRecurrenceDescription_RG_Yearly_New" time="0.317" />
  <testcase classname="RecurringDateUtilsTest" name="testLuminateOnlineDateChangeMonthly2Whole" time="0.911" />
  <testcase classname="RecurringDateUtilsTest" name="testLuminateOnlineDateChangeMonthlyDay" time="0.884" />
  <testcase classname="RecurringDateUtilsTest" name="testLuminateOnlineDateChangeMonthlyPartial" time="0.889" />
  <testcase classname="RecurringDateUtilsTest" name="testLuminateOnlineDateChangeMonthlyWhole" time="0.891" />
  <testcase classname="RecurringDateUtilsTest" name="testLuminateOnlineDateChangeNegativeForgiveness" time="0.995" />
  <testcase classname="RecurringDateUtilsTest" name="testLuminateOnlineDateChangeNegativeForgivenessFromOverpaid" time="1.555" />
  <testcase classname="RecurringDateUtilsTest" name="testLuminateOnlineDateChangeQuarterlyPartial01" time="0.908" />
  <testcase classname="RecurringDateUtilsTest" name="testLuminateOnlineDateChangeQuarterlyPartial02" time="0.908" />
  <testcase classname="RecurringDateUtilsTest" name="testLuminateOnlineDateChangeQuarterlyPartial15" time="0.913" />
  <testcase classname="RecurringDateUtilsTest" name="testLuminateOnlineDateChangeQuarterlyPartial29" time="0.965" />
  <testcase classname="RecurringDateUtilsTest" name="testLuminateOnlineDateChangeQuarterlyPartial31" time="0.933" />
  <testcase classname="RecurringDateUtilsTest" name="testLuminateOnlineDateChangeQuarterlyPartial30" time="0.92" />
  <testcase classname="RecurringDateUtilsTest" name="testLuminateOnlineDateChangeQuarterlyPartial32" time="0.918" />
  <testcase classname="RecurringDateUtilsTest" name="testLuminateOnlineDateChangeQuarterlyPartial59" time="0.928" />
  <testcase classname="RecurringDateUtilsTest" name="testLuminateOnlineDateChangeQuarterlyPartial60" time="0.913" />
  <testcase classname="RecurringDateUtilsTest" name="testLuminateOnlineDateChangeQuarterlyPartial61" time="0.895" />
  <testcase classname="RecurringDateUtilsTest" name="testLuminateOnlineDateChangeQuarterlyPartial89" time="0.886" />
  <testcase classname="RecurringDateUtilsTest" name="testLuminateOnlineDateChangeQuarterlyPartial90" time="0.898" />
  <testcase classname="RecurringDateUtilsTest" name="testLuminateOnlineDateChangeQuarterlyPartial91" time="0.892" />
  <testcase classname="RecurringDateUtilsTest" name="testLuminateOnlineDateChangeQuarterlySkip" time="0.862" />
  <testcase classname="RecurringDateUtilsTest" name="testLuminateOnlineDateChangeQuarterlySkip2" time="0.896" />
  <testcase classname="RecurringDateUtilsTest" name="testLuminateOnlineDateChangeWithBigUnderpaidBalance" time="1.0" />
  <testcase classname="RecurringDateUtilsTest" name="testLuminateOnlineDateChangeWithUnderpaidBalance" time="0.975" />
  <testcase classname="RecurringDateUtilsTest" name="testLuminateOnlineDateChangeWithUnderpaidBalanceQuarterly" time="1.014" />
  <testcase classname="RecurringDateUtilsTest" name="testLuminateOnlineDateChangeYearlyPartial" time="0.921" />
  <testcase classname="RecurringDateUtilsTest" name="testLuminateOnlineDateChangeYearlySkip" time="0.87" />
  <testcase classname="RecurringDateUtilsTest" name="testLuminateOnlineDateChangeYearlySkip2" time="0.869" />
  <testcase classname="RecurringDateUtilsTest" name="testMonthlyDate" time="0.257" />
  <testcase classname="RecurringDateUtilsTest" name="testMonthlyDateBefore" time="0.261" />
  <testcase classname="RecurringDateUtilsTest" name="testMonthlyIntervalDate" time="0.266" />
  <testcase classname="RecurringDateUtilsTest" name="testMonthlyNthDate2" time="0.311" />
  <testcase classname="RecurringDateUtilsTest" name="testMonthlyNthDate" time="0.261" />
  <testcase classname="RecurringDateUtilsTest" name="testMonthlyNthDate3" time="0.264" />
  <testcase classname="RecurringDateUtilsTest" name="testMonthly_MissingRecurrenceInterval" time="0.26" />
  <testcase classname="RecurringDateUtilsTest" name="testNextDueDateMonthly" time="0.72" />
  <testcase classname="RecurringDateUtilsTest" name="testNextDueDateQuarterly" time="0.781" />
  <testcase classname="RecurringDateUtilsTest" name="testNextDueDateYearly" time="0.789" />
  <testcase classname="RecurringDateUtilsTest" name="testNextDueThrowsWhenDateIsNull" time="0.734" />
  <testcase classname="RecurringDateUtilsTest" name="testNextDueThrowsWhenGiftIsInvalid" time="0.737" />
  <testcase classname="RecurringDateUtilsTest" name="testNextDueThrowsWhenGiftIsNull" time="0.269" />
  <testcase classname="RecurringDateUtilsTest" name="testPaidThroughLongMonths" time="0.776" />
  <testcase classname="RecurringDateUtilsTest" name="testPaidThroughThrowsWhenDateIsNull" time="0.729" />
  <testcase classname="RecurringDateUtilsTest" name="testPaidThroughThrowsWhenGiftIsNull" time="0.271" />
  <testcase classname="RecurringDateUtilsTest" name="testQuarterlyDate" time="0.258" />
  <testcase classname="RecurringDateUtilsTest" name="testWeeklyDate2" time="0.307" />
  <testcase classname="RecurringDateUtilsTest" name="testWeeklyDate" time="0.337" />
  <testcase classname="RecurringDateUtilsTest" name="testWeeklyDate3" time="0.316" />
  <testcase classname="RecurringDateUtilsTest" name="testWeeklyDate4" time="0.312" />
  <testcase classname="RecurringDateUtilsTest" name="testYearlyDate" time="0.265" />
  <testcase classname="RecurringDateUtilsTest" name="testYearlyDateBefore" time="0.262" />
  <testcase classname="RecurringDateUtilsTest" name="testYearlyNthDate" time="0.264" />
  <testcase classname="RecurringDateUtilsTest" name="testYearlyDateInterval" time="0.257" />
  <testcase classname="RecurringDateUtilsTest" name="testYearlyNthDate2" time="0.315" />
  <testcase classname="RecurringDateUtilsTest" name="testYearlyNthDate3" time="0.355" />
  <testcase classname="RecurringDateUtilsTest" name="testrecurrencesUntilBalanceIsLessThanOnePaymentAhead" time="0.323" />
  <testcase classname="RecurringDateUtilsTest" name="twoPaymentsThenMoveBackFromOnline" time="1.882" />
  <testcase classname="RecurringGiftBalanceCorrectionTest" name="testClearBalanceOnSuspendedGifts_monthlyAddCommitments" time="1.691" />
  <testcase classname="RecurringGiftBalanceCorrectionTest" name="testClearBalanceOnSuspendedGifts_monthlyAddForgiveness" time="1.319" />
  <testcase classname="RecurringGiftBalanceCorrectionTest" name="testGetQueryToRetrieveAllGifts_active" time="1.202" />
  <testcase classname="RecurringGiftBalanceCorrectionTest" name="testGetQueryToRetrieveAllGifts_inactive" time="1.071" />
  <testcase classname="RecurringGiftBalanceCorrectionTest" name="testMoveNextDueDateToNextPaymentDateIfNeeded_monthlyNegativeForgiveness" time="1.828" />
  <testcase classname="RecurringGiftBalanceCorrectionTest" name="testMoveNextDueDateToNextPaymentDateIfNeeded_monthlyNoForgiveness" time="1.008" />
  <testcase classname="RecurringGiftBalanceCorrectionTest" name="testMoveNextDueDateToNextPaymentDateIfNeeded_monthlyOnToday1" time="1.187" />
  <testcase classname="RecurringGiftBalanceCorrectionTest" name="testMoveNextDueDateToNextPaymentDateIfNeeded_monthlyPositiveForgiveness" time="1.262" />
  <testcase classname="RecurringGiftBalanceCorrectionTest" name="testMoveNextDueDateToNextPaymentDateIfNeeded_quarterlyNegativeForgiveness" time="1.804" />
  <testcase classname="RecurringGiftBalanceCorrectionTest" name="testMoveNextDueDateToNextPaymentDateIfNeeded_quarterlyNoForgiveness" time="0.978" />
  <testcase classname="RecurringGiftBalanceCorrectionTest" name="testMoveNextDueDateToNextPaymentDateIfNeeded_quarterlyPositiveForgiveness" time="1.169" />
  <testcase classname="RecurringGiftBalanceCorrectionTest" name="testMoveNextDueDateToNextPaymentDateIfNeeded_yearlyNegativeForgiveness" time="1.807" />
  <testcase classname="RecurringGiftBalanceCorrectionTest" name="testMoveNextDueDateToNextPaymentDateIfNeeded_yearlyNoForgiveness" time="0.987" />
  <testcase classname="RecurringGiftBalanceCorrectionTest" name="testMoveNextDueDateToNextPaymentDateIfNeeded_yearlyPositiveForgiveness" time="1.254" />
  <testcase classname="RecurringGiftCommitmentUtilsTests" name="balanceChangesForOneForgiveness" time="0.66" />
  <testcase classname="RecurringGiftCommitmentUtilsTests" name="balanceChangesForTwoForgiveness" time="0.812" />
  <testcase classname="RecurringGiftCommitmentUtilsTests" name="balanceWithPaymentCommitmentForgiveness" time="1.37" />
  <testcase classname="RecurringGiftCommitmentUtilsTests" name="deleteForgivenessChangesBalance" time="1.511" />
  <testcase classname="RecurringGiftCommitmentUtilsTests" name="exerciseQueryFromBatchJob" time="1.117" />
  <testcase classname="RecurringGiftCommitmentUtilsTests" name="getGiftsWithCommitmentsCreatedToday" time="1.545" />
  <testcase classname="RecurringGiftCommitmentUtilsTests" name="getGiftsWithCommitmentsHandlesIfListIsNull" time="0.27" />
  <testcase classname="RecurringGiftCommitmentUtilsTests" name="getGiftsWithCommitmentsIfNoCommitments" time="1.461" />
  <testcase classname="RecurringGiftCommitmentUtilsTests" name="getGiftsWithCommitmentsThrowsIfDateIsNull" time="0.752" />
  <testcase classname="RecurringGiftCommitmentUtilsTests" name="inSameQuarterlySeries" time="0.309" />
  <testcase classname="RecurringGiftCommitmentUtilsTests" name="isDueThrowsIfRecurringGiftIsNull" time="0.331" />
  <testcase classname="RecurringGiftCommitmentUtilsTests" name="isDueThrowsIfTargetDateIsNull" time="0.688" />
  <testcase classname="RecurringGiftCommitmentUtilsTests" name="makeAllNewCommitmentsHandlesLeapYears" time="0.906" />
  <testcase classname="RecurringGiftCommitmentUtilsTests" name="makeAllNewCommitmentsIgnoresGiftsCreatedAfterTarget" time="1.319" />
  <testcase classname="RecurringGiftCommitmentUtilsTests" name="makeAllNewCommitmentsIsIdempotent" time="0.776" />
  <testcase classname="RecurringGiftCommitmentUtilsTests" name="makeAllNewCommitmentsOneYearlyOneMonthlyBothRecurringToday" time="0.898" />
  <testcase classname="RecurringGiftCommitmentUtilsTests" name="makeAllNewCommitmentsReturnsAnEmptyListIfReccuringGiftListIsEmpty" time="0.28" />
  <testcase classname="RecurringGiftCommitmentUtilsTests" name="makeAllNewCommitmentsThrowsIfDateIsNull" time="0.271" />
  <testcase classname="RecurringGiftCommitmentUtilsTests" name="makeAllNewCommitmentsThrowsIfRecurringGiftListIsNull" time="0.277" />
  <testcase classname="RecurringGiftCommitmentUtilsTests" name="makeAllNewCommitmentsTwoYearlyBothNotRecurringToday" time="0.898" />
  <testcase classname="RecurringGiftCommitmentUtilsTests" name="makeAllNewCommitmentsTwoYearlyBothRecurringToday" time="0.897" />
  <testcase classname="RecurringGiftCommitmentUtilsTests" name="makeAllNewCommitmentsTwoYearlyTwoMonthlyOneEachRecurringToday" time="1.27" />
  <testcase classname="RecurringGiftCommitmentUtilsTests" name="makeAllNewCommitmentsTwoYearlyTwoQuarterlyOneEachRecurringToday" time="1.293" />
  <testcase classname="RecurringGiftCommitmentUtilsTests" name="makeNewCommitmentHasTheCorrectAmount" time="0.692" />
  <testcase classname="RecurringGiftCommitmentUtilsTests" name="makeNewCommitmentHasTheCorrectDate" time="0.688" />
  <testcase classname="RecurringGiftCommitmentUtilsTests" name="makeNewCommitmentHasTheCorrectId" time="0.69" />
  <testcase classname="RecurringGiftCommitmentUtilsTests" name="makeNewCommitmentThrowsIfDateIsNull" time="0.687" />
  <testcase classname="RecurringGiftCommitmentUtilsTests" name="makeNewCommitmentThrowsIfGiftIsNull" time="0.274" />
  <testcase classname="RecurringGiftCommitmentUtilsTests" name="makeNewCommitmentsHasTheCorrectListSize" time="1.27" />
  <testcase classname="RecurringGiftCommitmentUtilsTests" name="makeNewCommitmentsThrowsIfListIsNull" time="0.271" />
  <testcase classname="RecurringGiftCommitmentUtilsTests" name="recurringGiftHasRelatedForgiveness" time="0.751" />
  <testcase classname="RecurringGiftCommitmentUtilsTests" name="recurringGiftsWithoutCommitmentsOnDateGetsCommitmentsForTheTargetDate" time="0.735" />
  <testcase classname="RecurringGiftCommitmentUtilsTests" name="recurringGiftsWithoutCommitmentsOnDateGetsCommitmentsOnlyForTheTargetDate" time="0.752" />
  <testcase classname="RecurringGiftCommitmentUtilsTests" name="recurringGiftsWithoutCommitmentsOnDateThrowsIfRgListIsNull" time="0.272" />
  <testcase classname="RecurringGiftCommitmentUtilsTests" name="recurringGiftsWithoutCommitmentsOnDateThrowsIfTargetDateIsNull" time="0.271" />
  <testcase classname="RecurringGiftCommitmentUtilsTests" name="testIsDueMonthlyRecurrences" time="0.698" />
  <testcase classname="RecurringGiftCommitmentUtilsTests" name="testIsDueQuarterlyRecurrences" time="0.694" />
  <testcase classname="RecurringGiftCommitmentUtilsTests" name="testIsDueYearlyRecurrences" time="0.678" />
  <testcase classname="RecurringGiftCommitmentUtilsTests" name="testMakeAllNewCommitmentsWithExistingRecurringGifts" time="2.044" />
  <testcase classname="RecurringGiftCommitmentUtilsTests" name="testMakeAllNewCommitments_excludeInterval" time="1.749" />
  <testcase classname="RecurringGiftCommitmentUtilsTests" name="testMakeAllNewCommitments_manyDue_manyTotal" time="2.362" />
  <testcase classname="RecurringGiftCommitmentUtilsTests" name="testMakeAllNewCommitments_oneDue_manyTotal" time="2.333" />
  <testcase classname="RecurringGiftCommitmentUtilsTests" name="testMakeAllNewCommitments_oneDue_oneTotal" time="0.739" />
  <testcase classname="RecurringGiftCommitmentUtilsTests" name="testMakeAllNewCommitments_onlyMakeNeededCommitments" time="2.098" />
  <testcase classname="RecurringGiftCommitmentUtilsTests" name="testMakeAllNewCommitments_suspendedByDonorGifts" time="1.176" />
  <testcase classname="RecurringGiftCommitmentUtilsTests" name="testQuarterlySeriesContainingMonth" time="0.282" />
  <testcase classname="RecurringGiftCommitmentUtilsTests" name="totalForgivessCorrectForOneForgiveness" time="0.762" />
  <testcase classname="RecurringGiftCommitmentUtilsTests" name="testRecurrenceBatch_commitmentsForSuspendedGifts" time="1.089" />
  <testcase classname="RecurringGiftCommitmentUtilsTests" name="totalForgivessCorrectForTwoForgiveness" time="0.841" />
  <testcase classname="RecurringGiftIFrame2ControllerTest" name="testRecurringGiftIFrame2ControllerCheck" time="0.279" />
  <testcase classname="RecurringGiftControllerExtTest" name="testProcessCancel" time="0.756" />
  <testcase classname="RecurringGiftIFrame2ControllerTest" name="testRecurringGiftIFrame2ControllerCreditCardAmex" time="0.271" />
  <testcase classname="RecurringGiftIFrame2ControllerTest" name="testRecurringGiftIFrame2ControllerTest" time="0.271" />
  <testcase classname="RecurringGiftIFrame2ControllerTest" name="testRecurringGiftIFrame2ControllerNoRecurringGiftId" time="0.267" />
  <testcase classname="RecurringGiftIFrameControllerTest" name="testRecurringGiftGetIframe" time="1.161" />
  <testcase classname="RecurringGiftIFrameControllerTest" name="testRecurringGiftIframeControllerInitialize" time="1.255" />
  <testcase classname="RecurringGiftIFrameControllerTest" name="testRecurringGiftIframeControllerNewIdParam" time="1.241" />
  <testcase classname="RecurringGiftMigrationBatchableTest" name="launchBalanceCorrectionJobIfSustainersDisabled" time="0.543" />
  <testcase classname="RecurringGiftIFrameControllerTest" name="testRecurringGiftSave" time="1.573" />
  <testcase classname="RecurringGiftMigrationBatchableTest" name="launchBalanceCorrectionJobIfSustainersEnabled" time="0.38" />
  <testcase classname="RecurringGiftMigrationBatchableTest" name="testGetNewRecurrenceDayOfMonth" time="0.312" />
  <testcase classname="RecurringGiftMigrationBatchableTest" name="testGetDaysPerWeek" time="0.315" />
  <testcase classname="RecurringGiftMigrationBatchableTest" name="testGetQueryForRecurringGiftMigration_deprecatedRecurrenceInterval" time="1.083" />
  <testcase classname="RecurringGiftMigrationBatchableTest" name="testGetQueryForRecurringGiftMigration_emptyResults" time="0.917" />
  <testcase classname="RecurringGiftMigrationBatchableTest" name="testGetQueryForRecurringGiftMigration_recursMontlyNth" time="1.068" />
  <testcase classname="RecurringGiftMigrationBatchableTest" name="testGetQueryForRecurringGiftMigration_recursWeekly" time="1.048" />
  <testcase classname="RecurringGiftMigrationBatchableTest" name="testMigrateRecurringGift_deprecatedRecurrenceInterval" time="0.739" />
  <testcase classname="RecurringGiftMigrationBatchableTest" name="testGetQueryForRecurringGiftMigration_recursYearlyNth" time="1.04" />
  <testcase classname="RecurringGiftMigrationBatchableTest" name="testMigrateRecurringGift_recursMonthlyNth" time="0.774" />
  <testcase classname="RecurringGiftMigrationBatchableTest" name="testMigrateRecurringGift_recursQuarterly" time="0.773" />
  <testcase classname="RecurringGiftMigrationBatchableTest" name="testMigrateRecurringGift_recursWeeklyCase1" time="1.031" />
  <testcase classname="RecurringGiftMigrationBatchableTest" name="testMigrateRecurringGift_recursWeeklyCase2" time="1.045" />
  <testcase classname="RecurringGiftMigrationBatchableTest" name="testMigrateRecurringGift_recursWeeklyCase3" time="1.072" />
  <testcase classname="RecurringGiftMigrationBatchableTest" name="testMigrateRecurringGift_recursWeeklyCase4" time="1.048" />
  <testcase classname="RecurringGiftMigrationBatchableTest" name="testMigrateRecurringGift_recursWeeklyCase5" time="1.056" />
  <testcase classname="RecurringGiftMigrationBatchableTest" name="testMigrateRecurringGift_recursYearNthWeekMask" time="0.932" />
  <testcase classname="RecurringGiftMigrationBatchableTest" name="testMigration_deprecatedRecurrenceInterval" time="1.038" />
  <testcase classname="RecurringGiftMigrationBatchableTest" name="testMigration_everyOtherYear" time="1.102" />
  <testcase classname="RecurringGiftMigrationBatchableTest" name="testMigration_recursMonthlyNth" time="1.109" />
  <testcase classname="RecurringGiftMigrationBatchableTest" name="testMigration_recursYearNth" time="1.057" />
  <testcase classname="RecurringGiftMigrationInstallHandlerTest" name="testInstallHandler_manualUpgradeNoVersion" time="0.421" />
  <testcase classname="RecurringGiftMigrationInstallHandlerTest" name="testHandleScheduleRecurringGiftCommitmentJob" time="0.445" />
  <testcase classname="RecurringGiftMigrationInstallHandlerTest" name="testInstallHandler_manualUpgradeWithNewerVersion" time="0.309" />
  <testcase classname="RecurringGiftMigrationInstallHandlerTest" name="testInstallHandler_manualUpgradeWithLastVersionToUpgrade" time="0.679" />
  <testcase classname="RecurringGiftMigrationInstallHandlerTest" name="testInstallHandler_pushUpgradeNoVersion" time="0.41" />
  <testcase classname="RecurringGiftMigrationInstallHandlerTest" name="testInstallHandler_manualUpgradeWithOlderVersion" time="0.631" />
  <testcase classname="RecurringGiftMigrationInstallHandlerTest" name="testInstallHandler_pushUpgradeWithNewerVersion" time="0.305" />
  <testcase classname="RecurringGiftMigrationInstallHandlerTest" name="testInstallHandler_pushUpgradeWithLastVersionToUpgrade" time="0.596" />
  <testcase classname="RecurringGiftMigrationInstallHandlerTest" name="testInstallHandler_pushUpgradeWithOlderVersion" time="0.606" />
  <testcase classname="RecurringGiftRecurrenceBatchableTest" name="testCommitmentJob_installationRanToday" time="1.617" />
  <testcase classname="RecurringGiftRecurrenceBatchableTest" name="testCommitmentJob_installationRanTwoDaysAgo" time="1.614" />
  <testcase classname="RecurringGiftRecurrenceBatchableTest" name="testTargetIntervalHasADateInTheFutureOrToday" time="0.265" />
  <testcase classname="RecurringGiftRecurrenceBatchableTest" name="testCommitmentJob_installationRanYesterday" time="1.63" />
  <testcase classname="RecurringGiftRemediationBatchableTest" name="testBatchableQuery_onlySyncedGifts" time="1.104" />
  <testcase classname="RecurringGiftRemediationBatchableTest" name="testExecuteRemediations_forgivenessAmountIsDifferent" time="1.396" />
  <testcase classname="RecurringGiftRemediationBatchableTest" name="testExecuteRemediations_forgivenessOfMultipleAmount" time="1.573" />
  <testcase classname="RecurringGiftRemediationBatchableTest" name="testExecuteRemediations_oneNegativeForgivenessIsNextDay" time="1.369" />
  <testcase classname="RecurringGiftRemediationBatchableTest" name="testExecuteRemediations_onePaymentOneForgiveness" time="1.53" />
  <testcase classname="RecurringGiftRemediationBatchableTest" name="testIsMultipleOf" time="0.308" />
  <testcase classname="RecurringGiftRemediationBatchableTest" name="testForgivenessOcurredAtMostOneHourBeforeDonation" time="0.315" />
  <testcase classname="RecurringGiftSetDesigControllerTest" name="testSaveNewDesignationsSingle" time="0.738" />
  <testcase classname="RecurringGiftSetDesigControllerTest" name="testSaveNewDesignationsSplitEvenly" time="0.89" />
  <testcase classname="RecurringGiftSetDesigControllerTest" name="testSaveNewFullAmount" time="0.888" />
  <testcase classname="RecurringGiftSetDesigControllerTest" name="testSaveNewDesignationsSplitUnevenly" time="0.879" />
  <testcase classname="RecurringGiftSetDesigControllerTest" name="testSaveNewLessThanAmount" time="0.746" />
  <testcase classname="RecurringGiftSetDesigControllerTest" name="testSaveNewMoreThanAmount" time="0.741" />
  <testcase classname="RecurringGiftSetScheduleControllerTest" name="testBasicMonthlySchedule" time="0.668" />
  <testcase classname="RecurringGiftSetScheduleControllerTest" name="testBasicYearlySchedule" time="0.747" />
  <testcase classname="RecurringGiftSetScheduleControllerTest" name="testBasicQuarterlySchedule" time="0.752" />
  <testcase classname="RecurringGiftSetScheduleControllerTest" name="testEndOfMonthMonthlySchedule" time="0.764" />
  <testcase classname="RecurringGiftSetScheduleControllerTest" name="testEndOfMonthQuarterlySchedule" time="0.789" />
  <testcase classname="RecurringGiftSetScheduleControllerTest" name="testEndOfMonthYearlySchedule" time="0.832" />
  <testcase classname="RecurringGiftTests" name="testActiveSustainer" time="1.23" />
  <testcase classname="RecurringGiftTests" name="testChangeStartDate" time="0.832" />
  <testcase classname="RecurringGiftTests" name="testDifferentPaymentAmount" time="1.945" />
  <testcase classname="RecurringGiftTests" name="testGetNextDateMonthly" time="1.441" />
  <testcase classname="RecurringGiftTests" name="testGetNextDateQuarterly" time="1.483" />
  <testcase classname="RecurringGiftTests" name="testGetNextDateYearly" time="1.46" />
  <testcase classname="RecurringGiftTests" name="testGetPreviousDateFromOpportunities" time="1.968" />
  <testcase classname="RecurringGiftTests" name="testGiftNameWorkflow" time="0.697" />
  <testcase classname="RecurringGiftTests" name="testInitialDescriptionIfScheduled" time="0.682" />
  <testcase classname="RecurringGiftTests" name="testInitialDescriptionIfUnscheduled" time="0.673" />
  <testcase classname="RecurringGiftTests" name="testNewRecurringGift" time="1.155" />
  <testcase classname="RecurringGiftTests" name="testNextDateNullification" time="0.867" />
  <testcase classname="RecurringGiftTests" name="testOpportunityDesignations" time="1.612" />
  <testcase classname="RecurringGiftTests" name="testPreciseFields" time="0.816" />
  <testcase classname="RecurringGiftTests" name="testRecurringGiftDefaultDesignationCreate" time="1.693" />
  <testcase classname="RecurringGiftTests" name="testRecurringGiftDesignationUpdate" time="0.902" />
  <testcase classname="RecurringGiftTests" name="testRecurringGiftName" time="0.341" />
  <testcase classname="RecurringGiftTests" name="testRecurringGiftWithNullAcct" time="0.77" />
  <testcase classname="RecurringGiftTests" name="testRecurringGiftWriteinDesignationCreate" time="0.922" />
  <testcase classname="RecurringGiftTests" name="testRollupSummaryUpdate_OnCreate" time="2.011" />
  <testcase classname="RecurringGiftTests" name="testRollupSummaryUpdate_OnDelete" time="2.253" />
  <testcase classname="RecurringGiftTests" name="testRollupSummaryUpdate_OnUpdate" time="2.285" />
  <testcase classname="RecurringGiftTests" name="testWebServiceDateUpdate" time="1.529" />
  <testcase classname="RecurringGiftTests" name="testZeroAmount" time="1.544" />
  <testcase classname="RecurringGiftTests2" name="testNextPaymentDateReset" time="1.884" />
  <testcase classname="RecurringGiftTests2" name="testOppUtilsSetLastPaymentAmountForOffline_0_Cash" time="0.568" />
  <testcase classname="RecurringGiftTests2" name="testOppUtilsSetLastPaymentAmountForOffline_0_Check" time="0.541" />
  <testcase classname="RecurringGiftTests2" name="testOppUtilsSetLastPaymentAmountForOffline_1_Cash" time="1.251" />
  <testcase classname="RecurringGiftTests2" name="testOppUtilsSetLastPaymentAmountForOffline_1_Check" time="1.233" />
  <testcase classname="RecurringGiftTests2" name="testOppUtilsSetLastPaymentAmountForOffline_2_ACH_Offline" time="1.537" />
  <testcase classname="RecurringGiftTests2" name="testOppUtilsSetLastPaymentAmountForOffline_2_CC_Offline" time="1.512" />
  <testcase classname="RecurringGiftTests2" name="testOppUtilsSetLastPaymentAmountForOnline_0_ACH" time="0.551" />
  <testcase classname="RecurringGiftTests2" name="testOppUtilsSetLastPaymentAmountForOnline_0_CC" time="0.546" />
  <testcase classname="RecurringGiftTests2" name="testOppUtilsSetLastPaymentAmountForOnline_1_ACH" time="1.247" />
  <testcase classname="RecurringGiftTests2" name="testOppUtilsSetLastPaymentAmountForOnline_1_CC" time="1.243" />
  <testcase classname="RecurringGiftTests2" name="testOppUtilsSetLastPaymentAmountForOnline_2_ACH" time="1.535" />
  <testcase classname="RecurringGiftTests2" name="testOppUtilsSetLastPaymentAmountForOnline_2_CC" time="1.525" />
  <testcase classname="RecurringGiftTests2" name="testRecurGiftLastPaymentAmountRefund" time="1.175" />
  <testcase classname="RecurringGiftTests2" name="testRecurGiftLastPaymentAmountUpdateIfNotNull" time="1.284" />
  <testcase classname="RecurringGiftTests2" name="testSyncAmountFieldsOnCreate" time="0.319" />
  <testcase classname="RecurringGiftTests2" name="testSyncAmountFieldsOnUpdatedAmount" time="0.664" />
  <testcase classname="RecurringGiftTests2" name="testSyncAmountFieldsOnUpdatedPrciseAmount" time="0.667" />
  <testcase classname="RecurringGiftUtilsTests" name="createCommitmentOnInitalScheduleSave" time="0.734" />
  <testcase classname="RecurringGiftUtilsTests" name="createCommitmentOnNonScheduleUpdate" time="0.878" />
  <testcase classname="RecurringGiftUtilsTests" name="createCommitmentsOnUpdate" time="1.554" />
  <testcase classname="RecurringGiftUtilsTests" name="doNotAllowScheduleChange" time="0.947" />
  <testcase classname="RecurringGiftUtilsTests" name="doNotCreateCommitmentsOnUpdateIfDoesNotRecurToday" time="0.755" />
  <testcase classname="RecurringGiftUtilsTests" name="doNotCreateCommitmentsOnUpdateIfExistingCommitments" time="0.804" />
  <testcase classname="RecurringGiftUtilsTests" name="doNotCreateCommitmentsOnUpdateIfInvalidRecurrenceType" time="0.756" />
  <testcase classname="RecurringGiftUtilsTests" name="testIsActiveGift" time="1.56" />
  <testcase classname="RecurringGiftUtilsTests" name="testIsOnlineGift" time="1.321" />
  <testcase classname="RecurringGiftUtilsTests" name="testPreventAmountChangeFromLCRM" time="1.083" />
  <testcase classname="RecurringGiftUtilsTests" name="testPreventGiftWithDeprecatedSchedule_insertMonthlyNth" time="0.832" />
  <testcase classname="RecurringGiftUtilsTests" name="testPreventGiftWithDeprecatedSchedule_insertDeprecatedMonthlyRecurrenceInterval" time="0.836" />
  <testcase classname="RecurringGiftUtilsTests" name="testPreventGiftWithDeprecatedSchedule_insertWeekly" time="0.828" />
  <testcase classname="RecurringGiftUtilsTests" name="testPreventGiftWithDeprecatedSchedule_insertYearlyNth" time="0.826" />
  <testcase classname="RecurringGiftUtilsTests" name="testPreventGiftWithDeprecatedSchedule_notDeprecated" time="1.161" />
  <testcase classname="RecurringGiftUtilsTests" name="testPreventGiftWithDeprecatedSchedule_updateDeprecatedMonthlyRecurrenceInterval" time="0.92" />
  <testcase classname="RecurringGiftUtilsTests" name="testPreventGiftWithDeprecatedSchedule_updateMonthlyNth" time="0.897" />
  <testcase classname="RecurringGiftUtilsTests" name="testPreventGiftWithDeprecatedSchedule_updateWeekly" time="0.898" />
  <testcase classname="RecurringGiftUtilsTests" name="testRecurringGiftDelete" time="0.543" />
  <testcase classname="RecurringGiftUtilsTests" name="testPreventGiftWithDeprecatedSchedule_updateYearlyNth" time="0.907" />
  <testcase classname="RecurringGiftUtilsTests" name="testRecurringGiftDeleteTrigger" time="0.891" />
  <testcase classname="RedirectControllerTest" name="testDoRedirectIncompleteArgs" time="0.309" />
  <testcase classname="RedirectControllerTest" name="test_bad_bvt_domain" time="0.316" />
  <testcase classname="RedirectControllerTest" name="testDoRedirectNoArgs" time="0.306" />
  <testcase classname="RedirectControllerTest" name="test_bad_secure_production_domain" time="0.32" />
  <testcase classname="RedirectControllerTest" name="test_bvt1_domain" time="0.313" />
  <testcase classname="RedirectControllerTest" name="test_badsubdomain_domain" time="0.319" />
  <testcase classname="RedirectControllerTest" name="test_bvt2_domain" time="0.319" />
  <testcase classname="RedirectControllerTest" name="test_convert_newid_param" time="0.328" />
  <testcase classname="RedirectControllerTest" name="test_bvt3_domain" time="0.319" />
  <testcase classname="RedirectControllerTest" name="test_demosites_domain" time="0.322" />
  <testcase classname="RedirectControllerTest" name="test_secure2_domain" time="0.332" />
  <testcase classname="RedirectControllerTest" name="test_minimal_good_args" time="0.329" />
  <testcase classname="RelatedAddressRestoreControllerExtTest" name="testRestoreAddress_pass" time="0.585" />
  <testcase classname="RedirectControllerTest" name="test_testweb_domain" time="0.323" />
  <testcase classname="RelatedEmailDetailUtilsTest" name="mergeRelatedEmailAddresses_no_related_emails" time="0.865" />
  <testcase classname="RelatedEmailDetailUtilsTest" name="testMergeRelatedEmailAddresses_Duplicate_DupeNewerThanMaster" time="0.831" />
  <testcase classname="RelatedEmailDetailUtilsTest" name="testMergeRelatedEmailAddresses_Duplicate_MasterNewerThanDupe" time="0.822" />
  <testcase classname="RelatedEmailDetailUtilsTest" name="testNewRelatedEmailAddress" time="0.68" />
  <testcase classname="RelatedEmailDetailUtilsTest" name="testMergeRelatedEmailAddresses_NoDuplicates" time="0.912" />
  <testcase classname="RelatedEmailDetailUtilsTest" name="testNewRelatedEmailAddress_OtherEmailChanged" time="0.59" />
  <testcase classname="RelatedEmailDetailUtilsTest" name="testRelatedEmailAddressAlreadyExists" time="0.71" />
  <testcase classname="RelatedEmailDetailUtilsTest" name="testRelatedEmailAddressAlreadyExists_OnInsert" time="0.606" />
  <testcase classname="RelatedEmailDetailUtilsTest" name="testRelatedEmailAddressAlreadyExists_NewSettings" time="0.725" />
  <testcase classname="RelatedEmailDetailUtilsTest" name="testRelatedEmailAddressDoesNotExist_OnInsert" time="0.583" />
  <testcase classname="RelatedEmailDetailUtilsTest" name="testRelatedEmailAddressAlreadyExists_OnUpdate" time="0.626" />
  <testcase classname="RelatedEmailDetailUtilsTest" name="testRelatedEmailAddressDoesNotExist_OnUpdate" time="0.599" />
  <testcase classname="RelatedEmailDetailUtilsTest" name="testRelatedEmailAddressMultipleAlreadyExist_OnInsert" time="0.628" />
  <testcase classname="RelatedEmailDetailUtilsTest" name="testRelatedEmailAddressExists_NewAddressAdded" time="0.701" />
  <testcase classname="RelationshipTests" name="checkRelationshipTypeName_case_change" time="0.376" />
  <testcase classname="RelatedEmailDetailUtilsTest" name="testSingleQuotesOk" time="0.573" />
  <testcase classname="RelationshipTests" name="testBulkDupeInsert" time="0.948" />
  <testcase classname="RelationshipTests" name="testContactEmployerUpdate" time="0.875" />
  <testcase classname="RelationshipTests" name="testDuplicateNameInsert" time="0.484" />
  <testcase classname="RelationshipTests" name="testDuplicateRelationshipQuery" time="1.378" />
  <testcase classname="RelationshipTests" name="testPreventRelationshipTypeDelete" time="0.894" />
  <testcase classname="RelationshipTests" name="testRelationshipDetailErrorHandling" time="1.254" />
  <testcase classname="RelationshipTests" name="testSearchAccountRelationshipDetailService" time="1.265" />
  <testcase classname="RelationshipTests" name="testSearchContactRelationshipDetailService" time="1.308" />
  <testcase classname="RelationshipTests" name="testSearchMixedRelationshipDetailService" time="1.433" />
  <testcase classname="RelationshipTests" name="testSetRecordType" time="1.045" />
  <testcase classname="ReversePledgeControllerTests" name="reversePledgeCallsReversalUtilsAndSetReloadParent" time="0.267" />
  <testcase classname="ReversePledgeControllerTests" name="getIsPledgePostedReturnsExactlyWhatReversalUtilsReturns" time="0.267" />
  <testcase classname="SalutationTests" name="testDefaultSalutationFormula" time="0.612" />
  <testcase classname="SalutationTests" name="setupTestData" time="0.609" />
  <testcase classname="SalutationTests" name="testDeletingOfHOHContact" time="0.841" />
  <testcase classname="SalutationTests" name="testFormulaChange" time="0.661" />
  <testcase classname="SalutationTests" name="testDuplicateHOHandSecondary" time="0.676" />
  <testcase classname="SalutationTests" name="testFormulaManualOverride" time="0.634" />
  <testcase classname="SalutationTests" name="testHOHContactChange" time="0.7" />
  <testcase classname="SalutationTests" name="testFormulaProcessing" time="0.723" />
  <testcase classname="SalutationTests" name="testHOHNameChange" time="0.691" />
  <testcase classname="SalutationTests" name="testSecondaryContactChanges" time="0.808" />
  <testcase classname="SalutationTests" name="testSecondaryContactNameChange" time="0.747" />
  <testcase classname="SegmentBuilderTests" name="testCancelCriteria" time="0.561" />
  <testcase classname="SalutationTests" name="testSecondaryWrongHH" time="0.757" />
  <testcase classname="SegmentBuilderTests" name="testCloseEditError" time="0.535" />
  <testcase classname="SegmentBuilderTests" name="testCancelEdit" time="0.534" />
  <testcase classname="SegmentBuilderTests" name="testConfirmEdit" time="0.717" />
  <testcase classname="SegmentBuilderTests" name="testCreateContactClassificationCriteria" time="0.555" />
  <testcase classname="SegmentBuilderTests" name="testCreateCampaignMembershipCriteria" time="0.561" />
  <testcase classname="SegmentBuilderTests" name="testCreateCustomCriteria" time="0.549" />
  <testcase classname="SegmentBuilderTests" name="testCreateEventAttendanceCriteria" time="0.557" />
  <testcase classname="SegmentBuilderTests" name="testCreateDonationQuantityCriteria" time="0.943" />
  <testcase classname="SegmentBuilderTests" name="testCreateRelationshipCriteria" time="0.571" />
  <testcase classname="SegmentBuilderTests" name="testCreateEventAttendanceDateEventCriteria" time="0.556" />
  <testcase classname="SegmentBuilderTests" name="testCreateVolunteerActivityCriteria" time="0.556" />
  <testcase classname="SegmentBuilderTests" name="testCreateSingleDonationAmountCriteria" time="0.55" />
  <testcase classname="SegmentBuilderTests" name="testCreateVolunteerActivityWithDateJobCriteria" time="0.553" />
  <testcase classname="SegmentBuilderTests" name="testEditDefinition" time="0.557" />
  <testcase classname="SegmentBuilderTests" name="testDeleteCriteria" time="0.688" />
  <testcase classname="SegmentBuilderTests" name="testSaveSegmentFormula" time="0.549" />
  <testcase classname="SegmentBuilderTests" name="testEditSingleDonationpCriteria" time="0.6" />
  <testcase classname="SegmentBuilderTests" name="testShowCampaignMemberForm" time="0.579" />
  <testcase classname="SegmentBuilderTests" name="testShowCustomForm" time="0.554" />
  <testcase classname="SegmentBuilderTests" name="testShowContactClassificationForm" time="0.622" />
  <testcase classname="SegmentBuilderTests" name="testShowEventAttendanceForm" time="0.552" />
  <testcase classname="SegmentBuilderTests" name="testShowDonationQuantityForm" time="0.55" />
  <testcase classname="SegmentBuilderTests" name="testShowFields" time="0.857" />
  <testcase classname="SegmentBuilderTests" name="testShowRelationshipsForm" time="0.527" />
  <testcase classname="SegmentBuilderTests" name="testShowFormulaEditor" time="0.548" />
  <testcase classname="SegmentBuilderTests" name="testShowTotalDonationAmountForm" time="0.529" />
  <testcase classname="SegmentBuilderTests" name="testShowSingleDonationAmountForm" time="0.539" />
  <testcase classname="SegmentBuilderTests" name="testShowVolunteerActivityForm" time="0.538" />
  <testcase classname="SegmentBuilderTests" name="testUpdateAdviceWithDeletedJob" time="0.528" />
  <testcase classname="SegmentBuilderTests" name="testTotalDonationAmountCriteria" time="0.561" />
  <testcase classname="SegmentCloneTests" name="cancelClone" time="0.577" />
  <testcase classname="SegmentBuilderTests" name="testUpdateSegment" time="0.711" />
  <testcase classname="SegmentCloneTests" name="segmentCodeCollisionClone" time="0.686" />
  <testcase classname="SegmentCloneTests" name="simpleClone" time="0.624" />
  <testcase classname="SegmentTests" name="testCampaignDelete" time="0.809" />
  <testcase classname="SegmentTests" name="testCriteriaRelationships" time="1.191" />
  <testcase classname="SegmentTests" name="testDuplicateHandlingHighNumberPriority" time="1.165" />
  <testcase classname="SegmentTests" name="testDuplicateHandlingLowNumberPriority" time="1.106" />
  <testcase classname="SegmentTests" name="testEvaluateExpression" time="0.94" />
  <testcase classname="SegmentTests" name="testSegmentDeleteMembers" time="0.881" />
  <testcase classname="SegmentTests" name="testEvaluateFormula" time="0.343" />
  <testcase classname="SegmentTests" name="testSegmentFormulaCheck" time="0.328" />
  <testcase classname="SegmentTests" name="testSegmentGeneratorAnyButDonor" time="1.324" />
  <testcase classname="SegmentTests" name="testSegmentGeneratorCampaignMember" time="1.119" />
  <testcase classname="SegmentTests" name="testSegmentGeneratorContactClassification" time="1.11" />
  <testcase classname="SegmentTests" name="testSegmentGeneratorCustomFields" time="1.076" />
  <testcase classname="SegmentTests" name="testSegmentGeneratorCustomFieldsStandardObjects" time="1.756" />
  <testcase classname="SegmentTests" name="testSegmentGeneratorCustomFieldsStandardToCustomObjects" time="1.186" />
  <testcase classname="SegmentTests" name="testSegmentGeneratorDonationQuantity" time="1.368" />
  <testcase classname="SegmentTests" name="testSegmentGeneratorDonationSingleAmount" time="1.34" />
  <testcase classname="SegmentTests" name="testSegmentGeneratorDonationTotalAmount" time="1.413" />
  <testcase classname="SegmentTests" name="testSegmentGeneratorEvent" time="1.67" />
  <testcase classname="SegmentTests" name="testSegmentGeneratorShortcuts" time="1.192" />
  <testcase classname="SegmentTests" name="testSegmentGeneratorSoftCredit" time="1.401" />
  <testcase classname="SegmentTests" name="testSegmentGeneratorVolunteer" time="1.209" />
  <testcase classname="SegmentTests2" name="testAddToUnlockedCampaign" time="0.673" />
  <testcase classname="SegmentTests2" name="testAddToLockedCampaign" time="0.66" />
  <testcase classname="SegmentTests2" name="testDeleteLockCheck" time="0.746" />
  <testcase classname="SegmentTests2" name="testUpdateLockCheck" time="1.009" />
  <testcase classname="SegmentTests2" name="testisSegmentPopulated" time="0.968" />
  <testcase classname="SegmentTests2" name="testreleventValuesChanges" time="0.758" />
  <testcase classname="SimpleOpportunityTest" name="testConstructor" time="0.858" />
  <testcase classname="SObjectUtilsTests" name="enforceReadOnly_fieldDoesNotExist" time="1.366" />
  <testcase classname="SObjectUtilsTests" name="enforceReadOnly_invalidFieldName" time="1.36" />
  <testcase classname="SObjectUtilsTests" name="enforceReadOnly_invalidInputs" time="1.425" />
  <testcase classname="SObjectUtilsTests" name="enforceReadOnly_newObjNotInOldObjs" time="1.406" />
  <testcase classname="SObjectUtilsTests" name="enforceReadOnly_populateNullAllowed" time="1.36" />
  <testcase classname="SObjectUtilsTests" name="enforceRequiredFields_fieldExistsAndIsFilledIn" time="0.553" />
  <testcase classname="SObjectUtilsTests" name="enforceRequiredFields_fieldDoesNotExist" time="0.554" />
  <testcase classname="SObjectUtilsTests" name="enforceRequiredFields_invalidFieldName" time="0.555" />
  <testcase classname="SObjectUtilsTests" name="enforceRequiredFields_fieldExistsButIsEmpty" time="0.545" />
  <testcase classname="SObjectUtilsTests" name="enforceRequiredFields_invalidInputs" time="0.496" />
  <testcase classname="SourceCodeParameterTest" name="testNotEquals" time="0.288" />
  <testcase classname="SourceCodeParameterTest" name="testEquals" time="0.298" />
  <testcase classname="SourceCodeTests" name="testLoadAvailableEffortCodeParameters" time="0.336" />
  <testcase classname="SourceCodeTests" name="testLoadInitialSourceCodeParameters" time="0.296" />
  <testcase classname="SourceCodeTests" name="testLoadAvailableSegmentCodeParameters" time="0.344" />
  <testcase classname="SourceCodeTests" name="testLoadSelectedEffortCodeParameters" time="0.337" />
  <testcase classname="SourceCodeTests" name="testLoadSourceCodeParametersFromCustomSettings" time="0.339" />
  <testcase classname="SourceCodeTests" name="testLoadSelectedSegmentCodeParameters" time="0.337" />
  <testcase classname="SourceCodeTests" name="testSaveSourceCodeHandlesInvalidTotalNumberOfParameters" time="0.343" />
  <testcase classname="SourceCodeTests" name="testSaveSourceCodeHandlesEmptyEffortCodeParamters" time="0.334" />
  <testcase classname="StringUtilsTest" name="testCharAt" time="0.275" />
  <testcase classname="StringUtilsTest" name="testContains" time="0.334" />
  <testcase classname="StringUtilsTest" name="testContainsIgnoreNamespace" time="0.277" />
  <testcase classname="SourceCodeTests" name="testSaveSourceCodeHandlesMissingSegmentId" time="0.362" />
  <testcase classname="StringUtilsTest" name="testDecimalValue" time="0.271" />
  <testcase classname="StringUtilsTest" name="testEquals" time="0.271" />
  <testcase classname="StringUtilsTest" name="testEqualsIgnoreNamespace" time="0.277" />
  <testcase classname="StringUtilsTest" name="testGetStringIndexInList" time="0.271" />
  <testcase classname="StringUtilsTest" name="testIsBlank" time="0.268" />
  <testcase classname="StringUtilsTest" name="testIsEmpty" time="0.265" />
  <testcase classname="StringUtilsTest" name="testIsLowerCase" time="0.27" />
  <testcase classname="StringUtilsTest" name="testIsNumeric" time="0.277" />
  <testcase classname="StringUtilsTest" name="testStringToAsciiVal" time="0.269" />
  <testcase classname="StringUtilsTest" name="testRemoveStart" time="0.27" />
  <testcase classname="StringUtilsTest" name="testToCharArray" time="0.27" />
  <testcase classname="SustainerServiceCenterAPITest" name="calculateNextPaymentDatePledge" time="0.328" />
  <testcase classname="SustainerServiceCenterAPITest" name="calculateNextPaymentDateRecGift" time="0.322" />
  <testcase classname="SustainerServiceCenterAPITest" name="cancelRecurringGiftRecGift" time="0.329" />
  <testcase classname="SustainerServiceCenterAPITest" name="cancelRecurringGiftPledge" time="0.334" />
  <testcase classname="SustainerServiceCenterAPITest" name="skipNextPaymentPledge" time="0.33" />
  <testcase classname="SustainerServiceCenterAPITest" name="updateSustainerGiftPledge" time="0.445" />
  <testcase classname="SustainerServiceCenterAPITest" name="skipNextPaymentRecGift" time="0.349" />
  <testcase classname="SustainerServiceCenterAPITest" name="updateSustainerGiftRecGift" time="0.371" />
  <testcase classname="SystemOfRecordUniversalVersionValidTest" name="testCalculateUniversalVersionStatus_Ignore_CgCopyOfRemoteVersionEqualToRemoteVersion" time="0.276" />
  <testcase classname="SystemOfRecordUniversalVersionValidTest" name="testCalculateUniversalVersionStatus_Ignore_CgLocalVersionGreaterThanRemoteCopyOfCgVersion" time="0.278" />
  <testcase classname="SystemOfRecordUniversalVersionValidTest" name="testCalculateUniversalVersionStatus_Reject_CgLocalVersionLessThanRemoteCopyOfCgVersion" time="0.277" />
  <testcase classname="SystemOfRecordUniversalVersionValidTest" name="testCalculateUniversalVersionStatus_Valid_AllVersionsNull" time="0.281" />
  <testcase classname="SystemOfRecordUniversalVersionValidTest" name="testCalculateUniversalVersionStatus_Valid_OneNullCgValue_remote" time="0.282" />
  <testcase classname="SystemOfRecordUniversalVersionValidTest" name="testCalculateUniversalVersionStatus_Valid_OneNullCgValue_local" time="0.272" />
  <testcase classname="SystemOfRecordUniversalVersionValidTest" name="testCalculateUniversalVersionStatus_Valid_NonNull" time="0.296" />
  <testcase classname="SystemOfRecordUniversalVersionValidTest" name="testCalculateUniversalVersionStatus_Valid_OneNullComValue_a" time="0.27" />
  <testcase classname="SystemOfRecordUniversalVersionValidTest" name="testCalculateUniversalVersionStatus_Valid_OneNullComValue_b" time="0.274" />
  <testcase classname="SystemOfRecordUniversalVersionValidTest" name="testCalculateUniversalVersionStatus_Valid_TwoNullCgValues" time="0.272" />
  <testcase classname="SystemOfRecordUniversalVersionValidTest" name="testCalculateUniversalVersionStatus_Valid_TwoNullComValues" time="0.269" />
  <testcase classname="Task_LogUtilitiesTests" name="taskBatchPendingPersist" time="0.322" />
  <testcase classname="Task_LogUtilitiesTests" name="taskBatchPendingNoPersist" time="0.269" />
  <testcase classname="SystemOfRecordUniversalVersionValidTest" name="testcalculateFieldGroupingVersionStatus" time="0.269" />
  <testcase classname="Task_LogUtilitiesTests" name="testGetLastGivingSummaryJob" time="0.325" />
  <testcase classname="Task_LogUtilitiesTests" name="taskScheduledStop" time="0.307" />
  <testcase classname="Task_LogUtilitiesTests" name="testTaskBatchLogFirstExecution" time="0.321" />
  <testcase classname="Task_LogUtilitiesTests" name="testTaskFailure" time="0.33" />
  <testcase classname="Task_LogUtilitiesTests" name="testTaskBatchStart" time="0.302" />
  <testcase classname="Task_LogUtilitiesTests" name="testTaskLogStart" time="0.324" />
  <testcase classname="Task_LogUtilitiesTests" name="testTaskScheduledStart" time="0.3" />
  <testcase classname="Task_LogUtilitiesTests" name="testTaskStop" time="0.319" />
  <testcase classname="Task_LogUtilitiesTests" name="testTaskStart" time="0.33" />
  <testcase classname="TaskManagerTests" name="execute" time="0.568" />
  <testcase classname="TaskManagerTests" name="isNotRunning" time="0.417" />
  <testcase classname="TaskManagerTests" name="queueClassless" time="0.265" />
  <testcase classname="TaskManagerTests" name="isRunning" time="0.364" />
  <testcase classname="TaskManagerTests" name="queueKeyless" time="0.268" />
  <testcase classname="TaskManagerTests" name="queueNull" time="0.265" />
  <testcase classname="TaskManagerTests" name="reflectionish" time="0.265" />
  <testcase classname="TaskManagerTests" name="testRequeuedTask" time="0.336" />
  <testcase classname="TeamAndParticipantWidgetControllerTest" name="testCampaignWithNoTeamsOrParticipants" time="0.278" />
  <testcase classname="TeamAndParticipantWidgetControllerTest" name="testNumbersForCurrentCampaign" time="0.367" />
  <testcase classname="TeamAndParticipantWidgetControllerTest" name="testNumbersForFirstTimeCampaign" time="0.354" />
  <testcase classname="TeamRaiser_Campaign_SyncControllerTest" name="errorTest" time="0.601" />
  <testcase classname="TeamRaiser_Campaign_SyncControllerTest" name="manuallyLinkedCampaignTest" time="0.965" />
  <testcase classname="TeamRaiser_Campaign_SyncControllerTest" name="missingTest" time="0.621" />
  <testcase classname="TeamRaiser_Campaign_SyncControllerTest" name="standardTest" time="0.702" />
  <testcase classname="TeamRaiser_Campaign_SyncControllerTest" name="warningTest" time="0.743" />
  <testcase classname="TeamRaiser_Registration_ServiceTest" name="testBuildNewOpportunityForRegistration" time="0.818" />
  <testcase classname="TeamRaiser_Registration_ServiceTest" name="testUpdateComDetailsOnRelatedOpportunity" time="1.186" />
  <testcase classname="TeamRaiser_Registration_ServiceTest" name="testUpdateComDetailsOnRelatedOpportunity_NoRelatedOpportunity" time="0.829" />
  <testcase classname="TeamRaiserGiftComValidatorTest" name="testBuildComValidationErrors_ChangeCampaign_DifferentTrEvent" time="1.078" />
  <testcase classname="TeamRaiserGiftComValidatorTest" name="testBuildComValidationErrors_ChangeCampaign_ToUnlinkedCampaign" time="1.14" />
  <testcase classname="TeamRaiserGiftComValidatorTest" name="testBuildComValidationErrors_DuplicateTrLink" time="1.268" />
  <testcase classname="TeamRaiserGiftComValidatorTest" name="testBuildComValidationErrors_NegativeDollarAmount" time="0.795" />
  <testcase classname="TeamRaiserGiftComValidatorTest" name="testBuildComValidationErrors_NoDonor" time="0.785" />
  <testcase classname="TeamRaiserGiftComValidatorTest" name="testBuildComValidationErrors_NoErrors" time="0.943" />
  <testcase classname="TeamRaiserGiftComValidatorTest" name="testBuildComValidationErrors_NoPaymentType" time="0.797" />
  <testcase classname="TeamRaiserGiftComValidatorTest" name="testBuildComValidationErrors_TeamRaiserRegInDifferentCampaign" time="1.472" />
  <testcase classname="TeamRaiserGiftComValidatorTest" name="testBuildComValidationErrors_TeamRaiserTeamInDifferentCampaign" time="1.172" />
  <testcase classname="TeamRaiserGiftComValidatorTest" name="testBuildComValidationErrors_ZeroDollarAmount" time="0.815" />
  <testcase classname="TeamRaiserGiftComValidatorTest" name="testIsLinkedToComObject_Linked" time="0.793" />
  <testcase classname="TeamRaiserGiftComValidatorTest" name="testIsLinkedToComObject_NotLinked" time="0.777" />
  <testcase classname="TeamRaiserGiftTest" name="testSimplestCrud" time="1.091" />
  <testcase classname="TeamRaiserGiftTest" name="testValidationRulesEnforcedForComLinkedGift_OnInsert" time="0.858" />
  <testcase classname="TeamRaiserGiftTest" name="testValidationRulesEnforcedForComLinkedGift_OnUpdate" time="1.06" />
  <testcase classname="TeamRaiserGiftTest" name="testValidationRulesIgnoredForNonLinkedGift_OnInsertAndUpdate" time="1.094" />
  <testcase classname="TeamRaiserProgressWidgetControllerTest" name="testAmountsByDisplayMonths" time="1.852" />
  <testcase classname="TeamRaiserProgressWidgetControllerTest" name="testConstructor" time="1.115" />
  <testcase classname="TeamRaiserProgressWidgetControllerTest" name="testFormattingMethod" time="0.478" />
  <testcase classname="TeamRaiserProgressWidgetControllerTest" name="testGetAllAmountsByDisplayMonth" time="0.476" />
  <testcase classname="TeamRaiserProgressWidgetControllerTest" name="testGetDisplayMonthsAcrossYears" time="0.556" />
  <testcase classname="TeamRaiserProgressWidgetControllerTest" name="testGetDisplayMonthsNoDonations" time="0.455" />
  <testcase classname="TeamRaiserProgressWidgetControllerTest" name="testGetDisplayMonthsSameYears" time="0.504" />
  <testcase classname="TeamRaiserProgressWidgetControllerTest" name="testGetFormattedCurrency" time="0.467" />
  <testcase classname="TeamRaiserProgressWidgetControllerTest" name="testGetFormattedMonths" time="0.501" />
  <testcase classname="TeamRaiserProgressWidgetControllerTest" name="testGetGoal" time="0.513" />
  <testcase classname="TeamRaiserProgressWidgetControllerTest" name="testLastGiftDateNoDonations" time="0.46" />
  <testcase classname="TeamRaiserProgressWidgetControllerTest" name="testLastGiftDateNoDonationsNoExtraGift" time="0.457" />
  <testcase classname="TeamRaiserProgressWidgetControllerTest" name="testRefundAmounts" time="1.355" />
  <testcase classname="TeamRaiserProgressWidgetControllerTest" name="testSubtractRefundFromList" time="0.48" />
  <testcase classname="TeamRaiserRegistrationComValidatorTest" name="testBuildComValidationErrors_ChangeCampaign_DifferentTrEvent" time="1.335" />
  <testcase classname="TeamRaiserRegistrationComValidatorTest" name="testBuildComValidationErrors_ChangeCampaign_ToUnlinkedCampaign" time="1.308" />
  <testcase classname="TeamRaiserRegistrationComValidatorTest" name="testBuildComValidationErrors_ChangeParticipant_NotAlreadyAParticipantInTrEvent" time="2.061" />
  <testcase classname="TeamRaiserRegistrationComValidatorTest" name="testBuildComValidationErrors_ChangeToTeamAssociatedWithDifferentCampaign" time="1.632" />
  <testcase classname="TeamRaiserRegistrationComValidatorTest" name="testBuildComValidationErrors_ChangeToTeamAssociatedWithSameCampaign" time="1.481" />
  <testcase classname="TeamRaiserRegistrationComValidatorTest" name="testBuildComValidationErrors_DuplicateRegistration" time="1.705" />
  <testcase classname="TeamRaiserRegistrationComValidatorTest" name="testBuildComValidationErrors_InvalidParticipationType" time="1.312" />
  <testcase classname="TeamRaiserRegistrationComValidatorTest" name="testBuildComValidationErrors_MultipleErrors" time="0.627" />
  <testcase classname="TeamRaiserRegistrationComValidatorTest" name="testBuildComValidationErrors_NoErrors" time="1.107" />
  <testcase classname="TeamRaiserRegistrationComValidatorTest" name="testBuildComValidationErrors_NoParticipant" time="0.898" />
  <testcase classname="TeamRaiserRegistrationComValidatorTest" name="testBuildComValidationErrors_NullGift" time="1.249" />
  <testcase classname="TeamRaiserRegistrationComValidatorTest" name="testBuildComValidationErrors_NullRegFee" time="0.904" />
  <testcase classname="TeamRaiserRegistrationComValidatorTest" name="testIsLinkedToComObject_Linked" time="0.617" />
  <testcase classname="TeamRaiserRegistrationComValidatorTest" name="testIsLinkedToComObject_NotLinked_1" time="0.279" />
  <testcase classname="TeamRaiserRegistrationComValidatorTest" name="testIsLinkedToComObject_NotLinked_2" time="0.615" />
  <testcase classname="TeamRaiserRegistrationTest" name="testDontAutoCreateOpportunityForFreeRegistration" time="0.737" />
  <testcase classname="TeamRaiserRegistrationTest" name="testOpportunityAlreadyAssociatedWithTeamRaiserRegistration" time="1.361" />
  <testcase classname="TeamRaiserRegistrationTest" name="testOpportunityIsAutoCreated" time="1.072" />
  <testcase classname="TeamRaiserRegistrationTest" name="testRegistrationNameAutoPopulatedWhenNull" time="0.856" />
  <testcase classname="TeamRaiserRegistrationTest" name="testRegistrationNameNotAutoPopulatedWhenInsufficientContext" time="0.847" />
  <testcase classname="TeamRaiserRegistrationTest" name="testRegistrationNameNotAutoPopulatedWhenNotNull" time="0.836" />
  <testcase classname="TeamRaiserRegistrationTest" name="testValidationRulesEnforcedForComLinkedRegistration_OnInsert" time="0.832" />
  <testcase classname="TeamRaiserRegistrationTest" name="testValidationRulesEnforcedForComLinkedRegistration_OnUpdate" time="1.13" />
  <testcase classname="TeamRaiserRegistrationTest" name="testValidationRulesIgnoredForNonLinkedRegistration_OnInsertAndUpdate" time="0.904" />
  <testcase classname="TeamRaiserRegistrationUpsellTest" name="testValidationRulesEnforcedForComLinkedRegistrationUpsell_OnInsert" time="1.031" />
  <testcase classname="TeamRaiserRegistrationUpsellTest" name="testValidationRulesEnforcedForComLinkedRegistrationUpsell_OnUpdate" time="1.222" />
  <testcase classname="TeamRaiserRegistrationUpsellTest" name="testValidationRulesIgnoredForNonLinkedRegistrationUpsell_OnInsertAndUpdate" time="1.193" />
  <testcase classname="TeamRaiserRegUpsellComValidatorTest" name="testBuildComValidationErrors_NoErrors" time="1.096" />
  <testcase classname="TeamRaiserRegUpsellComValidatorTest" name="testBuildComValidationErrors_NullUpsellName" time="1.204" />
  <testcase classname="TeamRaiserRegUpsellComValidatorTest" name="testBuildComValidationErrors_UnknownUpsellname" time="1.172" />
  <testcase classname="TeamRaiserRegUpsellComValidatorTest" name="testBuildComValidationErrors_UpsellNameFromAnotherCampaign" time="1.322" />
  <testcase classname="TeamRaiserRegUpsellComValidatorTest" name="testIsLinkedToComObject_Linked" time="1.122" />
  <testcase classname="TeamRaiserRegUpsellComValidatorTest" name="testIsLinkedToComObject_NotLinked_1" time="1.145" />
  <testcase classname="TeamRaiserRegUpsellComValidatorTest" name="testIsLinkedToComObject_NotLinked_2" time="1.115" />
  <testcase classname="TeamRaiserTeamTest" name="testRevisionIdAutoIncremented" time="0.927" />
  <testcase classname="TeamRaiserTeamTest" name="testRevisionIdNotAutoIncrementedByApiUser" time="0.853" />
  <testcase classname="TeamRaiserUtilsTest" name="insertTeamRaiserRegistrationWithTotalRaisedIncreaseTeamTotalRaised" time="0.625" />
  <testcase classname="TeamRaiserUtilsTest" name="refundingDonationToATeamShouldNotIncreaseTeamTotalRaised" time="0.618" />
  <testcase classname="TeamRaiserUtilsTest" name="testCalculateParticipantDonationTotals" time="0.722" />
  <testcase classname="TeamRaiserUtilsTest" name="testCalculateRegistrationName" time="0.329" />
  <testcase classname="TeamRaiserUtilsTest" name="testEditTeamRaiserTeamWithPriorTeamsChanged" time="0.416" />
  <testcase classname="TeamRaiserUtilsTest" name="testInsertWithPriorTeamsEntered" time="0.556" />
  <testcase classname="TeamRaiserUtilsTest" name="testIsTeamRaiserGift_Opportunity" time="0.294" />
  <testcase classname="TeamRaiserUtilsTest" name="testIsTeamRaiserGift_SObject" time="0.288" />
  <testcase classname="TeamRaiserUtilsTest" name="testPreventHonoreeInformationChangeFromLCRM" time="0.398" />
  <testcase classname="TeamRaiserUtilsTest" name="testPreventInsertOfHonoreeInformation" time="0.809" />
  <testcase classname="TeamRaiserUtilsTest" name="testRecalcTeamRaiserSummary" time="0.933" />
  <testcase classname="TeamRaiserUtilsTest" name="testTRParticipationTypeNameTrigger" time="0.91" />
  <testcase classname="TeamRaiserUtilsTest" name="testTRParticipationTypeRequiredFieldsTrigger" time="0.62" />
  <testcase classname="TeamRaiserUtilsTest" name="testTRPotentialUpsellRequiredFieldsTrigger" time="0.615" />
  <testcase classname="TeamRaiserUtilsTest" name="testTRPotentialUpsellNameTrigger" time="0.878" />
  <testcase classname="TeamRaiserUtilsTest" name="testTRRollupSummary" time="1.913" />
  <testcase classname="TeamRaiserUtilsTest" name="testTRTeamNameTrigger" time="1.06" />
  <testcase classname="TeamRaiserUtilsTest" name="testTRTeamRequiredFieldsTrigger" time="0.892" />
  <testcase classname="TeamRaiserUtilsTest" name="testToRegistrationUpsell_IllegalSObjectType" time="0.257" />
  <testcase classname="TeamRaiserUtilsTest" name="testToRegistrationUpsell" time="0.259" />
  <testcase classname="TeamRaiserUtilsTest" name="testToRegistration" time="0.26" />
  <testcase classname="TeamRaiserUtilsTest" name="testToRegistration_IllegalSObjectType" time="0.265" />
  <testcase classname="TeamRaiserUtilsTest" name="testToTeamRaiserGift" time="0.261" />
  <testcase classname="TeamRaiserUtilsTest" name="testToTeamRaiserGift_NotTeamRaiserGift" time="0.306" />
  <testcase classname="TeamRaiserUtilsTest" name="testToTeamRaiserGift_IllegalSObjectType" time="0.262" />
  <testcase classname="TeamRaiserUtilsTest" name="updateTeamRaiserRegistrationWithTotalRaisedIncreaseTeamTotalRaised" time="0.476" />
  <testcase classname="TeamRaiserUtilsTest" name="upsertingDonationToATeamShouldIncreaseTeamTotalRaised" time="0.765" />
  <testcase classname="TributeTests" name="testNextOfKinValidation" time="1.124" />
  <testcase classname="TributeTests" name="testOnlineTribute" time="1.459" />
  <testcase classname="TributeTests" name="testOppContactRoleCreate" time="1.268" />
  <testcase classname="TributeTests" name="testOppContactRoleUpdate" time="1.649" />
  <testcase classname="TributeTests" name="testOppContactRoleValidation" time="1.234" />
  <testcase classname="TributeTests" name="testOppRelationshipCreate" time="1.828" />
  <testcase classname="TributeTests" name="testOppRelationshipUpdate" time="3.183" />
  <testcase classname="TributeTests" name="testOrgOppRelationshipCreate" time="1.83" />
  <testcase classname="TributeTests" name="testOrgOppRelationshipUpdate" time="3.067" />
  <testcase classname="TributeTests" name="testRelationshipCreate" time="1.624" />
  <testcase classname="TributeTests" name="testRelationshipNoDups" time="0.908" />
  <testcase classname="UniversalCenterMemberTest" name="MulticenterNamespaceParams_Blank" time="0.282" />
  <testcase classname="TributeTests" name="testRelationshipsNotCreated" time="1.14" />
  <testcase classname="UniversalCenterMemberTest" name="MulticenterNamespaceParams_Null" time="0.269" />
  <testcase classname="UniversalContactProcessorTest" name="testBuildObject_AddressFieldGroup" time="0.652" />
  <testcase classname="UniversalContactProcessorTest" name="testBuildObject_AllGroupsProcessed" time="0.714" />
  <testcase classname="UniversalContactProcessorTest" name="testBuildObject_ConvioIDIsSet" time="0.651" />
  <testcase classname="UniversalContactProcessorTest" name="testBuildObject_CreateHouseholdForNewContact" time="0.34" />
  <testcase classname="UniversalContactProcessorTest" name="testBuildObject_ExternalRevisionIDsAreSet" time="0.663" />
  <testcase classname="UniversalContactProcessorTest" name="testBuildObject_FirstInboundSubdomain_MasterIsRejected" time="0.681" />
  <testcase classname="UniversalContactProcessorTest" name="testBuildObject_FirstInboundSubdomain_MasterIsAccepted" time="0.688" />
  <testcase classname="UniversalContactProcessorTest" name="testBuildObject_FirstInboundSubdomain_MasterIsStale" time="0.678" />
  <testcase classname="UniversalContactProcessorTest" name="testBuildObject_MultipleFieldGroups" time="0.7" />
  <testcase classname="UniversalContactProcessorTest" name="testBuildObject_NoGroupsProcessed" time="0.699" />
  <testcase classname="UniversalContactProcessorTest" name="testFieldGroupChanged" time="0.274" />
  <testcase classname="UniversalContactProcessorTest" name="testBuildObject_ProcessBasedOnSubdomainAndMaster" time="0.681" />
  <testcase classname="UniversalContactProcessorTest" name="testIncrementRevisionIdsForFieldGroupsCaseOnly" time="0.27" />
  <testcase classname="UniversalContactProcessorTest" name="testIncrementRevisionIdsForFieldGroupsMultipleFields" time="0.269" />
  <testcase classname="UniversalContactTest" name="testMessageFromObject_NullConvioId" time="0.584" />
  <testcase classname="UniversalContactTest" name="testMessageFromObject_WrongHandler" time="0.27" />
  <testcase classname="UniversalContactTest" name="testRevisionIdsAddedToMessage" time="0.658" />
  <testcase classname="UniversalDataTest" name="testGetName" time="0.26" />
  <testcase classname="UniversalEcommerceOrderTest" name="testECommerceOrderFromEcommerceMessageData" time="0.269" />
  <testcase classname="UniversalDataTest" name="testAddField" time="0.266" />
  <testcase classname="UniversalMessageManagerTest" name="testDataFromDom" time="0.273" />
  <testcase classname="UniversalEcommerceOrderTest" name="testFindECommerceDataInMessage" time="0.265" />
  <testcase classname="UniversalEcommerceOrderTest" name="testFindECommerceChildDataElements" time="0.267" />
  <testcase classname="UniversalEcommerceOrderTest" name="testFindECommerceDataInMessageData" time="0.293" />
  <testcase classname="UniversalMessageManagerTest" name="testGetInstance" time="0.256" />
  <testcase classname="UniversalMessageManagerTest" name="testMessageFromDom" time="0.261" />
  <testcase classname="UniversalMessageManagerTest" name="testMessageFromXmlWithNullAttribute" time="0.262" />
  <testcase classname="UniversalMessageManagerTest" name="testMessageFromDomExceptions" time="0.264" />
  <testcase classname="UniversalMessageManagerTest" name="testMessageNullNamespaceFromXml" time="0.262" />
  <testcase classname="UniversalMessageManagerTest" name="testMessageNestedNullNamespaceFromXml" time="0.263" />
  <testcase classname="UniversalMessageManagerTest" name="testSetMessageData" time="0.265" />
  <testcase classname="UniversalMessageManagerTest" name="testUniversalIdentifier" time="0.286" />
  <testcase classname="UniversalMessageManagerTest" name="testXmlFromMessage_RevisionIds" time="0.267" />
  <testcase classname="UniversalMessageManagerTest" name="testXmlFromMessage" time="0.268" />
  <testcase classname="UniversalMessageManagerTest" name="testSetMessageDataNestedNullNamespace" time="0.295" />
  <testcase classname="UniversalOpportunityTest" name="testInvalidPaymentTypesAreIgnored" time="0.32" />
  <testcase classname="UniversalOpportunityTest" name="testInvalidStageNamesAreIgnored" time="0.304" />
  <testcase classname="UniversalObjectManagerTest" name="testMessageFromObject" time="0.316" />
  <testcase classname="UniversalOpportunityTest" name="testValidStageNamesAreAllowed" time="0.308" />
  <testcase classname="UniversalOpportunityTest" name="testValidPaymentTypesAreAllowed" time="0.318" />
  <testcase classname="UniversalRecurringGiftTest" name="testLCRM_CreatedRG_NoScheduleChange" time="0.913" />
  <testcase classname="UniversalRecurringGiftTest" name="testLCRM_CreatedRG_TakesScheduleChange" time="1.026" />
  <testcase classname="UniversalRecurringGiftTest" name="testMessageFromObject" time="0.784" />
  <testcase classname="UniversalRecurringGiftTest" name="testMessageVersionLight" time="0.758" />
  <testcase classname="UniversalRecurringGiftTest" name="testObjectFromMessage" time="0.991" />
  <testcase classname="UniversalRecurringGiftTest" name="testObjectFromMessage_PostponedStatusMappedToSuspended" time="1.004" />
  <testcase classname="UniversalRecurringGiftTest" name="testObjectFromMessage_lapsedStatusMappedToSuspended" time="1.011" />
  <testcase classname="UniversalTrRegTest" name="testExtractTxnId" time="0.237" />
  <testcase classname="UniversalTrRegTest" name="testMessageFromRegistrationWithFundraisingGoal" time="1.053" />
  <testcase classname="UniversalTrRegTest" name="testRegistrationFromMessageWithFundraisingGoal" time="0.538" />
  <testcase classname="UniversalTrRegTest" name="testRegistrationFromMessageWithEmergencyInfo" time="0.523" />
  <testcase classname="UniversalTrRegTest" name="testRegistrationFromMessage_WithAndWithoutConvioId" time="1.544" />
  <testcase classname="UniversalTrRegTest" name="testTeamFromMessage_ExistingTeamWithoutConvioId" time="0.921" />
  <testcase classname="UniversalTrRegTest" name="testTeamToAndFromMessage_NewTeam" time="0.791" />
  <testcase classname="UniversalTrRegTest" name="testTeamToAndFromMessage_ExistingTeam" time="0.866" />
  <testcase classname="UniversalTrRegTest" name="testUpsellsToAndFromMessage" time="1.195" />
  <testcase classname="UniversalTypeConverterTest" name="testFromCgToUniversalAndBack_Boolean" time="0.278" />
  <testcase classname="UniversalTypeConverterTest" name="testDateTime" time="0.274" />
  <testcase classname="UniversalTypeConverterTest" name="testFromCgToUniversalAndBack_Date" time="0.279" />
  <testcase classname="UniversalTypeConverterTest" name="testFromCgToUniversalAndBack_Integer" time="0.271" />
  <testcase classname="UniversalTypeConverterTest" name="testFromCgToUniversalAndBack_Decimal" time="0.271" />
  <testcase classname="UniversalTypeConverterTest" name="testFromCgToUniversalAndBack_Datetime" time="0.281" />
  <testcase classname="UniversalTypeConverterTest" name="testFromLocal" time="0.275" />
  <testcase classname="UniversalTypeConverterTest" name="testFromUniversal" time="0.33" />
  <testcase classname="UniversalTypeConverterTest" name="testFromLocal_HandlesNullCorrectly" time="0.272" />
  <testcase classname="UniversalTypeConverterTest" name="testFromUniversal_HandlesBlankCorrectly" time="0.327" />
  <testcase classname="UniversalTypeConverterTest" name="testFromUniversal_HandlesNullCorrectly" time="0.265" />
  <testcase classname="UniversalTypeConverterTest" name="testFromUniversal_HandlesGarbageCorrectly" time="0.321" />
  <testcase classname="UniversalTypeConverterTest" name="testTypeException" time="0.272" />
  <testcase classname="UrlBuilderTest" name="testAccountID" time="0.27" />
  <testcase classname="UniversalVersionValidatorTest" name="testValidate" time="0.555" />
  <testcase classname="UrlBuilderTest" name="testAccountIdLookup" time="0.263" />
  <testcase classname="UrlBuilderTest" name="testAmount" time="0.268" />
  <testcase classname="UrlBuilderTest" name="testAddUrlArgumentMethod" time="0.264" />
  <testcase classname="UrlBuilderTest" name="testAccountName" time="0.264" />
  <testcase classname="UrlBuilderTest" name="testBenefitValue" time="0.262" />
  <testcase classname="UrlBuilderTest" name="testBuildMethod" time="0.263" />
  <testcase classname="UrlBuilderTest" name="testBuildLabelToFieldMethod" time="0.27" />
  <testcase classname="UrlBuilderTest" name="testCloseDate" time="0.306" />
  <testcase classname="UrlBuilderTest" name="testDescription" time="0.268" />
  <testcase classname="UrlBuilderTest" name="testContactName" time="0.263" />
  <testcase classname="UrlBuilderTest" name="testContactId" time="0.262" />
  <testcase classname="UrlBuilderTest" name="testDonationName" time="0.269" />
  <testcase classname="UrlBuilderTest" name="testEventAccountId" time="0.267" />
  <testcase classname="UrlBuilderTest" name="testDonationType" time="0.267" />
  <testcase classname="UrlBuilderTest" name="testEventAccountName" time="0.268" />
  <testcase classname="UrlBuilderTest" name="testEventId" time="0.266" />
  <testcase classname="UrlBuilderTest" name="testEventContacttName" time="0.271" />
  <testcase classname="UrlBuilderTest" name="testEventContactId" time="0.266" />
  <testcase classname="UrlBuilderTest" name="testEventName" time="0.264" />
  <testcase classname="UrlBuilderTest" name="testGiftAssetGiftRecord" time="0.268" />
  <testcase classname="UrlBuilderTest" name="testHonorMemorial" time="0.535" />
  <testcase classname="UrlBuilderTest" name="testMatchingGiftLinkName" time="0.266" />
  <testcase classname="UrlBuilderTest" name="testMatchingGiftLinkId" time="0.264" />
  <testcase classname="UrlBuilderTest" name="testIsMatchingGift" time="0.266" />
  <testcase classname="UrlBuilderTest" name="testPatternMatcher" time="0.264" />
  <testcase classname="UrlBuilderTest" name="testPrimaryCampaignName" time="0.266" />
  <testcase classname="UrlBuilderTest" name="testPrimaryCampaignId" time="0.271" />
  <testcase classname="UrlBuilderTest" name="testPledgeStatus" time="0.266" />
  <testcase classname="UrlBuilderTest" name="testPrimaryEngagementId" time="0.268" />
  <testcase classname="UrlBuilderTest" name="testRecordType" time="0.263" />
  <testcase classname="UrlBuilderTest" name="testPrimaryEngagementName" time="0.263" />
  <testcase classname="UrlBuilderTest" name="testRecurrenceDescription" time="0.263" />
  <testcase classname="UrlBuilderTest" name="testRecurringGiftName" time="0.265" />
  <testcase classname="UrlBuilderTest" name="testRecurringGiftId" time="0.256" />
  <testcase classname="UrlBuilderTest" name="testRecurringGiftDonorName" time="0.261" />
  <testcase classname="UrlBuilderTest" name="testRecurringGiftStatus" time="0.264" />
  <testcase classname="UrlBuilderTest" name="testStartDate" time="0.311" />
  <testcase classname="UrlBuilderTest" name="testStage" time="0.26" />
  <testcase classname="UrlBuilderTest" name="testReturnURL" time="0.264" />
  <testcase classname="UrlBuilderTest" name="testSustainingGiftDonationType" time="0.266" />
  <testcase classname="UrlBuilderTest" name="testTransactionType" time="0.266" />
  <testcase classname="UrlBuilderTest" name="testThisRecurringGiftName" time="0.261" />
  <testcase classname="UrlBuilderTest" name="testTributeId" time="0.266" />
  <testcase classname="UrlBuilderTest" name="testWriteInDesignation" time="0.259" />
  <testcase classname="UrlBuilderTest" name="testVolunteerJobName" time="0.265" />
  <testcase classname="UrlBuilderTest" name="testTributeName" time="0.264" />
  <testcase classname="UtilsTests" name="getSalesForceServer" time="0.303" />
  <testcase classname="UtilsTests" name="isThisASandboxServer" time="0.308" />
  <testcase classname="UtilsTests" name="isThatAnAlwaysAllowedDomain" time="0.316" />
  <testcase classname="UtilsTests" name="testAddMultiPicklistValue" time="0.309" />
  <testcase classname="UtilsTests" name="testAppendParamsToUrl" time="0.307" />
  <testcase classname="UtilsTests" name="testAppendParamToUrl" time="0.305" />
  <testcase classname="UtilsTests" name="testAppendToUrl" time="0.308" />
  <testcase classname="UtilsTests" name="testBuildSelectAllQuery_String" time="0.341" />
  <testcase classname="UtilsTests" name="testBuildSelectAllQuery_SObject" time="0.346" />
  <testcase classname="UtilsTests" name="testChunk" time="0.309" />
  <testcase classname="UtilsTests" name="testGet18CharacterId_Id" time="0.325" />
  <testcase classname="UtilsTests" name="testConvertCurrencyLongToDecimal" time="0.315" />
  <testcase classname="UtilsTests" name="testGet18CharacterId_Id_Illegal_TooShort" time="0.314" />
  <testcase classname="UtilsTests" name="testGet18CharacterId_SObject" time="0.538" />
  <testcase classname="UtilsTests" name="testGet18CharacterId_Id_Null" time="0.314" />
  <testcase classname="UtilsTests" name="testGet18CharacterId_SObject_Null" time="0.312" />
  <testcase classname="UtilsTests" name="testGetDayOfWeekStr" time="0.304" />
  <testcase classname="UtilsTests" name="testGetDayOfWeekIndex" time="0.306" />
  <testcase classname="UtilsTests" name="testGetDefaultDesignation" time="0.368" />
  <testcase classname="UtilsTests" name="testGetReadableTimeString" time="0.315" />
  <testcase classname="UtilsTests" name="testGetDottedNamespace" time="0.316" />
  <testcase classname="UtilsTests" name="testGetRecordTypeId" time="0.352" />
  <testcase classname="UtilsTests" name="testGetRecordType" time="0.383" />
  <testcase classname="UtilsTests" name="testGetRecordTypeIdsForObject" time="0.34" />
  <testcase classname="UtilsTests" name="testGetRecordTypesForObject" time="0.34" />
  <testcase classname="UtilsTests" name="testGetSObjectWithAllFields_SObject" time="0.603" />
  <testcase classname="UtilsTests" name="testGetSObjectWithAllFields_String" time="0.573" />
  <testcase classname="UtilsTests" name="testGetSObjectsWithAllFields_SObject" time="0.747" />
  <testcase classname="UtilsTests" name="testGetSObjectsWithAllFields_String" time="0.758" />
  <testcase classname="UtilsTests" name="testGetSoqlDateString" time="0.312" />
  <testcase classname="UtilsTests" name="testGetSoqlDateTimeStringEndOfDay" time="0.316" />
  <testcase classname="UtilsTests" name="testGetSoqlDateTimeStringStartOfDay" time="0.311" />
  <testcase classname="UtilsTests" name="testIncludesMultiPicklistValue" time="0.319" />
  <testcase classname="UtilsTests" name="testLeftStr" time="0.316" />
  <testcase classname="UtilsTests" name="testNullCheck" time="0.321" />
  <testcase classname="UtilsTests" name="testMakeSoqlSafe" time="0.318" />
  <testcase classname="UtilsTests" name="testNullVal" time="0.327" />
  <testcase classname="UtilsTests" name="testPartialEntryResolution" time="0.32" />
  <testcase classname="UtilsTests" name="testRemoveMultiPicklistValue" time="0.33" />
  <testcase classname="UtilsTests" name="testRemoveNulls" time="0.324" />
  <testcase classname="UtilsTests" name="testSqlizeQuoteString" time="0.317" />
  <testcase classname="UtilsTests" name="testToPrecisionRoundDown" time="0.316" />
  <testcase classname="UtilsTests" name="testToPrecisionRoundDownDecimal" time="0.323" />
  <testcase classname="UtilsTests" name="testToPrecisionRoundUp" time="0.321" />
  <testcase classname="UtilsTests" name="testToPrecisionRoundUpDecimal" time="0.314" />
  <testcase classname="ValidationUtilsTest" name="testValidateArgumentNotBlank_BlankArgument" time="0.319" />
  <testcase classname="ValidationUtilsTest" name="testValidateArgumentNotBlank_NonBlankArgument" time="0.27" />
  <testcase classname="ValidationUtilsTest" name="testValidateArgumentNotNull_NonNullArgument" time="0.266" />
  <testcase classname="ValidationUtilsTest" name="testValidateArgumentNotNull_NullArgument" time="0.32" />
  <testcase classname="VersionUpgradesTest" name="test12_10upgrades" time="0.273" />
  <testcase classname="VersionUpgradesTest" name="test12_11upgrades" time="0.323" />
  <testcase classname="VersionUpgradesTest" name="test12_13upgrades" time="0.316" />
  <testcase classname="VersionUpgradesTest" name="test12_15upgrades" time="0.315" />
  <testcase classname="VersionUpgradesTest" name="test12_7_2upgrades" time="0.266" />
  <testcase classname="VersionUpgradesTest" name="test12_9upgrades" time="0.267" />
  <testcase classname="VersionUpgradesTest" name="test12_17upgrades" time="0.311" />
  <testcase classname="VersionUpgradesTest" name="testFailedUpgradesGivesCorrectLastUpgradeRun" time="0.272" />
  <testcase classname="VersionUpgradesTest" name="testInitialUpgrades" time="0.272" />
  <testcase classname="VersionUpgradesTest" name="testFailedSustainerThrewError" time="0.323" />
  <testcase classname="VolunteerJobShiftButtonControllerTest" name="testGetNewVolunteerJobShiftUrl" time="0.349" />
  <testcase classname="VolunteerShiftUtilsTest" name="testContactConstantlyAvailable" time="1.004" />
  <testcase classname="VolunteerShiftUtilsTest" name="testContactShiftMatching" time="2.423" />
  <testcase classname="VolunteerShiftUtilsTest" name="testDailyAvailabilityWithSpan" time="2.439" />
  <testcase classname="VolunteerShiftUtilsTest" name="testDailyAvailabilityWithoutSpan" time="2.286" />
  <testcase classname="VolunteerShiftUtilsTest" name="testFutureShiftSearch" time="0.556" />
  <testcase classname="VolunteerTestDoubleBooking" name="setupTestData" time="1.169" />
  <testcase classname="VolunteerTestDoubleBooking" name="testDoubleBookingOnCreate" time="1.859" />
  <testcase classname="VolunteerTestDoubleBooking" name="testDoubleBookingOverWaitlist" time="1.35" />
  <testcase classname="VolunteerTestDoubleBooking" name="testDoubleBookingWithDifferentStatus" time="1.309" />
  <testcase classname="VolunteerTestDoubleBooking" name="testNotDoubleBookingOnCreate" time="1.568" />
  <testcase classname="VolunteerTestJobFinder" name="testFindingShift" time="1.04" />
  <testcase classname="VolunteerTestJobFinder" name="testHighVolume" time="2.032" />
  <testcase classname="VolunteerTestJobFinder" name="testNotFindingShiftDueToQualifications" time="0.828" />
  <testcase classname="VolunteerTestJobFinder" name="testNotFindingOldOrAssignedShifts" time="0.846" />
  <testcase classname="VolunteerTests" name="testContactQualificationControllerNewAction" time="0.878" />
  <testcase classname="VolunteerTests" name="testContactQualificationControllerNewActionNoRetUrl" time="0.642" />
  <testcase classname="VolunteerTests" name="testContactShiftQualificationTriggers" time="0.984" />
  <testcase classname="VolunteerTests" name="testContactShiftSignup" time="0.91" />
  <testcase classname="VolunteerTests" name="testContactShiftSignupTriggers" time="0.964" />
  <testcase classname="VolunteerTests" name="testJobDelete" time="0.961" />
  <testcase classname="VolunteerTests" name="testJobQualificationControllerEditAction" time="0.564" />
  <testcase classname="VolunteerTests" name="testJobQualificationControllerNewAction" time="0.554" />
  <testcase classname="VolunteerTests" name="testQualificationDelete" time="0.997" />
  <testcase classname="VolunteerTests" name="testShiftDelete" time="1.126" />
  <testcase classname="VolunteerTests" name="testShiftDurationCalculation" time="0.733" />
  <testcase classname="VolunteerTests" name="testShiftFieldUpdate" time="0.436" />
  <testcase classname="VolunteerTests" name="testVolShiftContactManager" time="1.253" />
  <testcase classname="VolunteerTestsVolFinder" name="testContactJobFinder" time="1.837" />
  <testcase classname="VolunteerTestsVolFinder" name="testSevenDaysOfWeek" time="0.84" />
  <testcase classname="XmlUtilsTest" name="testGetDocument" time="0.278" />
  <testcase classname="XmlUtilsTest" name="testGetChildNode" time="0.261" />
  <testcase classname="XmlUtilsTest" name="testGetChildNodes" time="0.282" />
  <testcase classname="XmlUtilsTest" name="testGetTopLevelNode" time="0.277" />
  <testcase classname="XmlUtilsTest" name="testGetTopLevelNodes" time="0.263" />
  <testcase classname="XmlUtilsTest" name="testValue_Document_String" time="0.259" />
  <testcase classname="XmlUtilsTest" name="testValue_XmlNode" time="0.258" />
  <testcase classname="XmlUtilsTest" name="testValue_XmlNode_String" time="0.265" />
  <testcase classname="XmlUtilsTest" name="testValue_XmlNode_HandlesNullGracefully" time="0.26" />
  <testcase classname="ApexCodeCoverageTest" name="testCoverage" time="0.0" />
  <system-out><![CDATA[Total: 78% (36895/47090)

PledgeServiceCenterController: 60% (74/122) below 75%
GetRecurringPledgeTaskResultsAPI: 0% (0/40) below 75%
BusTrTeamProcessor: 81% (160/196)
AccountAll: 100% (25/25)
ContactVolunteerJobFinderController: 96% (86/89)
BulletChartController: 50% (16/32) below 75%
UniversalEcommerceOrderFields: 0% (0/2) below 75%
UniversalOpportunity: 87% (500/572)
CriteriaEvaluatorRelationshipType: 89% (65/73)
CriteriaEvaluatorDonationQuantity: 95% (83/87)
PledgeDesignationRelationship: 100% (8/8)
VolunteerContactQualificationController: 98% (69/70)
DonationDocumentUtils: 95% (100/105)
ContactMatchingBatch: 0% (0/40) below 75%
ContactHouseholdUtilities: 100% (70/70)
EventDetailAll: 100% (9/9)
RecurringGiftMigrationBatchable: 78% (168/213)
ContactUtilsAllData: 90% (574/636)
MergeAPI: 79% (134/169)
BatchDebugController: 100% (17/17)
DonationCapturePaymentHandler: 0% (0/55) below 75%
DonationDesignationRelationship: 100% (9/9)
DuplicateAccountOperation: 72% (13/18) below 75%
ContactAddrStandardizationBatch: 0% (0/14) below 75%
UpdatePaymentIFrame2Controller: 0% (0/7) below 75%
UniversalTrReg: 94% (279/296)
TeamRaiserUtils: 97% (300/308)
ChannelAll: 100% (1/1)
DO_NOT_PACKAGE_DynamicApexTest: 100% (16/16)
RelationshipDetailUpdate: 100% (2/2)
BatchUtils: 68% (571/834) below 75%
UniversalContactUncatSubdomainProcessor: 91% (31/34)
TeamRaiserRegistrationUpsellValidateComDetails: 100% (3/3)
VolunteerJobDelete: 100% (1/1)
AncillarySystemUniversalVersionValidator: 100% (20/20)
CampaignHierarchyControllerExt: 93% (166/177)
EffortSegmentLocator: 100% (11/11)
BatchCapturePaymentScheduledJob: 0% (0/42) below 75%
ContactMatching: 97% (566/582)
ComLinkedObjectCache: 94% (134/142)
CardExpirationCorrectionScheduler: 0% (0/7) below 75%
RecurringGiftIframe2Controller: 100% (9/9)
GenericResult: 71% (5/7) below 75%
DonationRefundAPI: 68% (61/89) below 75%
BatchCapturePaymentJob: 0% (0/61) below 75%
AbstractUniversalObject: 100% (11/11)
EngagementChannelUpdate: 100% (1/1)
BatchEntryDonForm2Controller: 0% (0/21) below 75%
StringUtils: 82% (116/141)
UniversalContactAddrSubdomainProcessor: 100% (10/10)
DuplicateContactOperationTest: 79% (23/29)
LuminateTask: 100% (3/3)
OpenDonationSortHelper: 100% (23/23)
LuminateInstallTaskRegistry: 0% (0/6) below 75%
RecurringGiftAll: 100% (84/84)
DonationEntryFormSpec: 98% (141/143)
MergeField: 73% (14/19) below 75%
BatchSummaryUtils: 87% (80/91)
TeamRaiserRegistrationUpsell: 100% (15/15)
EngagementChannelHelper: 100% (13/13)
PageUtilsController: 0% (0/7) below 75%
PledgeUtils: 94% (571/604)
ContactStandardizationScheduler: 0% (0/13) below 75%
BatchSettingsController: 36% (4/11) below 75%
ContactAll: 100% (42/42)
BusPfFundProcessor: 74% (122/163) below 75%
ContactMatchingScheduler: 0% (0/15) below 75%
ContactInterestController: 95% (39/41)
PledgeRecurrenceInfoController: 0% (0/152) below 75%
BusQueryProcessor: 81% (26/32)
Task_LogUtilities: 97% (102/105)
PledgeIframe2Controller: 100% (2/2)
ConfigurationController: 100% (3/3)
UniversalVersionValidator: 87% (14/16)
ContactSummaryController: 89% (26/29)
EventInvitationUpdate: 100% (9/9)
EcrmIntegration2: 37% (92/243) below 75%
GiftAssetUtils: 100% (25/25)
CriteriaEvaluatorCustom: 92% (59/64)
EventInvitationCreationButtonController: 89% (34/38)
ValidationUtils: 83% (10/12)
RelatedEmailDetailAll: 100% (6/6)
fflib_MethodCountRecorder: 100% (37/37)
RecurringGiftIframeController: 82% (48/58)
OppRecalcUtils: 95% (198/208)
UniversalRecurringGift: 83% (187/223)
CurrencyFormatterComponentController: 0% (0/7) below 75%
VolunteerShiftContactFinderControllerExt: 97% (175/179)
ComValidator: 100% (37/37)
DupeManagerFindDupesBatch: 0% (0/113) below 75%
PledgeRecalculationDefaultControllerTest: 100% (12/12)
CampaignTypeAll: 100% (1/1)
TeamRaiserDonationSummaryController: 0% (0/8) below 75%
DonationRole: 88% (45/51)
SegmentGeneratorComplex: 82% (121/146)
SimpleOpportunity: 100% (4/4)
AccountGivingSummaryRecalcScheduler: 0% (0/2) below 75%
ConvioConsAPI: 60% (41/68) below 75%
DesignationAll: 100% (11/11)
DupeManagerControllerExt: 0% (0/149) below 75%
DonationDocumentBefore: 100% (8/8)
DonationCreationButtonController: 98% (74/75)
DO_NOT_PACKAGE_DescribeSchema: 100% (88/88)
PledgeDonFormController: 0% (0/4) below 75%
RelatedEmailDetailUtils: 96% (125/130)
BusOpportunityTestMessageBuilder: 87% (249/285)
EffortTypeAll: 100% (1/1)
CampaignStatisticsControllerExt: 100% (26/26)
UniversalEventAttendees: 80% (59/73)
OpportunityCardExpirationCorrectionBatch: 60% (30/50) below 75%
PackageAll: 100% (5/5)
UniversalObjectManager: 72% (37/51) below 75%
ContactHistoricalAddress: 98% (198/202)
BusTrRegTestMessageBuilder: 83% (178/212)
TeamRaiserTeamAndParticipantController: 0% (0/1) below 75%
ReversePledgeController: 100% (13/13)
BatchCommitJob: 83% (79/95)
BatchEntryFormSpec: 97% (99/102)
TeamRaiserRegistrationAutoCreateOpportunity: 100% (22/22)
TestLuminateTask: 100% (17/17)
AccountStandardizationScheduler: 0% (0/6) below 75%
CampaignAll: 100% (10/10)
BatchPledgeEntryHandler: 83% (113/135)
BatchCommitJobScheduler: 0% (0/12) below 75%
ConvioTeamraiserCampaignApiResponse: 85% (96/112)
UniversalUtils: 80% (21/26)
DirectResponseSetupController: 0% (0/3) below 75%
TeamRaiserParticipationTypeAll: 100% (2/2)
BatchCapturePaymentBatchJob: 0% (0/91) below 75%
RecurringDateUtils: 87% (328/374)
TransactionInfo: 0% (0/11) below 75%
BusContactProcessor: 86% (115/133)
VolunteerJobQualificationController: 97% (94/96)
AccountHelpers: 84% (32/38)
CriteriaEvaluatorContactClassification: 94% (18/19)
BatchContactController: 14% (18/122) below 75%
OpportunityTestUtils: 100% (7/7)
ProcessRecurringPaymentAPI: 0% (0/53) below 75%
SegmentCloneControllerExt: 93% (45/48)
ContactHelpers: 100% (30/30)
RollupService: 0% (0/13) below 75%
DesignationUtils: 98% (84/85)
PotentialDuplicateUtil: 100% (9/9)
UniversalActionConverter: 85% (36/42)
CampaignUtils: 91% (57/62)
ConvioCrudApiResponse: 96% (51/53)
EventTeamMemberManagerController: 95% (108/113)
RelatedAddressDetailUpdate: 100% (3/3)
ConvioForceApi: 80% (155/192)
SegmentAll: 100% (15/15)
RecurringGiftIFrameTestUtils: 100% (11/11)
Batchable: 0% (0/35) below 75%
PledgeRecalculationDefaultController: 100% (7/7)
EventAttendeeCounts: 100% (9/9)
SystemOfRecordUniversalVersionValidator: 100% (24/24)
BusEventAttendeesProcessor: 77% (186/240)
RecurringPledgeProcessingTask: 0% (0/3) below 75%
BusTestMessageBuilder: 75% (34/45)
CampaignCategoryAll: 100% (1/1)
BatchListController: 0% (0/28) below 75%
TributeUpdate: 100% (4/4)
RelationshipUtils: 83% (199/237)
AccountDupeCheckController: 0% (0/32) below 75%
EventCheckInManagerController: 93% (150/161)
UniversalContactProcessor: 99% (323/325)
BatchEntryItemVO: 96% (63/65)
EventExpenseUpdate: 100% (1/1)
EffortAllNoSourceCodeTests: 100% (2/2)
ContactAddrDistrictizationBatch: 0% (0/18) below 75%
ConvioMergeConstituentsApi: 16% (7/43) below 75%
RecurringPledgeProcessor: 0% (0/3) below 75%
VolunteerContactShift: 100% (13/13)
TeamRaiserRegUpsellComValidator: 100% (47/47)
DuplicateMergeUtils: 87% (327/373)
EventTeamManagerController: 95% (68/71)
ApiGatedDeleteController: 100% (16/16)
PledgePaymentDataButtonController: 0% (0/34) below 75%
AddressCorrectionContactControllerExt: 0% (0/43) below 75%
MultiDesignationWidgetController: 0% (0/7) below 75%
GiftAssetDeleteTrigger: 100% (1/1)
AccountDonationListController: 92% (71/77)
TributeUtils: 91% (251/274)
UniversalBusException: 100% (2/2)
UniversalContactSubdomainProcessor: 95% (253/264)
PostUpgradeNewRecurringGiftModel: 30% (47/156) below 75%
RecurrenceObj: 65% (85/130) below 75%
RelationshipTypeDelete: 100% (1/1)
BatchEntryUtils: 96% (75/78)
RecurringGiftRecurrenceScheduler: 66% (10/15) below 75%
XmlUtils: 100% (33/33)
PaginationTestController: 0% (0/25) below 75%
BatchControllerUtils: 94% (309/326)
Utils: 54% (447/816) below 75%
MergeGroup: 83% (41/49)
VolunteerUtils: 99% (208/210)
RecurringGiftControllerExt: 56% (13/23) below 75%
SourceCode: 98% (127/129)
IncomingRedirectController: 95% (41/43)
CriteriaEvaluatorVolunteer: 90% (19/21)
SimpleEventInvitation: 0% (0/31) below 75%
ConvioMergeConsInfoApi: 87% (98/112)
BatchController: 82% (1502/1826)
SegmentUtils: 95% (341/358)
ContactEntryFormSpec: 99% (304/307)
CampaignHierarchyControllerTestUtils: 100% (23/23)
PledgeEntryFormSpec: 97% (110/113)
AddressCorrectionAccountControllerExt: 0% (0/27) below 75%
VolunteerJobShiftButtonController: 100% (10/10)
ApiGatedController: 75% (6/8)
CapturePaymentHandlerFactory: 0% (0/9) below 75%
BatchRecurringGiftEntryHandler: 84% (94/111)
UniversalDmlItem: 100% (5/5)
BusRecurringGiftTestMessageBuilder: 97% (103/106)
RecurringGiftCapturePaymentHandler: 0% (0/30) below 75%
EcrmIntegration: 87% (90/103)
RemediationJob: 0% (0/11) below 75%
AbstractDonationIFrameController: 75% (63/83)
BatchStatusController: 0% (0/48) below 75%
UniversalData: 100% (22/22)
BatchEntryAll: 100% (3/3)
BatchContactFieldController: 0% (0/1) below 75%
BusCenterMemberQueryProcessor: 4% (2/41) below 75%
DuplicateMergeController: 0% (0/26) below 75%
DonationIframe2Controller: 100% (23/23)
SourceCodeUtils: 74% (47/63) below 75%
ReverseDonationController: 0% (0/27) below 75%
BusTrRegQueryProcessor: 34% (12/35) below 75%
RecurringGiftUpdatePaymentController: 0% (0/63) below 75%
CriteriaBuilderUtils: 98% (60/61)
UniversalMessageManager: 93% (229/244)
PledgePostDonationController: 0% (0/33) below 75%
BatchCloneControllerExt: 80% (34/42)
PledgeAll: 100% (21/21)
SustainerServiceCenterAPI: 88% (97/109)
SourceCodeParameter: 64% (32/50) below 75%
DuplicateMergeAccountsController: 75% (234/311)
AccountAssociateContactsControllerExt: 83% (65/78)
RecurringGiftSetDesignationController: 89% (53/59)
BatchEntryDonFormController: 0% (0/4) below 75%
TributeNextOfKinUpdate: 100% (1/1)
ContactStandardization: 0% (0/16) below 75%
TeamRaiserPotentialUpsellAll: 100% (2/2)
BusSyncUtils: 97% (66/68)
BatchTemplateCreateFromBatchController: 83% (35/42)
RecurringPayment: 0% (0/43) below 75%
EffortCategoryAll: 100% (1/1)
ConvioIFrameController: 0% (0/6) below 75%
RelationshipTypeUpdate: 100% (1/1)
PledgeCapturePaymentHandler: 0% (0/42) below 75%
DonationRoleUtils: 75% (22/29)
CGServiceEndpoint: 66% (36/54) below 75%
UniversalRecurringPledge: 71% (150/210) below 75%
CapturedTransactionInfo: 86% (13/15)
BatchRecurringGiftDesignationHandler: 90% (63/70)
RecurringGiftPaymentDataButtonController: 0% (0/35) below 75%
TeamRaiserRegistration: 76% (13/17)
BatchCreateFromTemplateController: 74% (44/59) below 75%
AccountMatching: 0% (0/45) below 75%
PledgeRecalculationController: 84% (148/176)
BatchCommitAction: 95% (153/161)
ConvioCrudApiTestSupport: 100% (20/20)
OpportunityAll: 96% (59/61)
DuplicateMergeAccountsControllerTest: 100% (2/2)
FinishUpdatePaymentInfoController: 0% (0/7) below 75%
NumberUtils: 95% (21/22)
BatchCommitUtils: 70% (160/227) below 75%
PledgeUpdatePaymentIframeController: 0% (0/63) below 75%
RecurringPledgeTaskScheduleInstaller: 0% (0/15) below 75%
EffortAll: 100% (9/9)
CampaignFormProgressController: 88% (132/150)
EventUtils: 93% (379/406)
KomenBatchTestControllerExt: 0% (0/3) below 75%
DuplicateContactOperation: 71% (515/724) below 75%
MetadataUtils: 62% (265/423) below 75%
PaymentUtils: 0% (0/70) below 75%
RedirectController: 100% (28/28)
EventLevelDelete: 100% (1/1)
ContactArbitraryMatchControllerExt: 96% (104/108)
MetadataService: 89% (4314/4810)
ContactStandardizationBatch: 0% (0/41) below 75%
BatchFieldPickerController: 59% (115/192) below 75%
BusProcessor: 78% (131/167)
BusTrRegProcessor: 87% (411/470)
LuminateInstallHandler: 0% (0/11) below 75%
TaskMonitor: 0% (0/45) below 75%
TeamRaiserGiftValidateComDetails: 100% (3/3)
ConvioIFrame: 53% (16/30) below 75%
ApiGatedNewController: 100% (16/16)
IntegrationSettingsUtils: 64% (48/75) below 75%
DonationViewExtension: 88% (32/36)
AccountDeleteController: 0% (0/17) below 75%
FeatureUpgrades: 14% (21/148) below 75%
UrlBuilder: 95% (174/183)
ConvioCrudApi: 53% (24/45) below 75%
DesignationHelpers: 100% (7/7)
RecurringGiftMigrationScheduler: 0% (0/19) below 75%
VersionUpgrades: 100% (55/55)
UniversalTypeConverter: 78% (166/212)
CriteriaUtils: 100% (56/56)
ContactCopyAddressControllerExt: 83% (45/54)
TeamRaiserRegistrationValidateComDetails: 100% (5/5)
BusCenterMemberTestMessageBuilder: 0% (0/38) below 75%
ProtectedSettingsUtils: 68% (50/73) below 75%
DonationCreationFromAcctConsController: 37% (59/156) below 75%
UniversalMessage: 94% (33/35)
PledgeExtension: 76% (19/25)
RecurringGiftSetScheduleController: 39% (39/98) below 75%
TaskManager: 95% (94/98)
CriteriaEvaluator: 100% (4/4)
SourceCodeManagerController: 0% (0/48) below 75%
DonationIframeController: 88% (66/75)
ConvioCalendarEventApi: 0% (0/51) below 75%
DonationRefundController: 76% (82/107)
TeamAndParticipantWidgetController: 69% (46/66) below 75%
ContactUtils2: 100% (39/39)
BatchDonationEntryHandler: 64% (273/422) below 75%
EventSyncController: 0% (0/15) below 75%
UniversalContact: 98% (283/286)
BatchPledgeDesignationEntryHandler: 91% (78/85)
UtilitiesTabController: 0% (0/142) below 75%
RecurringGiftEntryFormSpec: 95% (118/124)
UniversalIdentifier: 100% (7/7)
OpportunityAmountUpdate: 86% (40/46)
BusRecurringPledgeProcessor: 89% (402/451)
ContactClassificationAll: 100% (11/11)
ContactVolunteerCenterControllerExt: 0% (0/35) below 75%
DatabaseUtils: 100% (80/80)
PaginationSetController: 0% (0/23) below 75%
UnregisteredParticipantsController: 0% (0/29) below 75%
DonorProfileReportController: 64% (38/59) below 75%
DRFirstResponseBatch: 90% (38/42)
RecurringGiftBalanceCorrectionBatchable: 83% (143/172)
Log: 59% (53/89) below 75%
UniversalContactOtherSubdomainProcessor: 0% (0/11) below 75%
ContactDeleteController: 83% (10/12)
UniversalEndpointResponse: 73% (98/133) below 75%
ContactPromotionControllerExt: 75% (63/83)
RecurringGiftDesignationRelationship: 100% (2/2)
BusOpportunityQueryProcessor: 63% (23/36) below 75%
DuplicateMergeFieldsController: 49% (71/143) below 75%
EngagementChannelUtils: 83% (271/324)
ContactUtils: 92% (181/195)
UnregisteredTeamsController: 0% (0/29) below 75%
GiftAssetCreationButtonController: 63% (12/19) below 75%
TeamRaiser_Campaign_SyncController: 94% (97/103)
TeamRaiserParticipantSummaryController: 0% (0/8) below 75%
VolunteerShiftInsertUpdate: 100% (1/1)
BusTrTeamQueryProcessor: 94% (33/35)
BusOpportunityProcessor: 93% (513/549)
BatchValidationReportControllerExt: 75% (186/245)
MergeFieldValue: 100% (7/7)
CriteriaAll: 100% (5/5)
DirectResponseRollupProcessor: 98% (159/162)
ContactDuplicateFinderControllerExt: 0% (0/44) below 75%
NearbyDonorsController: 76% (49/64)
Pair: 0% (0/17) below 75%
PotentialDuplicateAll: 100% (1/1)
Event_Detail_EditController: 0% (0/17) below 75%
PledgeIframeController: 53% (34/64) below 75%
fflib_MethodReturnValueRecorder: 100% (23/23)
TeamRaiserProgressWidgetController: 85% (163/190)
BatchAll: 100% (14/14)
DonationContactRolesController: 71% (123/171) below 75%
IncomingRedirectControllerTest: 100% (3/3)
RecurringGiftBalanceCorrectionScheduler: 0% (0/25) below 75%
SObjectUtils: 100% (56/56)
RelatedAddressRestoreControllerExt: 100% (6/6)
ContactGiftSummaryBatch: 0% (0/10) below 75%
BatchCommitBatch: 87% (446/510)
RecurringGiftCommitmentUtils: 82% (71/86)
ConvioCalendarEventApiResponse: 0% (0/28) below 75%
TeamRaiserGiftComValidator: 94% (34/36)
UniversalContactEmplSubdomainProcessor: 100% (11/11)
OnlineMessageHandler: 0% (0/5) below 75%
UniversalDmlHolder: 69% (37/53) below 75%
GiftAssetInsertUpdateTrigger: 100% (4/4)
AbstractCapturePaymentHandler: 0% (0/72) below 75%
Constants: 100% (7/7)
EffortSegmentAll: 100% (16/16)
BusPledgeQueryProcessor: 84% (21/25)
ConvioCrudApiResponseDetail: 83% (25/30)
AbstractOnlineDeleteController: 68% (59/86) below 75%
UniversalCenterMember: 30% (26/84) below 75%
ContactSegmentMembershipController: 92% (37/40)
ContactDupeCheckController: 0% (0/64) below 75%
TeamRaiser_Registration_Service: 94% (50/53)
RemediationInstallTask: 0% (0/24) below 75%
MailMergeUtils: 97% (74/76)
SegmentDeleteMembers: 84% (44/52)
BusRecurringGiftQueryProcessor: 94% (32/34)
RecurringGiftUtils: 94% (435/458)
TeamRaiserRegistrationAutoPopulateName: 100% (17/17)
UniversalEcommerceOrder: 93% (162/173)
TeamRaiserTeamAll: 100% (9/9)
GivingSummaryCalculator: 98% (180/182)
CurrencyFormatter: 71% (380/535) below 75%
RecurringGiftServiceCenterController: 0% (0/26) below 75%
RecurringGiftRecurrenceBatch: 55% (66/118) below 75%
VolunteerShiftUtils: 100% (166/166)
SegmentMemberUploadController: 0% (0/13) below 75%
AccountGiftSummaryBatch: 0% (0/8) below 75%
LastGivingSummaryRecalcControllerExt: 0% (0/15) below 75%
RecalcAccountLastGivingSummaryController: 0% (0/15) below 75%
TwoNumbersSummaryBoxController: 0% (0/10) below 75%
AccountAddrStandardizationBatch: 0% (0/14) below 75%
BatchWidgetControllerExt: 0% (0/84) below 75%
BusCenterMemberProcessor: 6% (13/210) below 75%
PledgeIFrameTestUtils: 94% (47/50)
ScontrolUpgrades: 8% (7/83) below 75%
UniversalTransientDeserializeException: 0% (0/2) below 75%
ContactSelectRecordTypeController: 0% (0/12) below 75%
CriteriaEvaluatorEvent: 90% (19/21)
SegmentBuilderControllerExt: 77% (1014/1310)
EventInvitationManagerController: 95% (216/226)
PaginatingController: 87% (49/56)
UniversalPfFund: 92% (140/152)
ConvioTeamRaiserCampaignSyncApi: 0% (0/12) below 75%
BusContactQueryProcessor: 92% (51/55)
CampaignFundsWidgetController: 0% (0/53) below 75%
TributeNextOfKinCreate: 100% (1/1)
BatchDefaultEntryHandler: 85% (41/48)
VolunteerJobShiftDelete: 100% (1/1)
DirectResponseUtils: 93% (154/164)
ReversalUtils: 89% (124/138)
TeamRaiserRegistrationHelpers: 42% (3/7) below 75%
ConvioNormalizationApi: 87% (258/294)
AddressCorrection: 78% (239/303)
ApiGatedEditController: 100% (19/19)
fflib_ApexMocks: 98% (59/60)
OpportunityUtils: 95% (1092/1140)
RecurringGiftMigrationInstallHandler: 81% (123/151)
ConvioCalendarSyncApi: 0% (0/17) below 75%
CreateCommitmentsController: 0% (0/9) below 75%
DoNotDoCheck: 0% (0/77) below 75%
PackageUtils: 0% (0/41) below 75%
fflib_IDGenerator: 100% (6/6)
BusRecurringPledgeTestMessageBuilder: 81% (94/115)
HouseholdCopyAddressControllerExt: 81% (31/38)
TeamRaiserRegistrationComValidator: 94% (113/119)
ContactInteractionsController: 95% (178/186)
CriteriaEvaluatorCampaignMember: 95% (19/20)
BatchTemplateCloneController: 75% (22/29)
ConvioAPI: 85% (139/163)
BillingAddress: 100% (33/33)
ContactGivingSummaryRecalcScheduler: 0% (0/2) below 75%
AccountUtils: 91% (548/598)
DonationCreationButtonFromRGController: 94% (36/38)
EventAttendeeCreate: 100% (1/1)
VolunteerJobShiftContactControllerExt: 94% (74/78)
RecurringGiftRemediationBatchable: 92% (105/113)
CaptureDonationApi: 90% (75/83)
DonationAPI: 0% (0/18) below 75%
fflib_MyList: 0% (0/9) below 75%
MobileUpgrades: 6% (4/64) below 75%
]]></system-out>
  <system-out />
  <system-err />
</testsuite>
